Slope X Sigma: 0.00033
----------------------------------
Tungsten # 0

Total Size: 9824, Non-Proton Size: 7

Segment Vector Size -- Upstream: 9824, Downstream: 281572
Track Vector Size -- Upstream: 9824, Downstream: 9801

Average Distance Square: 0
--------------------------------------------------------------------
Tungsten # 1

Total Size: 46767, Non-Proton Size: 447

Segment Vector Size -- Upstream: 46767, Downstream: 277415
Track Vector Size -- Upstream: 9812, Downstream: 9696

Average Distance Square: 10.3491
--------------------------------------------------------------------
Tungsten # 2

Total Size: 46392, Non-Proton Size: 1073

Segment Vector Size -- Upstream: 46392, Downstream: 275013
Track Vector Size -- Upstream: 9744, Downstream: 9667

Average Distance Square: 46.8458
--------------------------------------------------------------------TTungsten # 3

Total Size: 45717, Non-Proton Size: 1555

Segment Vector Size -- Upstream: 45717, Downstream: 269765
Track Vector Size -- Upstream: 9659, Downstream: 9538

Average Distance Square: 91.9133
--------------------------------------------------------------------TTungsten # 4

Total Size: 44755, Non-Proton Size: 2007

Segment Vector Size -- Upstream: 44755, Downstream: 263773
Track Vector Size -- Upstream: 9488, Downstream: 9384

Average Distance Square: 137.115
--------------------------------------------------------------------TTungsten # 5

Total Size: 43804, Non-Proton Size: 2384

Segment Vector Size -- Upstream: 43804, Downstream: 257063
Track Vector Size -- Upstream: 9324, Downstream: 9214

Average Distance Square: 198.869
--------------------------------------------------------------------TTungsten # 6

Total Size: 42627, Non-Proton Size: 2884

Segment Vector Size -- Upstream: 42627, Downstream: 249982
Track Vector Size -- Upstream: 9164, Downstream: 9029

Average Distance Square: 236.658
--------------------------------------------------------------------TTungsten # 7

Total Size: 41484, Non-Proton Size: 3271

Segment Vector Size -- Upstream: 41484, Downstream: 258689
Track Vector Size -- Upstream: 8925, Downstream: 8788

Average Distance Square: 281.693
--------------------------------------------------------------------Tungsten # 8

Total Size: 0, Non-Proton Size: 0

Segment Vector Size -- Upstream: 258383, Downstream: 257079
Track Vector Size -- Upstream: 8772, Downstream: 8678

Average Distance Square: -nan
--------------------------------------------------------------------
Tungsten # 9

Total Size: 0, Non-Proton Size: 0

Segment Vector Size -- Upstream: 257079, Downstream: 251649
Track Vector Size -- Upstream: 8678, Downstream: 8530

Average Distance Square: -nan
--------------------------------------------------------------------


