Slope X Sigma: 0.00033
----------------------------------
Tungsten # 0

Total Size: 9826, Non-Proton Size: 7

Segment Vector Size -- Upstream: 9826, Downstream: 281116
Track Vector Size -- Upstream: 9826, Downstream: 9803

Average Distance Square: 0
--------------------------------------------------------------------
Tungsten # 1

Total Size: 46817, Non-Proton Size: 491

Segment Vector Size -- Upstream: 46817, Downstream: 278017
Track Vector Size -- Upstream: 9853, Downstream: 9730

Average Distance Square: 11.2051
--------------------------------------------------------------------TTungsten # 2

Total Size: 45984, Non-Proton Size: 1133

Segment Vector Size -- Upstream: 45984, Downstream: 272733
Track Vector Size -- Upstream: 9677, Downstream: 9587

Average Distance Square: 55.8415
-------------------------------------------------------------------TuTungsten # 3

Total Size: 45364, Non-Proton Size: 1629

Segment Vector Size -- Upstream: 45364, Downstream: 267724
Track Vector Size -- Upstream: 9565, Downstream: 9461

Average Distance Square: 106.15
--------------------------------------------------------------------TTungsten # 4

Total Size: 44426, Non-Proton Size: 2075

Segment Vector Size -- Upstream: 44426, Downstream: 261679
Track Vector Size -- Upstream: 9434, Downstream: 9327

Average Distance Square: 154.709
--------------------------------------------------------------------TTungsten # 5

Total Size: 43395, Non-Proton Size: 2522

Segment Vector Size -- Upstream: 43395, Downstream: 254806
Track Vector Size -- Upstream: 9261, Downstream: 9144

Average Distance Square: 216.405
--------------------------------------------------------------------TTungsten # 6

Total Size: 42254, Non-Proton Size: 2895

Segment Vector Size -- Upstream: 42254, Downstream: 247593
Track Vector Size -- Upstream: 9055, Downstream: 8964

Average Distance Square: 265.017
-------------------------------------------------------------------TuTungsten # 7

Total Size: 41022, Non-Proton Size: 3325

Segment Vector Size -- Upstream: 41022, Downstream: 257025
Track Vector Size -- Upstream: 8858, Downstream: 8737

Average Distance Square: 300.554
-------------------------------------------------------------------TuTungsten # 8

Total Size: 0, Non-Proton Size: 0

Segment Vector Size -- Upstream: 257025, Downstream: 255630
Track Vector Size -- Upstream: 8737, Downstream: 8637

Average Distance Square: -nan
-------------------------------------------------------------------TuTungsten # 9

Total Size: 0, Non-Proton Size: 0

Segment Vector Size -- Upstream: 255630, Downstream: 248886
Track Vector Size -- Upstream: 8637, Downstream: 8470

Average Distance Square: -nan
--------------------------------------------------------------------

