Slope X Sigma: 0.00042
----------------------------------
Tungsten # 0

Total Size: 0, Non-Proton Size: 0

Segment Vector Size -- Upstream: 8251, Downstream: 240922
Track Vector Size -- Upstream: 8251, Downstream: 8211

Average Distance Square: -nan
-------------------------------------------------------Tungsten # 1
TTungsten # 1

Total Size: 39934, Non-Proton Size: 39934

Segment Vector Size -- Upstream: 39934, Downstream: 235164
Track Vector Size -- Upstream: 8151, Downstream: 8058

Average Distance Square: 27528.4
--------------------------------------------------------------------
Tungsten # 2

Total Size: 39362, Non-Proton Size: 39362

Segment Vector Size -- Upstream: 39362, Downstream: 229821
Track Vector Size -- Upstream: 8052, Downstream: 7937

Average Distance Square: 24353.6
-------------------------------------------------------------------TuTungsten # 3

Total Size: 38614, Non-Proton Size: 38614

Segment Vector Size -- Upstream: 38614, Downstream: 223519
Track Vector Size -- Upstream: 7903, Downstream: 7772

Average Distance Square: 24068.3
-------------------------------------------------------------------TuTungsten # 4

Total Size: 37494, Non-Proton Size: 37494

Segment Vector Size -- Upstream: 37494, Downstream: 216469
Track Vector Size -- Upstream: 7727, Downstream: 7588

Average Distance Square: 25235.5
-------------------------------------------------------------------TuTungsten # 5

Total Size: 36177, Non-Proton Size: 36177

Segment Vector Size -- Upstream: 36177, Downstream: 209241
Track Vector Size -- Upstream: 7554, Downstream: 7402

Average Distance Square: 16003.9
-------------------------------------------------------------------TuTungsten # 6

Total Size: 35185, Non-Proton Size: 35185

Segment Vector Size -- Upstream: 35185, Downstream: 198984
Track Vector Size -- Upstream: 7332, Downstream: 7143

Average Distance Square: 15870.3
-------------------------------------------------------------------TuTungsten # 7

Total Size: 33571, Non-Proton Size: 33571

Segment Vector Size -- Upstream: 33571, Downstream: 186140
Track Vector Size -- Upstream: 7046, Downstream: 6852

Average Distance Square: 12270.1
--------------------------------------------------------------------
Tungsten # 8

Total Size: 0, Non-Proton Size: 0

Segment Vector Size -- Upstream: 186140, Downstream: 180261
Track Vector Size -- Upstream: 6852, Downstream: 6429

Average Distance Square: -nan
--------------------------------------------------------------------
Tungsten # 9

Total Size: 0, Non-Proton Size: 0

Segment Vector Size -- Upstream: 180261, Downstream: 79815
Track Vector Size -- Upstream: 6429, Downstream: 2710

Average Distance Square: -nan
--------------------------------------------------------------------
