Slope X Sigma: 0.00033
----------------------------------
Tungsten # 0

Total Size: 9502, Non-Proton Size: 13

Segment Vector Size -- Upstream: 9502, Downstream: 272511
Track Vector Size -- Upstream: 9502, Downstream: 9474

Average Distance Square: 0
--------------------------------------------------------------------Tungsten # 1

Total Size: 47195, Non-Proton Size: 528

Segment Vector Size -- Upstream: 47195, Downstream: 279711
Track Vector Size -- Upstream: 9865, Downstream: 9771

Average Distance Square: 13.2111
--------------------------------------------------------------------Tungsten # 2

Total Size: 46139, Non-Proton Size: 1063

Segment Vector Size -- Upstream: 46139, Downstream: 272775
Track Vector Size -- Upstream: 9724, Downstream: 9606

Average Distance Square: 57.2903
--------------------------------------------------------------------TTungsten # 3

Total Size: 45265, Non-Proton Size: 1655

Segment Vector Size -- Upstream: 45265, Downstream: 267219
Track Vector Size -- Upstream: 9577, Downstream: 9469

Average Distance Square: 116.126
--------------------------------------------------------------------TTungsten # 4

Total Size: 44436, Non-Proton Size: 2065

Segment Vector Size -- Upstream: 44436, Downstream: 261233
Track Vector Size -- Upstream: 9431, Downstream: 9324

Average Distance Square: 172.257
--------------------------------------------------------------------TTungsten # 5

Total Size: 43442, Non-Proton Size: 2422

Segment Vector Size -- Upstream: 43442, Downstream: 254396
Track Vector Size -- Upstream: 9255, Downstream: 9130

Average Distance Square: 210.081
--------------------------------------------------------------------TTungsten # 6

Total Size: 42240, Non-Proton Size: 2843

Segment Vector Size -- Upstream: 42240, Downstream: 247234
Track Vector Size -- Upstream: 9071, Downstream: 8940

Average Distance Square: 251.676
--------------------------------------------------------------------TTungsten # 7

Total Size: 41004, Non-Proton Size: 3221

Segment Vector Size -- Upstream: 41004, Downstream: 256181
Track Vector Size -- Upstream: 8825, Downstream: 8709

Average Distance Square: 312.487
--------------------------------------------------------------------TTungsten # 8

Total Size: 0, Non-Proton Size: 0

Segment Vector Size -- Upstream: 256181, Downstream: 254611
Track Vector Size -- Upstream: 8709, Downstream: 8593

Average Distance Square: -nan
--------------------------------------------------------------------TTungsten # 9

Total Size: 0, Non-Proton Size: 0

Segment Vector Size -- Upstream: 254611, Downstream: 248709
Track Vector Size -- Upstream: 8593, Downstream: 8446

Average Distance Square: -nan
--------------------------------------------------------------------
