Slope X Sigma: 0.00033
----------------------------------
Tungsten # 0

Total Size: 9826, Non-Proton Size: 6

Segment Vector Size -- Upstream: 9826, Downstream: 281075
Track Vector Size -- Upstream: 9826, Downstream: 9799

Average Distance Square: 0
--------------------------------------------------------------------
TTungsten # 1

Total Size: 46943, Non-Proton Size: 474

Segment Vector Size -- Upstream: 46943, Downstream: 278247
Track Vector Size -- Upstream: 9835, Downstream: 9729

Average Distance Square: 9.96581
--------------------------------------------------------------------TTungsten # 2

Total Size: 46298, Non-Proton Size: 961

Segment Vector Size -- Upstream: 46298, Downstream: 274217
Track Vector Size -- Upstream: 9721, Downstream: 9616

Average Distance Square: 45.1833
--------------------------------------------------------------------TTungsten # 3

Total Size: 45635, Non-Proton Size: 1438

Segment Vector Size -- Upstream: 45635, Downstream: 268660
Track Vector Size -- Upstream: 9596, Downstream: 9495

Average Distance Square: 91.859
--------------------------------------------------------------------TTungsten # 4

Total Size: 44700, Non-Proton Size: 1814

Segment Vector Size -- Upstream: 44700, Downstream: 263253
Track Vector Size -- Upstream: 9456, Downstream: 9364

Average Distance Square: 123.562
--------------------------------------------------------------------TTTungsten # 5

Total Size: 43983, Non-Proton Size: 2586

Segment Vector Size -- Upstream: 43983, Downstream: 257312
Track Vector Size -- Upstream: 9354, Downstream: 9224

Average Distance Square: 192.577
-------------------------------------------------------------------TuTungsten # 6

Total Size: 42643, Non-Proton Size: 3035

Segment Vector Size -- Upstream: 42643, Downstream: 249922
Track Vector Size -- Upstream: 9171, Downstream: 9050

Average Distance Square: 229.21
--------------------------------------------------------------------TTungsten # 7

Total Size: 41554, Non-Proton Size: 3485

Segment Vector Size -- Upstream: 41554, Downstream: 259435
Track Vector Size -- Upstream: 8958, Downstream: 8823

Average Distance Square: 282.751
--------------------------------------------------------------------
Tungsten # 8

Total Size: 0, Non-Proton Size: 0

Segment Vector Size -- Upstream: 259435, Downstream: 257740
Track Vector Size -- Upstream: 8823, Downstream: 8702

Average Distance Square: -nan
--------------------------------------------------------------------
Tungsten # 9

Total Size: 0, Non-Proton Size: 0

Segment Vector Size -- Upstream: 257740, Downstream: 251103
Track Vector Size -- Upstream: 8702, Downstream: 8528

Average Distance Square: -nan
--------------------------------------------------------------------

