Slope X Sigma: 0.00042
----------------------------------
Tungsten # 0

Total Size: 0, Non-Proton Size: 0

Segment Vector Size -- Upstream: 6963, Downstream: 205015
Track Vector Size -- Upstream: 6963, Downstream: 6941

Average Distance Square: -nan
--------------------------------------------------------------------
Tungsten # 1

Total Size: 34150, Non-Proton Size: 34150

Segment Vector Size -- Upstream: 34150, Downstream: 201906
Track Vector Size -- Upstream: 6920, Downstream: 6868

Average Distance Square: 15203.9
-------------------------------------------------------------------Tungsten # 2

Total Size: 32536, Non-Proton Size: 32536

Segment Vector Size -- Upstream: 32536, Downstream: 192484
Track Vector Size -- Upstream: 6645, Downstream: 6570

Average Distance Square: 18202.3
--------------------------------------------------------------------
Tungsten # 3

Total Size: 32202, Non-Proton Size: 32202

Segment Vector Size -- Upstream: 32202, Downstream: 188908
Track Vector Size -- Upstream: 6570, Downstream: 6483

Average Distance Square: 18042.8
--------------------------------------------------------------------
TuTungsten # 4

Total Size: 32272, Non-Proton Size: 32272

Segment Vector Size -- Upstream: 32272, Downstream: 189491
Track Vector Size -- Upstream: 6609, Downstream: 6525

Average Distance Square: 21968.1
-------------------------------------------------------------------TuTungsten # 5

Total Size: 31862, Non-Proton Size: 31862

Segment Vector Size -- Upstream: 31862, Downstream: 185824
Track Vector Size -- Upstream: 6545, Downstream: 6438

Average Distance Square: 18466.3
-------------------------------------------------------------------TuTungsten # 6

Total Size: 31108, Non-Proton Size: 31108

Segment Vector Size -- Upstream: 31108, Downstream: 179081
Track Vector Size -- Upstream: 6416, Downstream: 6297

Average Distance Square: 19145.4
-------------------------------------------------------------------TuTungsten # 7

Total Size: 30012, Non-Proton Size: 30012

Segment Vector Size -- Upstream: 30012, Downstream: 169698
Track Vector Size -- Upstream: 6279, Downstream: 6097

Average Distance Square: 19001.4
-------------------------------------------------------------------Tungsten # 8

Total Size: 0, Non-Proton Size: 0

Segment Vector Size -- Upstream: 166761, Downstream: 162807
Track Vector Size -- Upstream: 5955, Downstream: 5672

Average Distance Square: -nan
--------------------------------------------------------------------TTungsten # 9

Total Size: 0, Non-Proton Size: 0

Segment Vector Size -- Upstream: 162807, Downstream: 82744
Track Vector Size -- Upstream: 5672, Downstream: 2762

Average Distance Square: -nan
--------------------------------------------------------------------
-
