Slope X Sigma: 0.00042
----------------------------------
Tungsten # 0

Total Size: 0, Non-Proton Size: 0

Segment Vector Size -- Upstream: 8598, Downstream: 251547
Track Vector Size -- Upstream: 8598, Downstream: 8566

Average Distance Square: -nan
--------------------------------------------------------------------
Tungsten # 1

Total Size: 41813, Non-Proton Size: 41813

Segment Vector Size -- Upstream: 41813, Downstream: 246616
Track Vector Size -- Upstream: 8546, Downstream: 8426

Average Distance Square: 24731.5
--------------------------------------------------------------------
Tungsten # 2

Total Size: 41114, Non-Proton Size: 41114

Segment Vector Size -- Upstream: 41114, Downstream: 240980
Track Vector Size -- Upstream: 8414, Downstream: 8293

Average Distance Square: 26539
--------------------------------------------------------------------
Tungsten # 3

Total Size: 40289, Non-Proton Size: 40289

Segment Vector Size -- Upstream: 40289, Downstream: 234439
Track Vector Size -- Upstream: 8266, Downstream: 8141

Average Distance Square: 24360.7
--------------------------------------------------------------------
Tungsten # 4

Total Size: 39016, Non-Proton Size: 39016

Segment Vector Size -- Upstream: 39016, Downstream: 227633
Track Vector Size -- Upstream: 8115, Downstream: 7966

Average Distance Square: 19951.4
--------------------------------------------------------------------
Tungsten # 5

Total Size: 38225, Non-Proton Size: 38225

Segment Vector Size -- Upstream: 38225, Downstream: 220533
Track Vector Size -- Upstream: 7925, Downstream: 7768

Average Distance Square: 20673.1
--------------------------------------------------------------------
Tungsten # 6

Total Size: 37134, Non-Proton Size: 37134

Segment Vector Size -- Upstream: 37134, Downstream: 211282
Track Vector Size -- Upstream: 7713, Downstream: 7524

Average Distance Square: 21233.8
--------------------------------------------------------------------
Tungsten # 7

Total Size: 35723, Non-Proton Size: 35723

Segment Vector Size -- Upstream: 35723, Downstream: 198245
Track Vector Size -- Upstream: 7498, Downstream: 7213

Average Distance Square: 26198.2
--------------------------------------------------------------------
Tungsten # 8

Total Size: 0, Non-Proton Size: 0

Segment Vector Size -- Upstream: 198245, Downstream: 192535
Track Vector Size -- Upstream: 7213, Downstream: 6803

Average Distance Square: -nan
--------------------------------------------------------------------
Tungsten # 9

Total Size: 0, Non-Proton Size: 0

Segment Vector Size -- Upstream: 192535, Downstream: 73048
Track Vector Size -- Upstream: 6803, Downstream: 2438

Average Distance Square: -nan
--------------------------------------------------------------------
-
