Slope X Sigma: 0.00033
----------------------------------
Tungsten # 0

Total Size: 9924, Non-Proton Size: 9

Segment Vector Size -- Upstream: 9924, Downstream: 284293
Track Vector Size -- Upstream: 9924, Downstream: 9902

Average Distance Square: 0
--------------------------------------------------------------------
Tungsten # 1

Total Size: 46417, Non-Proton Size: 476

Segment Vector Size -- Upstream: 46417, Downstream: 275481
Track Vector Size -- Upstream: 9758, Downstream: 9636

Average Distance Square: 8.96592
--------------------------------------------------------------------
Tungsten # 2

Total Size: 45916, Non-Proton Size: 937

Segment Vector Size -- Upstream: 45916, Downstream: 272165
Track Vector Size -- Upstream: 9682, Downstream: 9564

Average Distance Square: 40.4073
--------------------------------------------------------------------
Tungsten # 3

Total Size: 45454, Non-Proton Size: 1388

Segment Vector Size -- Upstream: 45454, Downstream: 268213
Track Vector Size -- Upstream: 9572, Downstream: 9471

Average Distance Square: 89.0221
--------------------------------------------------------------------
Tungsten # 4

Total Size: 44993, Non-Proton Size: 2015

Segment Vector Size -- Upstream: 44993, Downstream: 265363
Track Vector Size -- Upstream: 9532, Downstream: 9451

Average Distance Square: 151.034
--------------------------------------------------------------------
Tungsten # 5

Total Size: 44112, Non-Proton Size: 2429

Segment Vector Size -- Upstream: 44112, Downstream: 258954
Track Vector Size -- Upstream: 9387, Downstream: 9280

Average Distance Square: 209.027
--------------------------------------------------------------------
Tungsten # 6

Total Size: 42392, Non-Proton Size: 2902

Segment Vector Size -- Upstream: 42392, Downstream: 247781
Track Vector Size -- Upstream: 9065, Downstream: 8973

Average Distance Square: 251.589
--------------------------------------------------------------------
Tungsten # 7

Total Size: 40407, Non-Proton Size: 3068

Segment Vector Size -- Upstream: 40407, Downstream: 253203
Track Vector Size -- Upstream: 8716, Downstream: 8599

Average Distance Square: 281.282
--------------------------------------------------------------------
Tungsten # 8

Total Size: 0, Non-Proton Size: 0

Segment Vector Size -- Upstream: 253203, Downstream: 251801
Track Vector Size -- Upstream: 8599, Downstream: 8501

Average Distance Square: -nan
--------------------------------------------------------------------
Tungsten # 9

Total Size: 0, Non-Proton Size: 0

Segment Vector Size -- Upstream: 251801, Downstream: 245677
Track Vector Size -- Upstream: 8501, Downstream: 8342

Average Distance Square: -nan
--------------------------------------------------------------------
