Slope X Sigma: 0.00033
----------------------------------
Tungsten # 0

Total Size: 9869, Non-Proton Size: 3

Segment Vector Size -- Upstream: 9869, Downstream: 283424
Track Vector Size -- Upstream: 9869, Downstream: 9848

Average Distance Square: 0
--------------------------------------------------------------------
Tungsten # 1

Total Size: 47093, Non-Proton Size: 447

Segment Vector Size -- Upstream: 47093, Downstream: 280002
Track Vector Size -- Upstream: 9880, Downstream: 9768

Average Distance Square: 8.8205
--------------------------------------------------------------------
TTungsten # 2

Total Size: 46558, Non-Proton Size: 865

Segment Vector Size -- Upstream: 46558, Downstream: 275713
Track Vector Size -- Upstream: 9792, Downstream: 9660

Average Distance Square: 36.4737
--------------------------------------------------------------------TTungsten # 3

Total Size: 45807, Non-Proton Size: 1265

Segment Vector Size -- Upstream: 45807, Downstream: 271918
Track Vector Size -- Upstream: 9668, Downstream: 9564

Average Distance Square: 76.2387
-------------------------------------------------------------------TuTungsten # 4

Total Size: 45145, Non-Proton Size: 1723

Segment Vector Size -- Upstream: 45145, Downstream: 266421
Track Vector Size -- Upstream: 9543, Downstream: 9437

Average Distance Square: 117.556
-----------------------------------------------------------------TunTTungsten # 5

Total Size: 44344, Non-Proton Size: 2114

Segment Vector Size -- Upstream: 44344, Downstream: 261264
Track Vector Size -- Upstream: 9401, Downstream: 9308

Average Distance Square: 167.088
-----------------------------------------------------------------TunTTungsten # 6

Total Size: 43420, Non-Proton Size: 2426

Segment Vector Size -- Upstream: 43420, Downstream: 254263
Track Vector Size -- Upstream: 9236, Downstream: 9132

Average Distance Square: 202.898
-----------------------------------------------------------------TunTTungsten # 7

Total Size: 42099, Non-Proton Size: 2896

Segment Vector Size -- Upstream: 42099, Downstream: 262864
Track Vector Size -- Upstream: 9037, Downstream: 8909

Average Distance Square: 252.602
-----------------------------------------------------------------TuTuTungsten # 8

Total Size: 0, Non-Proton Size: 0

Segment Vector Size -- Upstream: 262864, Downstream: 261607
Track Vector Size -- Upstream: 8909, Downstream: 8813

Average Distance Square: -nan
-----------------------------------------------------------------TuTuTungsten # 9

Total Size: 0, Non-Proton Size: 0

Segment Vector Size -- Upstream: 261607, Downstream: 256298
Track Vector Size -- Upstream: 8813, Downstream: 8666

Average Distance Square: -nan
--------------------------------------------------------------------
