Slope X Sigma: 0.00033
----------------------------------
Tungsten # 0

Total Size: 9754, Non-Proton Size: 3

Segment Vector Size -- Upstream: 9754, Downstream: 279245
Track Vector Size -- Upstream: 9754, Downstream: 9731

Average Distance Square: 0
--------------------------------------------------------------------
TTungsten # 1

Total Size: 46849, Non-Proton Size: 481

Segment Vector Size -- Upstream: 46849, Downstream: 277732
Track Vector Size -- Upstream: 9840, Downstream: 9718

Average Distance Square: 12.2029
--------------------------------------------------------------------Tungsten # 2

Total Size: 46081, Non-Proton Size: 932

Segment Vector Size -- Upstream: 46081, Downstream: 273516
Track Vector Size -- Upstream: 9692, Downstream: 9589

Average Distance Square: 54.1092
--------------------------------------------------------------------
TTungsten # 3

Total Size: 45035, Non-Proton Size: 1582

Segment Vector Size -- Upstream: 45035, Downstream: 266273
Track Vector Size -- Upstream: 9525, Downstream: 9404

Average Distance Square: 93.0181
-------------------------------------------------------------------Tungsten # 4

Total Size: 44652, Non-Proton Size: 1899

Segment Vector Size -- Upstream: 44652, Downstream: 263494
Track Vector Size -- Upstream: 9460, Downstream: 9360

Average Distance Square: 142.178
--------------------------------------------------------------------
Tungsten # 5

Total Size: 43903, Non-Proton Size: 2428

Segment Vector Size -- Upstream: 43903, Downstream: 257940
Track Vector Size -- Upstream: 9318, Downstream: 9237

Average Distance Square: 191.951
--------------------------------------------------------------------
TTungsten # 6

Total Size: 42488, Non-Proton Size: 2757

Segment Vector Size -- Upstream: 42488, Downstream: 249051
Track Vector Size -- Upstream: 9089, Downstream: 8970

Average Distance Square: 234.967
--------------------------------------------------------------------Tungsten # 7

Total Size: 41302, Non-Proton Size: 3061

Segment Vector Size -- Upstream: 41302, Downstream: 258634
Track Vector Size -- Upstream: 8910, Downstream: 8791

Average Distance Square: 293.606
--------------------------------------------------------------------
TTTungsten # 8

Total Size: 0, Non-Proton Size: 0

Segment Vector Size -- Upstream: 256402, Downstream: 254924
Track Vector Size -- Upstream: 8707, Downstream: 8599

Average Distance Square: -nan
-------------------------------------------------------------------TuTungsten # 9

Total Size: 0, Non-Proton Size: 0

Segment Vector Size -- Upstream: 254924, Downstream: 249345
Track Vector Size -- Upstream: 8599, Downstream: 8440

Average Distance Square: -nan
--------------------------------------------------------------------
