Slope X Sigma: 0.00033
----------------------------------
Tungsten # 0

Total Size: 9856, Non-Proton Size: 4

Segment Vector Size -- Upstream: 9856, Downstream: 282359
Track Vector Size -- Upstream: 9856, Downstream: 9835

Average Distance Square: 0
--------------------------------------------------------------------
Tungsten # 1

Total Size: 46455, Non-Proton Size: 505

Segment Vector Size -- Upstream: 46455, Downstream: 275450
Track Vector Size -- Upstream: 9748, Downstream: 9642

Average Distance Square: 11.82
--------------------------------------------------------------------
TuTungsten # 2

Total Size: 46194, Non-Proton Size: 1063

Segment Vector Size -- Upstream: 46194, Downstream: 273210
Track Vector Size -- Upstream: 9717, Downstream: 9605

Average Distance Square: 53.129
-------------------------------------------------------------------TuTungsten # 3

Total Size: 45429, Non-Proton Size: 1541

Segment Vector Size -- Upstream: 45429, Downstream: 268273
Track Vector Size -- Upstream: 9576, Downstream: 9478

Average Distance Square: 106.386
-------------------------------------------------------------------Tungsten # 4

Total Size: 44212, Non-Proton Size: 1783

Segment Vector Size -- Upstream: 44212, Downstream: 260308
Track Vector Size -- Upstream: 9360, Downstream: 9270

Average Distance Square: 120.503
--------------------------------------------------------------------
Tungsten # 5

Total Size: 43314, Non-Proton Size: 2297

Segment Vector Size -- Upstream: 43314, Downstream: 254187
Track Vector Size -- Upstream: 9212, Downstream: 9098

Average Distance Square: 184.634
--------------------------------------------------------------------
TuTungsten # 6

Total Size: 42586, Non-Proton Size: 2857

Segment Vector Size -- Upstream: 42586, Downstream: 249532
Track Vector Size -- Upstream: 9132, Downstream: 9027

Average Distance Square: 242.338
-------------------------------------------------------------------TuTungsten # 7

Total Size: 41423, Non-Proton Size: 3305

Segment Vector Size -- Upstream: 41423, Downstream: 258946
Track Vector Size -- Upstream: 8911, Downstream: 8799

Average Distance Square: 289.893
------------------------------------------------------------------TunTungsten # 8

Total Size: 0, Non-Proton Size: 0

Segment Vector Size -- Upstream: 258946, Downstream: 257373
Track Vector Size -- Upstream: 8799, Downstream: 8687

Average Distance Square: -nan
------------------------------------------------------------------Tungsten # 9

Total Size: 0, Non-Proton Size: 0

Segment Vector Size -- Upstream: 254520, Downstream: 248712
Track Vector Size -- Upstream: 8593, Downstream: 8449

Average Distance Square: -nan
--------------------------------------------------------------------

-

