Slope X Sigma: 0.00042
----------------------------------
Tungsten # 0

Total Size: 0, Non-Proton Size: 0

Segment Vector Size -- Upstream: 7060, Downstream: 208064
Track Vector Size -- Upstream: 7060, Downstream: 7037

Average Distance Square: -nan
--------------------------------------------------------------------
Tungsten # 1

Total Size: 34557, Non-Proton Size: 34557

Segment Vector Size -- Upstream: 34557, Downstream: 204969
Track Vector Size -- Upstream: 7022, Downstream: 6961

Average Distance Square: 17164.5
-------------------------------------------------------------------TuTungsten # 2

Total Size: 34167, Non-Proton Size: 34167

Segment Vector Size -- Upstream: 34167, Downstream: 201518
Track Vector Size -- Upstream: 6944, Downstream: 6880

Average Distance Square: 19583.7
-------------------------------------------------------------------TuTungsten # 3

Total Size: 33586, Non-Proton Size: 33586

Segment Vector Size -- Upstream: 33586, Downstream: 196546
Track Vector Size -- Upstream: 6866, Downstream: 6773

Average Distance Square: 18891.4
-------------------------------------------------------------------TuTungsten # 4

Total Size: 32902, Non-Proton Size: 32902

Segment Vector Size -- Upstream: 32902, Downstream: 192182
Track Vector Size -- Upstream: 6755, Downstream: 6658

Average Distance Square: 20190.9
-------------------------------------------------------------------TuTungsten # 5

Total Size: 32236, Non-Proton Size: 32236

Segment Vector Size -- Upstream: 32236, Downstream: 187309
Track Vector Size -- Upstream: 6649, Downstream: 6520

Average Distance Square: 17328.1
-------------------------------------------------------------------TuTungsten # 6

Total Size: 31522, Non-Proton Size: 31522

Segment Vector Size -- Upstream: 31522, Downstream: 180716
Track Vector Size -- Upstream: 6506, Downstream: 6371

Average Distance Square: 20398.4
-----------------------------------------------------------------TuTuTungsten # 7

Total Size: 30316, Non-Proton Size: 30316

Segment Vector Size -- Upstream: 30316, Downstream: 171065
Track Vector Size -- Upstream: 6318, Downstream: 6144

Average Distance Square: 23889.5
-------------------------------------------------------------------TuTungsten # 8

Total Size: 0, Non-Proton Size: 0

Segment Vector Size -- Upstream: 171065, Downstream: 166505
Track Vector Size -- Upstream: 6144, Downstream: 5828

Average Distance Square: -nan
-------------------------------------------------------------------TuTungsten # 9

Total Size: 0, Non-Proton Size: 0

Segment Vector Size -- Upstream: 166505, Downstream: 80489
Track Vector Size -- Upstream: 5828, Downstream: 2686

Average Distance Square: -nan
--------------------------------------------------------------------
