Slope X Sigma: 0.00033
----------------------------------
Tungsten # 0

Total Size: 9838, Non-Proton Size: 5

Segment Vector Size -- Upstream: 9838, Downstream: 282160
Track Vector Size -- Upstream: 9838, Downstream: 9821

Average Distance Square: 0
--------------------------------------------------------------------
Tungsten # 1

Total Size: 46943, Non-Proton Size: 462

Segment Vector Size -- Upstream: 46943, Downstream: 278197
Track Vector Size -- Upstream: 9836, Downstream: 9733

Average Distance Square: 10.2428
--------------------------------------------------------------------TTungsten # 2

Total Size: 46253, Non-Proton Size: 1017

Segment Vector Size -- Upstream: 46253, Downstream: 274037
Track Vector Size -- Upstream: 9737, Downstream: 9614

Average Distance Square: 51.4794
-------------------------------------------------------------------TTungsten # 3

Total Size: 45485, Non-Proton Size: 1342

Segment Vector Size -- Upstream: 45485, Downstream: 269016
Track Vector Size -- Upstream: 9610, Downstream: 9492

Average Distance Square: 80.1079
--------------------------------------------------------------------TTungsten # 4

Total Size: 44259, Non-Proton Size: 1849

Segment Vector Size -- Upstream: 44259, Downstream: 261265
Track Vector Size -- Upstream: 9384, Downstream: 9288

Average Distance Square: 142.596
--------------------------------------------------------------------TTungsten # 5

Total Size: 43447, Non-Proton Size: 2278

Segment Vector Size -- Upstream: 43447, Downstream: 255770
Track Vector Size -- Upstream: 9278, Downstream: 9164

Average Distance Square: 189.127
--------------------------------------------------------------------TTungsten # 6

Total Size: 42569, Non-Proton Size: 2591

Segment Vector Size -- Upstream: 42569, Downstream: 249665
Track Vector Size -- Upstream: 9141, Downstream: 9011

Average Distance Square: 194.768
--------------------------------------------------------------------TTungsten # 7

Total Size: 41140, Non-Proton Size: 3071

Segment Vector Size -- Upstream: 41140, Downstream: 257219
Track Vector Size -- Upstream: 8877, Downstream: 8747

Average Distance Square: 308.419
-------------------------------------------------------------------TuTungsten # 8

Total Size: 0, Non-Proton Size: 0

Segment Vector Size -- Upstream: 259028, Downstream: 257773
Track Vector Size -- Upstream: 8802, Downstream: 8710

Average Distance Square: -nan
-------------------------------------------------------------------TTTungsten # 9

Total Size: 0, Non-Proton Size: 0

Segment Vector Size -- Upstream: 257773, Downstream: 251235
Track Vector Size -- Upstream: 8710, Downstream: 8543

Average Distance Square: -nan
--------------------------------------------------------------------

