Slope X Sigma: 0.00042
----------------------------------
Tungsten # 0

Total Size: 0, Non-Proton Size: 0

Segment Vector Size -- Upstream: 1, Downstream: 26
Track Vector Size -- Upstream: 1, Downstream: 1

Average Distance Square: -nan
--------------------------------------------------------------------TTungsten # 1

Total Size: 5, Non-Proton Size: 5

Segment Vector Size -- Upstream: 5, Downstream: 27
Track Vector Size -- Upstream: 1, Downstream: 1

Average Distance Square: 19608.8
----------------------------------------------------------------TungsTungsten # 2

Total Size: 5, Non-Proton Size: 5

Segment Vector Size -- Upstream: 5, Downstream: 26
Track Vector Size -- Upstream: 1, Downstream: 1

Average Distance Square: 23322.4
------------------------------------------------------------Tungsten Tungsten # 3

Total Size: 5, Non-Proton Size: 5

Segment Vector Size -- Upstream: 5, Downstream: 25
Track Vector Size -- Upstream: 1, Downstream: 1

Average Distance Square: 21713.5
--------------------------------------------------------Tungsten # 4

Total Size: 0, Non-Proton Size: 0

Segment Vector Size -- Upstream: 0, Downstream: 0
Track Vector Size -- Upstream: 0, Downstream: 0

Average Distance Square: -nan
--------------------------------------------------------------------
Tungsten # 5

TotTungsten # 5

Total Size: 5, Non-Proton Size: 5

Segment Vector Size -- Upstream: 5, Downstream: 7
Track Vector Size -- Upstream: 1, Downstream: 1

Average Distance Square: 25661.1
-------------------------------------------------Tungsten # 6

Total Tungsten # 6

Total Size: 0, Non-Proton Size: 0

Segment Vector Size -- Upstream: 0, Downstream: 0
Track Vector Size -- Upstream: 0, Downstream: 0

Average Distance Square: -nan
-------------------------------------------------Tungsten # 7

Total Tungsten # 7

Total Size: 0, Non-Proton Size: 0

Segment Vector Size -- Upstream: 0, Downstream: 0
Track Vector Size -- Upstream: 0, Downstream: 0

Average Distance Square: -nan
-------------------------------------------------Tungsten # 8

Total Tungsten # 8

Total Size: 0, Non-Proton Size: 0

Segment Vector Size -- Upstream: 0, Downstream: 0
Track Vector Size -- Upstream: 0, Downstream: 0

Average Distance Square: -nan
-------------------------------------------------Tungsten # 9

Total Tungsten # 9

Total Size: 0, Non-Proton Size: 0

Segment Vector Size -- Upstream: 0, Downstream: 0
Track Vector Size -- Upstream: 0, Downstream: 0

Average Distance Square: -nan
--------------------------------------------------------------------
