Slope X Sigma: 0.00042
----------------------------------
Tungsten # 0

Total Size: 0, Non-Proton Size: 0

Segment Vector Size -- Upstream: 7340, Downstream: 216135
Track Vector Size -- Upstream: 7340, Downstream: 7322

Average Distance Square: -nan
--------------------------------------------------------------------
Tungsten # 1

Total Size: 36232, Non-Proton Size: 36232

Segment Vector Size -- Upstream: 36232, Downstream: 213630
Track Vector Size -- Upstream: 7360, Downstream: 7269

Average Distance Square: 18457.9
--------------------------------------------------------------------
Tungsten # 2

Total Size: 35512, Non-Proton Size: 35512

Segment Vector Size -- Upstream: 35512, Downstream: 209192
Track Vector Size -- Upstream: 7230, Downstream: 7148

Average Distance Square: 18839.4
--------------------------------------------------------------------
Tungsten # 3

Total Size: 34912, Non-Proton Size: 34912

Segment Vector Size -- Upstream: 34912, Downstream: 204756
Track Vector Size -- Upstream: 7133, Downstream: 7040

Average Distance Square: 17689
--------------------------------------------------------------------
Tungsten # 4

Total Size: 34252, Non-Proton Size: 34252

Segment Vector Size -- Upstream: 34252, Downstream: 199735
Track Vector Size -- Upstream: 7002, Downstream: 6911

Average Distance Square: 18629.3
--------------------------------------------------------------------
Tungsten # 5

Total Size: 33257, Non-Proton Size: 33257

Segment Vector Size -- Upstream: 33257, Downstream: 192668
Track Vector Size -- Upstream: 6859, Downstream: 6731

Average Distance Square: 17578.5
--------------------------------------------------------------------
Tungsten # 6

Total Size: 32338, Non-Proton Size: 32338

Segment Vector Size -- Upstream: 32338, Downstream: 184562
Track Vector Size -- Upstream: 6704, Downstream: 6549

Average Distance Square: 18135.4
-------------------------------------------------------------------TuTungsten # 7

Total Size: 31073, Non-Proton Size: 31073

Segment Vector Size -- Upstream: 31073, Downstream: 173768
Track Vector Size -- Upstream: 6445, Downstream: 6287

Average Distance Square: 20945.4
--------------------------------------------------------------------
Tungsten # 8

Total Size: 0, Non-Proton Size: 0

Segment Vector Size -- Upstream: 173768, Downstream: 168619
Track Vector Size -- Upstream: 6287, Downstream: 5938

Average Distance Square: -nan
--------------------------------------------------------------------
Tungsten # 9

Total Size: 0, Non-Proton Size: 0

Segment Vector Size -- Upstream: 168619, Downstream: 78921
Track Vector Size -- Upstream: 5938, Downstream: 2640

Average Distance Square: -nan
--------------------------------------------------------------------
-
