Slope X Sigma: 0.00033
----------------------------------
Tungsten # 0

Total Size: 9795, Non-Proton Size: 3

Segment Vector Size -- Upstream: 9795, Downstream: 280839
Track Vector Size -- Upstream: 9795, Downstream: 9777

Average Distance Square: 0
--------------------------------------------------------------------
Tungsten # 1

Total Size: 46693, Non-Proton Size: 522

Segment Vector Size -- Upstream: 46693, Downstream: 276397
Track Vector Size -- Upstream: 9800, Downstream: 9668

Average Distance Square: 12.8004
--------------------------------------------------------------------
Tungsten # 2

Total Size: 45756, Non-Proton Size: 1003

Segment Vector Size -- Upstream: 45756, Downstream: 270489
Track Vector Size -- Upstream: 9658, Downstream: 9514

Average Distance Square: 49.5168
--------------------------------------------------------------------TTungsten # 3

Total Size: 44927, Non-Proton Size: 1417

Segment Vector Size -- Upstream: 44927, Downstream: 265485
Track Vector Size -- Upstream: 9492, Downstream: 9381

Average Distance Square: 90.2361
--------------------------------------------------------------------TTungsten # 4

Total Size: 44107, Non-Proton Size: 1830

Segment Vector Size -- Upstream: 44107, Downstream: 260202
Track Vector Size -- Upstream: 9347, Downstream: 9249

Average Distance Square: 140.777
--------------------------------------------------------------------TTungsten # 5

Total Size: 43327, Non-Proton Size: 2227

Segment Vector Size -- Upstream: 43327, Downstream: 254196
Track Vector Size -- Upstream: 9211, Downstream: 9109

Average Distance Square: 181.214
--------------------------------------------------------------------TTungsten # 6

Total Size: 43231, Non-Proton Size: 2785

Segment Vector Size -- Upstream: 43231, Downstream: 253245
Track Vector Size -- Upstream: 9247, Downstream: 9141

Average Distance Square: 262.083
--------------------------------------------------------------------TTungsten # 7

Total Size: 41858, Non-Proton Size: 3111

Segment Vector Size -- Upstream: 41858, Downstream: 262198
Track Vector Size -- Upstream: 9040, Downstream: 8915

Average Distance Square: 292.025
--------------------------------------------------------------------TTungsten # 8

Total Size: 0, Non-Proton Size: 0

Segment Vector Size -- Upstream: 262198, Downstream: 260635
Track Vector Size -- Upstream: 8915, Downstream: 8796

Average Distance Square: -nan
--------------------------------------------------------------------TTungsten # 9

Total Size: 0, Non-Proton Size: 0

Segment Vector Size -- Upstream: 260635, Downstream: 253985
Track Vector Size -- Upstream: 8796, Downstream: 8636

Average Distance Square: -nan
--------------------------------------------------------------------
