Slope X Sigma: 0.00033
----------------------------------
Tungsten # 0

Total Size: 9825, Non-Proton Size: 7

Segment Vector Size -- Upstream: 9825, Downstream: 281650
Track Vector Size -- Upstream: 9825, Downstream: 9800

Average Distance Square: 0
--------------------------------------------------------------------
Tungsten # 1

Total Size: 46783, Non-Proton Size: 517

Segment Vector Size -- Upstream: 46783, Downstream: 277483
Track Vector Size -- Upstream: 9819, Downstream: 9713

Average Distance Square: 11.3954
--------------------------------------------------------------------TTungsten # 2

Total Size: 46218, Non-Proton Size: 1097

Segment Vector Size -- Upstream: 46218, Downstream: 273367
Track Vector Size -- Upstream: 9722, Downstream: 9612

Average Distance Square: 56.3171
-------------------------------------------------------------------TuTungsten # 3

Total Size: 45360, Non-Proton Size: 1596

Segment Vector Size -- Upstream: 45360, Downstream: 268215
Track Vector Size -- Upstream: 9583, Downstream: 9498

Average Distance Square: 106.649
-------------------------------------------------------------------TTungsten # 4

Total Size: 44392, Non-Proton Size: 1877

Segment Vector Size -- Upstream: 44392, Downstream: 261566
Track Vector Size -- Upstream: 9425, Downstream: 9310

Average Distance Square: 145.014
--------------------------------------------------------------------TuTungsten # 5

Total Size: 43691, Non-Proton Size: 2643

Segment Vector Size -- Upstream: 43691, Downstream: 256628
Track Vector Size -- Upstream: 9313, Downstream: 9224

Average Distance Square: 194.291
-------------------------------------------------------------------TTungsten # 6

Total Size: 42356, Non-Proton Size: 2644

Segment Vector Size -- Upstream: 42356, Downstream: 248129
Track Vector Size -- Upstream: 9058, Downstream: 8961

Average Distance Square: 250.681
--------------------------------------------------------------------TTungsten # 7

Total Size: 41413, Non-Proton Size: 3409

Segment Vector Size -- Upstream: 41413, Downstream: 259759
Track Vector Size -- Upstream: 8943, Downstream: 8829

Average Distance Square: 304.575
--------------------------------------------------------------------TTungsten # 8

Total Size: 0, Non-Proton Size: 0

Segment Vector Size -- Upstream: 259759, Downstream: 258326
Track Vector Size -- Upstream: 8829, Downstream: 8728

Average Distance Square: -nan
--------------------------------------------------------------------Tungsten # 9

Total Size: 0, Non-Proton Size: 0

Segment Vector Size -- Upstream: 252598, Downstream: 246535
Track Vector Size -- Upstream: 8522, Downstream: 8386

Average Distance Square: -nan
--------------------------------------------------------------------


