Slope X Sigma: 0.00042
----------------------------------
Tungsten # 0

Total Size: 0, Non-Proton Size: 0

Segment Vector Size -- Upstream: 7080, Downstream: 208111
Track Vector Size -- Upstream: 7080, Downstream: 7052

Average Distance Square: -nan
--------------------------------------------------------------------
Tungsten # 1

Total Size: 35274, Non-Proton Size: 35274

Segment Vector Size -- Upstream: 35274, Downstream: 208164
Track Vector Size -- Upstream: 7182, Downstream: 7092

Average Distance Square: 21301.2
--------------------------------------------------------------------
Tungsten # 2

Total Size: 34300, Non-Proton Size: 34300

Segment Vector Size -- Upstream: 34300, Downstream: 202053
Track Vector Size -- Upstream: 7006, Downstream: 6918

Average Distance Square: 22959.8
--------------------------------------------------------------------
Tungsten # 3

Total Size: 33456, Non-Proton Size: 33456

Segment Vector Size -- Upstream: 33456, Downstream: 196738
Track Vector Size -- Upstream: 6836, Downstream: 6758

Average Distance Square: 21336.1
--------------------------------------------------------------------
Tungsten # 4

Total Size: 32839, Non-Proton Size: 32839

Segment Vector Size -- Upstream: 32839, Downstream: 192171
Track Vector Size -- Upstream: 6774, Downstream: 6655

Average Distance Square: 19482.7
--------------------------------------------------------------------
Tungsten # 5

Total Size: 32189, Non-Proton Size: 32189

Segment Vector Size -- Upstream: 32189, Downstream: 186321
Track Vector Size -- Upstream: 6634, Downstream: 6504

Average Distance Square: 17260.1
--------------------------------------------------------------------
Tungsten # 6

Total Size: 31238, Non-Proton Size: 31238

Segment Vector Size -- Upstream: 31238, Downstream: 177984
Track Vector Size -- Upstream: 6476, Downstream: 6322

Average Distance Square: 16103.8
--------------------------------------------------------------------
Tungsten # 7

Total Size: 31075, Non-Proton Size: 31075

Segment Vector Size -- Upstream: 31075, Downstream: 176349
Track Vector Size -- Upstream: 6497, Downstream: 6321

Average Distance Square: 17066.7
--------------------------------------------------------------------
Tungsten # 8

Total Size: 0, Non-Proton Size: 0

Segment Vector Size -- Upstream: 176349, Downstream: 172361
Track Vector Size -- Upstream: 6321, Downstream: 6043

Average Distance Square: -nan
--------------------------------------------------------------------TTungsten # 9

Total Size: 0, Non-Proton Size: 0

Segment Vector Size -- Upstream: 172361, Downstream: 74159
Track Vector Size -- Upstream: 6043, Downstream: 2473

Average Distance Square: -nan
--------------------------------------------------------------------
