Slope X Sigma: 0.00042
----------------------------------
Tungsten # 0

Total Size: 0, Non-Proton Size: 0

Segment Vector Size -- Upstream: 7099, Downstream: 208155
Track Vector Size -- Upstream: 7099, Downstream: 7073

Average Distance Square: -nan
-------------------------------------------------------Tungsten #TungTungsten # 1

Total Size: 34508, Non-Proton Size: 34508

Segment Vector Size -- Upstream: 34508, Downstream: 203498
Track Vector Size -- Upstream: 7020, Downstream: 6948

Average Distance Square: 26051.3
--------------------------------------------------------------------TTungsten # 2

Total Size: 33966, Non-Proton Size: 33966

Segment Vector Size -- Upstream: 33966, Downstream: 198417
Track Vector Size -- Upstream: 6925, Downstream: 6840

Average Distance Square: 22894.9
--------------------------------------------------------------------
Tungsten # 3

Total Size: 33264, Non-Proton Size: 33264

Segment Vector Size -- Upstream: 33264, Downstream: 193027
Track Vector Size -- Upstream: 6817, Downstream: 6711

Average Distance Square: 23803.5
--------------------------------------------------------------------
Tungsten # 4

Total Size: 32225, Non-Proton Size: 32225

Segment Vector Size -- Upstream: 32225, Downstream: 186400
Track Vector Size -- Upstream: 6665, Downstream: 6537

Average Distance Square: 26213.7
--------------------------------------------------------------------
Tungsten # 5

Total Size: 31418, Non-Proton Size: 31418

Segment Vector Size -- Upstream: 31418, Downstream: 178650
Track Vector Size -- Upstream: 6513, Downstream: 6393

Average Distance Square: 14815.4
--------------------------------------------------------------------
Tungsten # 6

Total Size: 29881, Non-Proton Size: 29881

Segment Vector Size -- Upstream: 29881, Downstream: 168414
Track Vector Size -- Upstream: 6306, Downstream: 6122

Average Distance Square: 18818.6
--------------------------------------------------------------------
Tungsten # 7

Total Size: 28463, Non-Proton Size: 28463

Segment Vector Size -- Upstream: 28463, Downstream: 139124
Track Vector Size -- Upstream: 6055, Downstream: 5827

Average Distance Square: 17985.9
--------------------------------------------------------------------
Tungsten # 8

Total Size: 0, Non-Proton Size: 0

Segment Vector Size -- Upstream: 139124, Downstream: 133376
Track Vector Size -- Upstream: 5827, Downstream: 5421

Average Distance Square: -nan
--------------------------------------------------------------------
Tungsten # 9

Total Size: 0, Non-Proton Size: 0

Segment Vector Size -- Upstream: 133376, Downstream: 18322
Track Vector Size -- Upstream: 5421, Downstream: 623

Average Distance Square: -nan
--------------------------------------------------------------------
