Slope X Sigma: 0.00033
----------------------------------
Tungsten # 0

Total Size: 9760, Non-Proton Size: 8

Segment Vector Size -- Upstream: 9760, Downstream: 279327
Track Vector Size -- Upstream: 9760, Downstream: 9738

Average Distance Square: 0
--------------------------------------------------------------------
Tungsten # 1

Total Size: 46395, Non-Proton Size: 542

Segment Vector Size -- Upstream: 46395, Downstream: 275083
Track Vector Size -- Upstream: 9741, Downstream: 9638

Average Distance Square: 14.4142
--------------------------------------------------------------------
TTungsten # 2

Total Size: 45942, Non-Proton Size: 1016

Segment Vector Size -- Upstream: 45942, Downstream: 272076
Track Vector Size -- Upstream: 9649, Downstream: 9548

Average Distance Square: 40.9091
-------------------------------------------------------------------TTTungsten # 3

Total Size: 45263, Non-Proton Size: 1531

Segment Vector Size -- Upstream: 45263, Downstream: 267490
Track Vector Size -- Upstream: 9533, Downstream: 9446

Average Distance Square: 84.162
-------------------------------------------------------------------TTTungsten # 4

Total Size: 44314, Non-Proton Size: 1990

Segment Vector Size -- Upstream: 44314, Downstream: 261732
Track Vector Size -- Upstream: 9393, Downstream: 9300

Average Distance Square: 125.031
-------------------------------------------------------------------TTTungsten # 5

Total Size: 43408, Non-Proton Size: 2395

Segment Vector Size -- Upstream: 43408, Downstream: 255643
Track Vector Size -- Upstream: 9248, Downstream: 9131

Average Distance Square: 166.385
-------------------------------------------------------------------TuTungsten # 6

Total Size: 42527, Non-Proton Size: 2771

Segment Vector Size -- Upstream: 42527, Downstream: 248995
Track Vector Size -- Upstream: 9080, Downstream: 8982

Average Distance Square: 231.055
-------------------------------------------------------------------TTTungsten # 7

Total Size: 41121, Non-Proton Size: 3126

Segment Vector Size -- Upstream: 41121, Downstream: 258354
Track Vector Size -- Upstream: 8885, Downstream: 8765

Average Distance Square: 262.955
-------------------------------------------------------------------TTTungsten # 8

Total Size: 0, Non-Proton Size: 0

Segment Vector Size -- Upstream: 258354, Downstream: 256971
Track Vector Size -- Upstream: 8765, Downstream: 8659

Average Distance Square: -nan
-------------------------------------------------------------------TTTungsten # 9

Total Size: 0, Non-Proton Size: 0

Segment Vector Size -- Upstream: 256971, Downstream: 251093
Track Vector Size -- Upstream: 8659, Downstream: 8511

Average Distance Square: -nan
--------------------------------------------------------------------
