Slope X Sigma: 0.00033
----------------------------------
Tungsten # 0

Total Size: 9707, Non-Proton Size: 9

Segment Vector Size -- Upstream: 9707, Downstream: 278112
Track Vector Size -- Upstream: 9707, Downstream: 9682

Average Distance Square: 0
--------------------------------------------------------------------
Tungsten # 1

Total Size: 45950, Non-Proton Size: 441

Segment Vector Size -- Upstream: 45950, Downstream: 272951
Track Vector Size -- Upstream: 9665, Downstream: 9547

Average Distance Square: 10.7315
--------------------------------------------------------------------
Tungsten # 2

Total Size: 45427, Non-Proton Size: 961

Segment Vector Size -- Upstream: 45427, Downstream: 268877
Track Vector Size -- Upstream: 9575, Downstream: 9451

Average Distance Square: 44.1441
--------------------------------------------------------------------
Tungsten # 3

Total Size: 44773, Non-Proton Size: 1394

Segment Vector Size -- Upstream: 44773, Downstream: 264117
Track Vector Size -- Upstream: 9433, Downstream: 9326

Average Distance Square: 84.0336
--------------------------------------------------------------------
Tungsten # 4

Total Size: 44137, Non-Proton Size: 1809

Segment Vector Size -- Upstream: 44137, Downstream: 260411
Track Vector Size -- Upstream: 9320, Downstream: 9239

Average Distance Square: 130.567
--------------------------------------------------------------------
Tungsten # 5

Total Size: 43289, Non-Proton Size: 2203

Segment Vector Size -- Upstream: 43289, Downstream: 254818
Track Vector Size -- Upstream: 9204, Downstream: 9108

Average Distance Square: 167.464
--------------------------------------------------------------------
Tungsten # 6

Total Size: 42277, Non-Proton Size: 2606

Segment Vector Size -- Upstream: 42277, Downstream: 248707
Track Vector Size -- Upstream: 9061, Downstream: 8951

Average Distance Square: 231.997
--------------------------------------------------------------------TTungsten # 7

Total Size: 41164, Non-Proton Size: 3042

Segment Vector Size -- Upstream: 41164, Downstream: 258374
Track Vector Size -- Upstream: 8873, Downstream: 8763

Average Distance Square: 267.556
--------------------------------------------------------------------TTungsten # 8

Total Size: 0, Non-Proton Size: 0

Segment Vector Size -- Upstream: 258374, Downstream: 257038
Track Vector Size -- Upstream: 8763, Downstream: 8670

Average Distance Square: -nan
--------------------------------------------------------------------TTungsten # 9

Total Size: 0, Non-Proton Size: 0

Segment Vector Size -- Upstream: 257038, Downstream: 251183
Track Vector Size -- Upstream: 8670, Downstream: 8526

Average Distance Square: -nan
--------------------------------------------------------------------

