Slope X Sigma: 0.00042
----------------------------------
Tungsten # 0

Total Size: 0, Non-Proton Size: 0

Segment Vector Size -- Upstream: 7029, Downstream: 206619
Track Vector Size -- Upstream: 7029, Downstream: 7004

Average Distance Square: -nan
--------------------------------------------------------------------
Tungsten # 1

Total Size: 34148, Non-Proton Size: 34148

Segment Vector Size -- Upstream: 34148, Downstream: 201288
Track Vector Size -- Upstream: 6959, Downstream: 6881

Average Distance Square: 22731.9
-------------------------------------------------------------------Tungsten # 2

Total Size: 33627, Non-Proton Size: 33627

Segment Vector Size -- Upstream: 33627, Downstream: 198918
Track Vector Size -- Upstream: 6868, Downstream: 6792

Average Distance Square: 23554.4
--------------------------------------------------------------------
Tungsten # 3

Total Size: 33174, Non-Proton Size: 33174

Segment Vector Size -- Upstream: 33174, Downstream: 194820
Track Vector Size -- Upstream: 6776, Downstream: 6697

Average Distance Square: 19328.5
--------------------------------------------------------------------
Tungsten # 4

Total Size: 32594, Non-Proton Size: 32594

Segment Vector Size -- Upstream: 32594, Downstream: 189946
Track Vector Size -- Upstream: 6682, Downstream: 6585

Average Distance Square: 22735.6
--------------------------------------------------------------------
Tungsten # 5

Total Size: 31487, Non-Proton Size: 31487

Segment Vector Size -- Upstream: 31487, Downstream: 184494
Track Vector Size -- Upstream: 6554, Downstream: 6437

Average Distance Square: 17533.2
--------------------------------------------------------------------
Tungsten # 6

Total Size: 31081, Non-Proton Size: 31081

Segment Vector Size -- Upstream: 31081, Downstream: 177590
Track Vector Size -- Upstream: 6404, Downstream: 6289

Average Distance Square: 17813.3
--------------------------------------------------------------------
Tungsten # 7

Total Size: 29607, Non-Proton Size: 29607

Segment Vector Size -- Upstream: 29607, Downstream: 167076
Track Vector Size -- Upstream: 6215, Downstream: 6032

Average Distance Square: 19814.8
--------------------------------------------------------------------
Tungsten # 8

Total Size: 0, Non-Proton Size: 0

Segment Vector Size -- Upstream: 167076, Downstream: 163238
Track Vector Size -- Upstream: 6032, Downstream: 5743

Average Distance Square: -nan
--------------------------------------------------------------------
Tungsten # 9

Total Size: 0, Non-Proton Size: 0

Segment Vector Size -- Upstream: 163238, Downstream: 67648
Track Vector Size -- Upstream: 5743, Downstream: 2257

Average Distance Square: -nan
--------------------------------------------------------------------
-
