Slope X Sigma: 0.00033
----------------------------------
Tungsten # 0

Total Size: 9783, Non-Proton Size: 7

Segment Vector Size -- Upstream: 9783, Downstream: 280468
Track Vector Size -- Upstream: 9783, Downstream: 9763

Average Distance Square: 0
--------------------------------------------------------------------
TTungsten # 1

Total Size: 46923, Non-Proton Size: 471

Segment Vector Size -- Upstream: 46923, Downstream: 278405
Track Vector Size -- Upstream: 9822, Downstream: 9735

Average Distance Square: 9.46543
--------------------------------------------------------------------TTungsten # 2

Total Size: 46454, Non-Proton Size: 997

Segment Vector Size -- Upstream: 46454, Downstream: 274306
Track Vector Size -- Upstream: 9748, Downstream: 9646

Average Distance Square: 47.3772
--------------------------------------------------------------------TTungsten # 3

Total Size: 45301, Non-Proton Size: 1517

Segment Vector Size -- Upstream: 45301, Downstream: 267864
Track Vector Size -- Upstream: 9570, Downstream: 9461

Average Distance Square: 99.5249
--------------------------------------------------------------------TTungsten # 4

Total Size: 44548, Non-Proton Size: 1965

Segment Vector Size -- Upstream: 44548, Downstream: 262918
Track Vector Size -- Upstream: 9439, Downstream: 9349

Average Distance Square: 146.177
------------------------------------------------------------------TuTungsten # 5

Total Size: 43413, Non-Proton Size: 2430

Segment Vector Size -- Upstream: 43413, Downstream: 255286
Track Vector Size -- Upstream: 9261, Downstream: 9145

Average Distance Square: 183.678
-------------------------------------------------------------------TuTTungsten # 6

Total Size: 42772, Non-Proton Size: 2941

Segment Vector Size -- Upstream: 42772, Downstream: 250303
Track Vector Size -- Upstream: 9155, Downstream: 9043

Average Distance Square: 247.205
------------------------------------------------------------------TuTungsten # 7

Total Size: 41138, Non-Proton Size: 3226

Segment Vector Size -- Upstream: 41138, Downstream: 257668
Track Vector Size -- Upstream: 8868, Downstream: 8759

Average Distance Square: 304.688
-------------------------------------------------------------------TuTTungsten # 8

Total Size: 0, Non-Proton Size: 0

Segment Vector Size -- Upstream: 259491, Downstream: 258033
Track Vector Size -- Upstream: 8814, Downstream: 8710

Average Distance Square: -nan
------------------------------------------------------------------TuTTungsten # 9

Total Size: 0, Non-Proton Size: 0

Segment Vector Size -- Upstream: 258033, Downstream: 252116
Track Vector Size -- Upstream: 8710, Downstream: 8559

Average Distance Square: -nan
--------------------------------------------------------------------
