Slope X Sigma: 0.00033
----------------------------------
Tungsten # 0

Total Size: 9814, Non-Proton Size: 6

Segment Vector Size -- Upstream: 9814, Downstream: 281388
Track Vector Size -- Upstream: 9814, Downstream: 9791

Average Distance Square: 0
--------------------------------------------------------------------
Tungsten # 1

Total Size: 46793, Non-Proton Size: 446

Segment Vector Size -- Upstream: 46793, Downstream: 277474
Track Vector Size -- Upstream: 9797, Downstream: 9692

Average Distance Square: 11.5397
--------------------------------------------------------------------
Tungsten # 2

Total Size: 46129, Non-Proton Size: 1017

Segment Vector Size -- Upstream: 46129, Downstream: 273654
Track Vector Size -- Upstream: 9705, Downstream: 9611

Average Distance Square: 51.5969
--------------------------------------------------------------------TTungsten # 3

Total Size: 45470, Non-Proton Size: 1382

Segment Vector Size -- Upstream: 45470, Downstream: 268889
Track Vector Size -- Upstream: 9601, Downstream: 9500

Average Distance Square: 97.556
--------------------------------------------------------------------
Tungsten # 4

Total Size: 44690, Non-Proton Size: 1872

Segment Vector Size -- Upstream: 44690, Downstream: 262997
Track Vector Size -- Upstream: 9465, Downstream: 9358

Average Distance Square: 135.093
--------------------------------------------------------------------
Tungsten # 5

Total Size: 43722, Non-Proton Size: 2260

Segment Vector Size -- Upstream: 43722, Downstream: 256905
Track Vector Size -- Upstream: 9314, Downstream: 9207

Average Distance Square: 177.242
--------------------------------------------------------------------
Tungsten # 6

Total Size: 42685, Non-Proton Size: 2813

Segment Vector Size -- Upstream: 42685, Downstream: 249594
Track Vector Size -- Upstream: 9150, Downstream: 9022

Average Distance Square: 240.069
--------------------------------------------------------------------
Tungsten # 7

Total Size: 41416, Non-Proton Size: 3115

Segment Vector Size -- Upstream: 41416, Downstream: 259642
Track Vector Size -- Upstream: 8928, Downstream: 8815

Average Distance Square: 289.098
--------------------------------------------------------------------
Tungsten # 8

Total Size: 0, Non-Proton Size: 0

Segment Vector Size -- Upstream: 259642, Downstream: 258128
Track Vector Size -- Upstream: 8815, Downstream: 8710

Average Distance Square: -nan
--------------------------------------------------------------------
Tungsten # 9

Total Size: 0, Non-Proton Size: 0

Segment Vector Size -- Upstream: 258128, Downstream: 251922
Track Vector Size -- Upstream: 8710, Downstream: 8555

Average Distance Square: -nan
--------------------------------------------------------------------

