Slope X Sigma: 0.00033
----------------------------------
Tungsten # 0

Total Size: 9816, Non-Proton Size: 9

Segment Vector Size -- Upstream: 9816, Downstream: 281255
Track Vector Size -- Upstream: 9816, Downstream: 9797

Average Distance Square: 0
--------------------------------------------------------------------
Tungsten # 1

Total Size: 46606, Non-Proton Size: 434

Segment Vector Size -- Upstream: 46606, Downstream: 276947
Track Vector Size -- Upstream: 9815, Downstream: 9696

Average Distance Square: 11.2825
--------------------------------------------------------------------
Tungsten # 2

Total Size: 45933, Non-Proton Size: 948

Segment Vector Size -- Upstream: 45933, Downstream: 272191
Track Vector Size -- Upstream: 9654, Downstream: 9553

Average Distance Square: 45.2147
--------------------------------------------------------------------TTungsten # 3

Total Size: 45300, Non-Proton Size: 1420

Segment Vector Size -- Upstream: 45300, Downstream: 267387
Track Vector Size -- Upstream: 9547, Downstream: 9444

Average Distance Square: 104.118
--------------------------------------------------------------------TTungsten # 4

Total Size: 44258, Non-Proton Size: 1982

Segment Vector Size -- Upstream: 44258, Downstream: 261108
Track Vector Size -- Upstream: 9381, Downstream: 9283

Average Distance Square: 116.199
--------------------------------------------------------------------TTungsten # 5

Total Size: 43426, Non-Proton Size: 2409

Segment Vector Size -- Upstream: 43426, Downstream: 255013
Track Vector Size -- Upstream: 9259, Downstream: 9149

Average Distance Square: 193.586
--------------------------------------------------------------------TTungsten # 6

Total Size: 42302, Non-Proton Size: 2917

Segment Vector Size -- Upstream: 42302, Downstream: 247614
Track Vector Size -- Upstream: 9079, Downstream: 8962

Average Distance Square: 245.825
--------------------------------------------------------------------TTTungsten # 7

Total Size: 40521, Non-Proton Size: 3172

Segment Vector Size -- Upstream: 40521, Downstream: 253806
Track Vector Size -- Upstream: 8738, Downstream: 8629

Average Distance Square: 307.677
-------------------------------------------------------------------TTungsten # 8

Total Size: 0, Non-Proton Size: 0

Segment Vector Size -- Upstream: 257324, Downstream: 256126
Track Vector Size -- Upstream: 8720, Downstream: 8633

Average Distance Square: -nan
--------------------------------------------------------------------TTTungsten # 9

Total Size: 0, Non-Proton Size: 0

Segment Vector Size -- Upstream: 252230, Downstream: 245457
Track Vector Size -- Upstream: 8521, Downstream: 8346

Average Distance Square: -nan
--------------------------------------------------------------------
