Slope X Sigma: 0.00033
----------------------------------
Tungsten # 0

Total Size: 9545, Non-Proton Size: 11

Segment Vector Size -- Upstream: 9545, Downstream: 273755
Track Vector Size -- Upstream: 9545, Downstream: 9524

Average Distance Square: 0
--------------------------------------------------------------------Tungsten # 1

Total Size: 46840, Non-Proton Size: 514

Segment Vector Size -- Upstream: 46840, Downstream: 277421
Track Vector Size -- Upstream: 9827, Downstream: 9707

Average Distance Square: 9.63311
--------------------------------------------------------------------
Tungsten # 2

Total Size: 46136, Non-Proton Size: 1087

Segment Vector Size -- Upstream: 46136, Downstream: 273248
Track Vector Size -- Upstream: 9694, Downstream: 9601

Average Distance Square: 51.6987
-------------------------------------------------------------------Tungsten # 3

Total Size: 45643, Non-Proton Size: 1482

Segment Vector Size -- Upstream: 45643, Downstream: 268664
Track Vector Size -- Upstream: 9617, Downstream: 9513

Average Distance Square: 102.851
--------------------------------------------------------------------
TTTungsten # 4

Total Size: 44623, Non-Proton Size: 2126

Segment Vector Size -- Upstream: 44623, Downstream: 262513
Track Vector Size -- Upstream: 9435, Downstream: 9336

Average Distance Square: 155.76
--------------------------------------------------------------------Tungsten # 5

Total Size: 43549, Non-Proton Size: 2419

Segment Vector Size -- Upstream: 43549, Downstream: 256214
Track Vector Size -- Upstream: 9297, Downstream: 9185

Average Distance Square: 206.516
--------------------------------------------------------------------
Tungsten # 6

Total Size: 42466, Non-Proton Size: 2818

Segment Vector Size -- Upstream: 42466, Downstream: 248579
Track Vector Size -- Upstream: 9095, Downstream: 8993

Average Distance Square: 264.062
--------------------------------------------------------------------
TTungsten # 7

Total Size: 41279, Non-Proton Size: 3083

Segment Vector Size -- Upstream: 41279, Downstream: 257967
Track Vector Size -- Upstream: 8892, Downstream: 8766

Average Distance Square: 265.387
--------------------------------------------------------------------TTungsten # 8

Total Size: 0, Non-Proton Size: 0

Segment Vector Size -- Upstream: 252624, Downstream: 250994
Track Vector Size -- Upstream: 8588, Downstream: 8473

Average Distance Square: -nan
--------------------------------------------------------------------Tungsten # 9

Total Size: 0, Non-Proton Size: 0

Segment Vector Size -- Upstream: 255397, Downstream: 249396
Track Vector Size -- Upstream: 8629, Downstream: 8452

Average Distance Square: -nan
--------------------------------------------------------------------

