Slope X Sigma: 0.00042
----------------------------------
Tungsten # 0

Total Size: 0, Non-Proton Size: 0

Segment Vector Size -- Upstream: 7676, Downstream: 224979
Track Vector Size -- Upstream: 7676, Downstream: 7645

Average Distance Square: -nan
--------------------------------------------------------------------
Tungsten # 1

Total Size: 37348, Non-Proton Size: 37348

Segment Vector Size -- Upstream: 37348, Downstream: 219785
Track Vector Size -- Upstream: 7612, Downstream: 7527

Average Distance Square: 15967.9
--------------------------------------------------------------------
Tungsten # 2

Total Size: 36669, Non-Proton Size: 36669

Segment Vector Size -- Upstream: 36669, Downstream: 214363
Track Vector Size -- Upstream: 7487, Downstream: 7378

Average Distance Square: 18328
--------------------------------------------------------------------
Tungsten # 3

Total Size: 35767, Non-Proton Size: 35767

Segment Vector Size -- Upstream: 35767, Downstream: 207859
Track Vector Size -- Upstream: 7317, Downstream: 7209

Average Distance Square: 21071.9
--------------------------------------------------------------------
Tungsten # 4

Total Size: 34719, Non-Proton Size: 34719

Segment Vector Size -- Upstream: 34719, Downstream: 199949
Track Vector Size -- Upstream: 7149, Downstream: 7014

Average Distance Square: 18324.8
--------------------------------------------------------------------
Tungsten # 5

Total Size: 33605, Non-Proton Size: 33605

Segment Vector Size -- Upstream: 33605, Downstream: 190728
Track Vector Size -- Upstream: 6954, Downstream: 6801

Average Distance Square: 17354.2
--------------------------------------------------------------------
Tungsten # 6

Total Size: 31286, Non-Proton Size: 31286

Segment Vector Size -- Upstream: 31286, Downstream: 177792
Track Vector Size -- Upstream: 6669, Downstream: 6486

Average Distance Square: 19430.4
-------------------------------------------------------------------TuTungsten # 7

Total Size: 30086, Non-Proton Size: 30086

Segment Vector Size -- Upstream: 30086, Downstream: 164230
Track Vector Size -- Upstream: 6398, Downstream: 6126

Average Distance Square: 17946
--------------------------------------------------------------------
Tungsten # 8

Total Size: 0, Non-Proton Size: 0

Segment Vector Size -- Upstream: 164230, Downstream: 157501
Track Vector Size -- Upstream: 6126, Downstream: 5649

Average Distance Square: -nan
--------------------------------------------------------------------
Tungsten # 9

Total Size: 0, Non-Proton Size: 0

Segment Vector Size -- Upstream: 157501, Downstream: 61221
Track Vector Size -- Upstream: 5649, Downstream: 2062

Average Distance Square: -nan
--------------------------------------------------------------------
---
