Slope X Sigma: 0.00033
----------------------------------
Tungsten # 0

Total Size: 9736, Non-Proton Size: 7

Segment Vector Size -- Upstream: 9736, Downstream: 279302
Track Vector Size -- Upstream: 9736, Downstream: 9710

Average Distance Square: 0
--------------------------------------------------------------------
Tungsten # 1

Total Size: 46860, Non-Proton Size: 475

Segment Vector Size -- Upstream: 46860, Downstream: 277451
Track Vector Size -- Upstream: 9819, Downstream: 9700

Average Distance Square: 11.647
--------------------------------------------------------------------
TuTungsten # 2

Total Size: 45716, Non-Proton Size: 1029

Segment Vector Size -- Upstream: 45716, Downstream: 270998
Track Vector Size -- Upstream: 9611, Downstream: 9518

Average Distance Square: 47.5424
-------------------------------------------------------------------TuTungsten # 3

Total Size: 44995, Non-Proton Size: 1572

Segment Vector Size -- Upstream: 44995, Downstream: 266029
Track Vector Size -- Upstream: 9489, Downstream: 9391

Average Distance Square: 95.0348
-------------------------------------------------------------------TuTungsten # 4

Total Size: 44196, Non-Proton Size: 1937

Segment Vector Size -- Upstream: 44196, Downstream: 260664
Track Vector Size -- Upstream: 9356, Downstream: 9263

Average Distance Square: 138.021
-------------------------------------------------------------------TuTungsten # 5

Total Size: 43304, Non-Proton Size: 2274

Segment Vector Size -- Upstream: 43304, Downstream: 254465
Track Vector Size -- Upstream: 9202, Downstream: 9118

Average Distance Square: 174.593
-------------------------------------------------------------------TuTungsten # 6

Total Size: 42167, Non-Proton Size: 2646

Segment Vector Size -- Upstream: 42167, Downstream: 247675
Track Vector Size -- Upstream: 9046, Downstream: 8932

Average Distance Square: 213.992
-------------------------------------------------------------------TuTungsten # 7

Total Size: 41026, Non-Proton Size: 3017

Segment Vector Size -- Upstream: 41026, Downstream: 256645
Track Vector Size -- Upstream: 8814, Downstream: 8715

Average Distance Square: 254.41
-------------------------------------------------------------------TTTungsten # 8

Total Size: 0, Non-Proton Size: 0

Segment Vector Size -- Upstream: 256645, Downstream: 255326
Track Vector Size -- Upstream: 8715, Downstream: 8621

Average Distance Square: -nan
-------------------------------------------------------------------TTTungsten # 9

Total Size: 0, Non-Proton Size: 0

Segment Vector Size -- Upstream: 255326, Downstream: 249054
Track Vector Size -- Upstream: 8621, Downstream: 8459

Average Distance Square: -nan
--------------------------------------------------------------------
