Slope X Sigma: 0.00042
----------------------------------
Tungsten # 0

Total Size: 0, Non-Proton Size: 0

Segment Vector Size -- Upstream: 2, Downstream: 50
Track Vector Size -- Upstream: 2, Downstream: 2

Average Distance Square: -nan
--------------------------------------------------------------------TTungsten # 1

Total Size: 10, Non-Proton Size: 10

Segment Vector Size -- Upstream: 10, Downstream: 55
Track Vector Size -- Upstream: 2, Downstream: 2

Average Distance Square: 25906.1
-------------------------------------------------------------TunTungsten # 2

Total Size: 5, Non-Proton Size: 5

Segment Vector Size -- Upstream: 5, Downstream: 19
Track Vector Size -- Upstream: 1, Downstream: 1

Average Distance Square: 18434.5
--------------------------------------------------------------TungsteTungsTunTungsten # 3

Total Size: 15, Non-Proton Size: 15

Segment Vector Size -- Upstream: 15, Downstream: 30
Track Vector Size -- Upstream: 3, Downstream: 1

Average Distance Square: 22204.4
-----------------------------------------------Tungsten #Tungsten # 4

Total Size: 0, Non-Proton Size: 0

Segment Vector Size -- Upstream: 0, Downstream: 0
Track Vector Size -- Upstream: 0, Downstream: 0

Average Distance Square: -nan
-----------------------------------------------------------Tungsten #Tungsten #Tungsten # 5

Total Size: 0, Non-Proton Size: 0

Segment Vector Size -- Upstream: 0, Downstream: 0
Track Vector Size -- Upstream: 0, Downstream: 0

Average Distance Square: -nan
-------------------------------------------------Tungsten # 6

Total Size: 0, Non-Proton Size: 0

Segment Vector Size -- Upstream: 0, Downstream: 0
Track Vector Size -- Upstream: 0, Downstream: 0

Average Distance Square: -nan
--------------------------------------------------------------------
Tungsten # 7

Total Size: 0, Non-Proton Size: 0

Segment Vector Size -- Upstream: 0, Downstream: 0
Track Vector Size -- Upstream: 0, Downstream: 0

Average Distance Square: -nan
--------------------------------------------------------------------
Tungsten #Tungsten #Tungsten # 8

TotaTungsten # 8

Total Size: 0, Non-Proton Size: 0

Segment Vector Size -- Upstream: 30, Downstream: 30
Track Vector Size -- Upstream: 1, Downstream: 1

Average Distance Square: -nan
-----------------------------Tungsten # 9

Total Tungsten # 9

Total Size: 0, Non-Proton Size: 0

Segment Vector Size -- Upstream: 0, Downstream: 0
Track Vector Size -- Upstream: 0, Downstream: 0

Average Distance Square: -nan
--------------------------------------------------------------------
---------------------
