Slope X Sigma: 0.00033
----------------------------------
Tungsten # 0

Total Size: 9630, Non-Proton Size: 9

Segment Vector Size -- Upstream: 9630, Downstream: 276653
Track Vector Size -- Upstream: 9630, Downstream: 9607

Average Distance Square: 0
--------------------------------------------------------------------
Tungsten # 1

Total Size: 47596, Non-Proton Size: 460

Segment Vector Size -- Upstream: 47596, Downstream: 282801
Track Vector Size -- Upstream: 9976, Downstream: 9871

Average Distance Square: 10.6259
--------------------------------------------------------------------
Tungsten # 2

Total Size: 47040, Non-Proton Size: 919

Segment Vector Size -- Upstream: 47040, Downstream: 278786
Track Vector Size -- Upstream: 9876, Downstream: 9774

Average Distance Square: 44.4106
--------------------------------------------------------------------TTungsten # 3

Total Size: 46221, Non-Proton Size: 1336

Segment Vector Size -- Upstream: 46221, Downstream: 274370
Track Vector Size -- Upstream: 9764, Downstream: 9652

Average Distance Square: 76.7456
-------------------------------------------------------------------TuTungsten # 4

Total Size: 45610, Non-Proton Size: 1792

Segment Vector Size -- Upstream: 45610, Downstream: 269900
Track Vector Size -- Upstream: 9644, Downstream: 9541

Average Distance Square: 113.145
-------------------------------------------------------------------TuTungsten # 5

Total Size: 44897, Non-Proton Size: 2234

Segment Vector Size -- Upstream: 44897, Downstream: 263982
Track Vector Size -- Upstream: 9511, Downstream: 9395

Average Distance Square: 155.438
-------------------------------------------------------------------TuTungsten # 6

Total Size: 43784, Non-Proton Size: 2604

Segment Vector Size -- Upstream: 43784, Downstream: 257216
Track Vector Size -- Upstream: 9336, Downstream: 9206

Average Distance Square: 200.802
-------------------------------------------------------------------TuTungsten # 7

Total Size: 42590, Non-Proton Size: 2907

Segment Vector Size -- Upstream: 42590, Downstream: 265672
Track Vector Size -- Upstream: 9120, Downstream: 9001

Average Distance Square: 229.907
-------------------------------------------------------------------TTTungsten # 8

Total Size: 0, Non-Proton Size: 0

Segment Vector Size -- Upstream: 265672, Downstream: 264232
Track Vector Size -- Upstream: 9001, Downstream: 8893

Average Distance Square: -nan
-------------------------------------------------------------------TTTungsten # 9

Total Size: 0, Non-Proton Size: 0

Segment Vector Size -- Upstream: 264232, Downstream: 259052
Track Vector Size -- Upstream: 8893, Downstream: 8755

Average Distance Square: -nan
--------------------------------------------------------------------
