Slope X Sigma: 0.00033
----------------------------------
Tungsten # 0

Total Size: 10655, Non-Proton Size: 5

Segment Vector Size -- Upstream: 10655, Downstream: 311267
Track Vector Size -- Upstream: 10655, Downstream: 10635

Average Distance Square: 0
--------------------------------------------------------------------
Tungsten # 1

Total Size: 52949, Non-Proton Size: 577

Segment Vector Size -- Upstream: 52949, Downstream: 314066
Track Vector Size -- Upstream: 10898, Downstream: 10776

Average Distance Square: 15.0719
--------------------------------------------------------------------
Tungsten # 2

Total Size: 52277, Non-Proton Size: 1081

Segment Vector Size -- Upstream: 52277, Downstream: 310245
Track Vector Size -- Upstream: 10801, Downstream: 10688

Average Distance Square: 57.6855
--------------------------------------------------------------------Tungsten # 3

Total Size: 50633, Non-Proton Size: 1393

Segment Vector Size -- Upstream: 50633, Downstream: 299402
Track Vector Size -- Upstream: 10468, Downstream: 10350

Average Distance Square: 90.167
--------------------------------------------------------------------
Tungsten # 4

Total Size: 49829, Non-Proton Size: 1882

Segment Vector Size -- Upstream: 49829, Downstream: 294794
Track Vector Size -- Upstream: 10334, Downstream: 10236

Average Distance Square: 126.473
--------------------------------------------------------------------
Tungsten # 5

Total Size: 49134, Non-Proton Size: 2257

Segment Vector Size -- Upstream: 49134, Downstream: 289122
Track Vector Size -- Upstream: 10221, Downstream: 10103

Average Distance Square: 161.304
--------------------------------------------------------------------TTungsten # 6

Total Size: 48087, Non-Proton Size: 2670

Segment Vector Size -- Upstream: 48087, Downstream: 282136
Track Vector Size -- Upstream: 10067, Downstream: 9938

Average Distance Square: 202.273
-------------------------------------------------------------------TuTungsten # 7

Total Size: 47200, Non-Proton Size: 3055

Segment Vector Size -- Upstream: 47200, Downstream: 186489
Track Vector Size -- Upstream: 9922, Downstream: 9798

Average Distance Square: 236.382
--------------------------------------------------------------------
Tungsten # 8

Total Size: 0, Non-Proton Size: 0

Segment Vector Size -- Upstream: 186489, Downstream: 86742
Track Vector Size -- Upstream: 9798, Downstream: 4343

Average Distance Square: -nan
--------------------------------------------------------------------
Tungsten # 9

Total Size: 0, Non-Proton Size: 0

Segment Vector Size -- Upstream: 86742, Downstream: 0
Track Vector Size -- Upstream: 4343, Downstream: 0

Average Distance Square: -nan
--------------------------------------------------------------------
---
