Slope X Sigma: 0.00033
----------------------------------
Tungsten # 0

Total Size: 9856, Non-Proton Size: 5

Segment Vector Size -- Upstream: 9856, Downstream: 282596
Track Vector Size -- Upstream: 9856, Downstream: 9837

Average Distance Square: 0
--------------------------------------------------------------------
Tungsten # 1

Total Size: 46956, Non-Proton Size: 407

Segment Vector Size -- Upstream: 46956, Downstream: 278400
Track Vector Size -- Upstream: 9841, Downstream: 9722

Average Distance Square: 7.58298
--------------------------------------------------------------------TTungsten # 2

Total Size: 46396, Non-Proton Size: 1109

Segment Vector Size -- Upstream: 46396, Downstream: 274617
Track Vector Size -- Upstream: 9750, Downstream: 9652

Average Distance Square: 60.3107
--------------------------------------------------------------------TTungsten # 3

Total Size: 45579, Non-Proton Size: 1523

Segment Vector Size -- Upstream: 45579, Downstream: 269349
Track Vector Size -- Upstream: 9631, Downstream: 9512

Average Distance Square: 112.815
------------------------------------------------------------------TuTungsten # 4

Total Size: 44828, Non-Proton Size: 1908

Segment Vector Size -- Upstream: 44828, Downstream: 263696
Track Vector Size -- Upstream: 9486, Downstream: 9373

Average Distance Square: 122.529
-------------------------------------------------------------------TuTungsten # 5

Total Size: 43857, Non-Proton Size: 2358

Segment Vector Size -- Upstream: 43857, Downstream: 257655
Track Vector Size -- Upstream: 9317, Downstream: 9225

Average Distance Square: 174.653
-------------------------------------------------------------------TuTungsten # 6

Total Size: 41695, Non-Proton Size: 2799

Segment Vector Size -- Upstream: 41695, Downstream: 243691
Track Vector Size -- Upstream: 8945, Downstream: 8798

Average Distance Square: 222.861
-------------------------------------------------------------------TuTungsten # 7

Total Size: 41107, Non-Proton Size: 2988

Segment Vector Size -- Upstream: 41107, Downstream: 257304
Track Vector Size -- Upstream: 8855, Downstream: 8742

Average Distance Square: 266.502
-------------------------------------------------------------------TTungsten # 8

Total Size: 0, Non-Proton Size: 0

Segment Vector Size -- Upstream: 259369, Downstream: 257662
Track Vector Size -- Upstream: 8824, Downstream: 8697

Average Distance Square: -nan
--------------------------------------------------------------------TTungsten # 9

Total Size: 0, Non-Proton Size: 0

Segment Vector Size -- Upstream: 257662, Downstream: 251635
Track Vector Size -- Upstream: 8697, Downstream: 8550

Average Distance Square: -nan
--------------------------------------------------------------------

