Slope X Sigma: 0.00042
----------------------------------
Tungsten # 0

Total Size: 0, Non-Proton Size: 0

Segment Vector Size -- Upstream: 3875, Downstream: 66947
Track Vector Size -- Upstream: 3875, Downstream: 2390

Average Distance Square: -nan
--------------------------------------------------------Tungsten # 1
Tungsten # 1

Total Size: 10869, Non-Proton Size: 10869

Segment Vector Size -- Upstream: 10869, Downstream: 61965
Track Vector Size -- Upstream: 2212, Downstream: 2185

Average Distance Square: 27661.3
-------------------------------Tungsten # 2

Total Size: 0, Non-TuTunTungsten # 2

Total Size: 7647, Non-Proton Size: 7647

Segment Vector Size -- Upstream: 7647, Downstream: 29099
Track Vector Size -- Upstream: 2691, Downstream: 1369

Average Distance Square: 24548.3
------------------------------------------------------------------TunTungsten # 3

Total Size: 6578, Non-Proton Size: 6578

Segment Vector Size -- Upstream: 6578, Downstream: 12446
Track Vector Size -- Upstream: 1361, Downstream: 612

Average Distance Square: 16992.5
------------------------------------------------------------------TunTungsten # 4

Total Size: 1706, Non-Proton Size: 1706

Segment Vector Size -- Upstream: 1706, Downstream: 9754
Track Vector Size -- Upstream: 353, Downstream: 344

AvTungsten # 5

Total Size: 0, Non-Proton Size: 0

Segment Vector Size -- Upstream: 0, DowTungsten TunTungsten # 5

Total Size: 1630, Non-Proton Size: 1630

Segment Vector Size -- Upstream: 1630, Downstream: 9232
Track Vector Size -- Upstream: 340, Tungsten # 6

Total Size: 0, Non-Proton Size: 0

Segment Vector Size -- Upstream: 0, Downstream: 0
TrackTungsten # 6TunTungsten # 6

Total Size: 1562, Non-Proton Size: 1562

Segment Vector Size -- Upstream: 1562, Downstream: 8837
Track Vector SizeTungsten # 7

Total Size: 0, Non-Proton Size: 0

Segment Vector Size -- Upstream: 0, Downstream: 0
Track Vector Size --Tungsten # 7

TungsTungsten # 7

Total Size: 1507, Non-Proton Size: 1507

Segment Vector Size -- Upstream: 1507, Downstream: 821Tungsten # 8

Total Size: 0, Non-Proton Size: 0

Segment Vector Size -- Upstream: 0, Downstream: 0
Track Vector Size -- Upstream: 0, Tungsten # 8

TotalTungsTungsten # 8

Total Size: 0, Non-Proton Size: 0

Segment Vector Size -- Upstream: 8213, DoTungsten # 9

Total Size: 0, Non-Proton Size: 0

Segment Vector Size -- Upstream: 0, Downstream: 0
Track Vector Size -- Upstream: 0, DownstreTungsten # 9

Total STungsTungsten # 9

Total Size: 0, Non-Proton Size: 0

Segment Vector Size -- Upstream: 7840, Downstream: 2130
Track Vector Size -- Upstream: 280, Downstream: 71

Average Distance Square: -nan
--------------------------------------------------------------------
