Slope X Sigma: 0.00042
----------------------------------
Tungsten # 0

Total Size: 0, Non-Proton Size: 0

Segment Vector Size -- Upstream: 7381, Downstream: 216616
Track Vector Size -- Upstream: 7381, Downstream: 7360

Average Distance Square: -nan
--------------------------------------------------------------------
Tungsten # 1

Total Size: 35748, Non-Proton Size: 35748

Segment Vector Size -- Upstream: 35748, Downstream: 211562
Track Vector Size -- Upstream: 7280, Downstream: 7199

Average Distance Square: 24205.9
-------------------------------------------------------------------Tungsten # 2

Total Size: 36416, Non-Proton Size: 36416

Segment Vector Size -- Upstream: 36416, Downstream: 214746
Track Vector Size -- Upstream: 7430, Downstream: 7350

Average Distance Square: 21421.2
--------------------------------------------------------------------
Tungsten # 3

Total Size: 35914, Non-Proton Size: 35914

Segment Vector Size -- Upstream: 35914, Downstream: 209066
Track Vector Size -- Upstream: 7331, Downstream: 7232

Average Distance Square: 18994.9
--------------------------------------------------------------------
Tungsten # 4

Total Size: 34973, Non-Proton Size: 34973

Segment Vector Size -- Upstream: 34973, Downstream: 201659
Track Vector Size -- Upstream: 7178, Downstream: 7049

Average Distance Square: 20540.5
--------------------------------------------------------------------
Tungsten # 5

Total Size: 33889, Non-Proton Size: 33889

Segment Vector Size -- Upstream: 33889, Downstream: 193799
Track Vector Size -- Upstream: 6999, Downstream: 6835

Average Distance Square: 18374.2
--------------------------------------------------------------------
Tungsten # 6

Total Size: 32233, Non-Proton Size: 32233

Segment Vector Size -- Upstream: 32233, Downstream: 186126
Track Vector Size -- Upstream: 6774, Downstream: 6607

Average Distance Square: 17176.4
--------------------------------------------------------------------
Tungsten # 7

Total Size: 31292, Non-Proton Size: 31292

Segment Vector Size -- Upstream: 31292, Downstream: 175793
Track Vector Size -- Upstream: 6531, Downstream: 6359

Average Distance Square: 21279.7
--------------------------------------------------------------------
Tungsten # 8

Total Size: 0, Non-Proton Size: 0

Segment Vector Size -- Upstream: 175793, Downstream: 170698
Track Vector Size -- Upstream: 6359, Downstream: 6002

Average Distance Square: -nan
--------------------------------------------------------------------
Tungsten # 9

Total Size: 0, Non-Proton Size: 0

Segment Vector Size -- Upstream: 170698, Downstream: 76333
Track Vector Size -- Upstream: 6002, Downstream: 2550

Average Distance Square: -nan
--------------------------------------------------------------------
-
