Slope X Sigma: 0.00042
----------------------------------
Tungsten # 0

Total Size: 0, Non-Proton Size: 0

Segment Vector Size -- Upstream: 8214, Downstream: 240442
Track Vector Size -- Upstream: 8214, Downstream: 8189

Average Distance Square: -nan
--------------------------------------------------------------------
Tungsten # 1

Total Size: 39717, Non-Proton Size: 39717

Segment Vector Size -- Upstream: 39717, Downstream: 234455
Track Vector Size -- Upstream: 8106, Downstream: 7987

Average Distance Square: 25119.4
--------------------------------------------------------------------
Tungsten # 2

Total Size: 38843, Non-Proton Size: 38843

Segment Vector Size -- Upstream: 38843, Downstream: 228626
Track Vector Size -- Upstream: 7933, Downstream: 7830

Average Distance Square: 22192.9
--------------------------------------------------------------------
Tungsten # 3

Total Size: 38103, Non-Proton Size: 38103

Segment Vector Size -- Upstream: 38103, Downstream: 222961
Track Vector Size -- Upstream: 7803, Downstream: 7691

Average Distance Square: 20804.3
--------------------------------------------------------------------
Tungsten # 4

Total Size: 37234, Non-Proton Size: 37234

Segment Vector Size -- Upstream: 37234, Downstream: 216956
Track Vector Size -- Upstream: 7661, Downstream: 7549

Average Distance Square: 19137.9
--------------------------------------------------------------------
Tungsten # 5

Total Size: 36224, Non-Proton Size: 36224

Segment Vector Size -- Upstream: 36224, Downstream: 208868
Track Vector Size -- Upstream: 7498, Downstream: 7332

Average Distance Square: 20404.4
--------------------------------------------------------------------
Tungsten # 6

Total Size: 34944, Non-Proton Size: 34944

Segment Vector Size -- Upstream: 34944, Downstream: 199802
Track Vector Size -- Upstream: 7267, Downstream: 7087

Average Distance Square: 20033.4
--------------------------------------------------------------------
Tungsten # 7

Total Size: 33525, Non-Proton Size: 33525

Segment Vector Size -- Upstream: 33525, Downstream: 188436
Track Vector Size -- Upstream: 7025, Downstream: 6810

Average Distance Square: 22290.1
--------------------------------------------------------------------
Tungsten # 8

Total Size: 0, Non-Proton Size: 0

Segment Vector Size -- Upstream: 188436, Downstream: 182955
Track Vector Size -- Upstream: 6810, Downstream: 6430

Average Distance Square: -nan
--------------------------------------------------------------------
Tungsten # 9

Total Size: 0, Non-Proton Size: 0

Segment Vector Size -- Upstream: 182955, Downstream: 85735
Track Vector Size -- Upstream: 6430, Downstream: 2864

Average Distance Square: -nan
--------------------------------------------------------------------
