Slope X Sigma: 0.00033
----------------------------------
Tungsten # 0

Total Size: 9763, Non-Proton Size: 7

Segment Vector Size -- Upstream: 9763, Downstream: 279751
Track Vector Size -- Upstream: 9763, Downstream: 9738

Average Distance Square: 0
--------------------------------------------------------------------
Tungsten # 1

Total Size: 47146, Non-Proton Size: 499

Segment Vector Size -- Upstream: 47146, Downstream: 279432
Track Vector Size -- Upstream: 9875, Downstream: 9777

Average Distance Square: 12.5066
--------------------------------------------------------------------TTungsten # 2

Total Size: 46397, Non-Proton Size: 959

Segment Vector Size -- Upstream: 46397, Downstream: 275448
Track Vector Size -- Upstream: 9770, Downstream: 9677

Average Distance Square: 57.945
--------------------------------------------------------------------
Tungsten # 3

Total Size: 45819, Non-Proton Size: 1414

Segment Vector Size -- Upstream: 45819, Downstream: 270563
Track Vector Size -- Upstream: 9679, Downstream: 9560

Average Distance Square: 109.426
--------------------------------------------------------------------
Tungsten # 4

Total Size: 45022, Non-Proton Size: 1835

Segment Vector Size -- Upstream: 45022, Downstream: 264991
Track Vector Size -- Upstream: 9529, Downstream: 9431

Average Distance Square: 141.91
--------------------------------------------------------------------
Tungsten # 5

Total Size: 44049, Non-Proton Size: 2371

Segment Vector Size -- Upstream: 44049, Downstream: 258286
Track Vector Size -- Upstream: 9384, Downstream: 9265

Average Distance Square: 187.181
--------------------------------------------------------------------
TuTungsten # 6

Total Size: 42725, Non-Proton Size: 2732

Segment Vector Size -- Upstream: 42725, Downstream: 250116
Track Vector Size -- Upstream: 9134, Downstream: 9032

Average Distance Square: 274.431
-------------------------------------------------------------------Tungsten # 7

Total Size: 41511, Non-Proton Size: 3250

Segment Vector Size -- Upstream: 41511, Downstream: 260770
Track Vector Size -- Upstream: 8982, Downstream: 8854

Average Distance Square: 301.924
--------------------------------------------------------------------
TuTungsten # 8

Total Size: 0, Non-Proton Size: 0

Segment Vector Size -- Upstream: 257834, Downstream: 256393
Track Vector Size -- Upstream: 8767, Downstream: 8666

Average Distance Square: -nan
-------------------------------------------------------------------Tungsten # 9

Total Size: 0, Non-Proton Size: 0

Segment Vector Size -- Upstream: 259292, Downstream: 252780
Track Vector Size -- Upstream: 8748, Downstream: 8592

Average Distance Square: -nan
--------------------------------------------------------------------
-
