Slope X Sigma: 0.00042
----------------------------------
Tungsten # 0

Total Size: 0, Non-Proton Size: 0

Segment Vector Size -- Upstream: 7199, Downstream: 211294
Track Vector Size -- Upstream: 7199, Downstream: 7175

Average Distance Square: -nan
--------------------------------------------------------------------
Tungsten # 1

Total Size: 39278, Non-Proton Size: 39278

Segment Vector Size -- Upstream: 39278, Downstream: 231934
Track Vector Size -- Upstream: 8011, Downstream: 7915

Average Distance Square: 17904.5
--------------------------------------------------------------------
Tungsten # 2

Total Size: 38753, Non-Proton Size: 38753

Segment Vector Size -- Upstream: 38753, Downstream: 228222
Track Vector Size -- Upstream: 7914, Downstream: 7826

Average Distance Square: 21995.4
--------------------------------------------------------------------
Tungsten # 3

Total Size: 37719, Non-Proton Size: 37719

Segment Vector Size -- Upstream: 37719, Downstream: 222974
Track Vector Size -- Upstream: 7804, Downstream: 7701

Average Distance Square: 22426.6
--------------------------------------------------------------------
Tungsten # 4

Total Size: 37341, Non-Proton Size: 37341

Segment Vector Size -- Upstream: 37341, Downstream: 216844
Track Vector Size -- Upstream: 7678, Downstream: 7525

Average Distance Square: 24050.5
--------------------------------------------------------------------
Tungsten # 5

Total Size: 36187, Non-Proton Size: 36187

Segment Vector Size -- Upstream: 36187, Downstream: 209689
Track Vector Size -- Upstream: 7497, Downstream: 7349

Average Distance Square: 14775.9
--------------------------------------------------------------------
Tungsten # 6

Total Size: 35208, Non-Proton Size: 35208

Segment Vector Size -- Upstream: 35208, Downstream: 201279
Track Vector Size -- Upstream: 7336, Downstream: 7153

Average Distance Square: 13684.3
--------------------------------------------------------------------
Tungsten # 7

Total Size: 34014, Non-Proton Size: 34014

Segment Vector Size -- Upstream: 34014, Downstream: 191210
Track Vector Size -- Upstream: 7116, Downstream: 6908

Average Distance Square: 16754.8
--------------------------------------------------------------------
Tungsten # 8

Total Size: 0, Non-Proton Size: 0

Segment Vector Size -- Upstream: 191210, Downstream: 185686
Track Vector Size -- Upstream: 6908, Downstream: 6523

Average Distance Square: -nan
--------------------------------------------------------------------
Tungsten # 9

Total Size: 0, Non-Proton Size: 0

Segment Vector Size -- Upstream: 185686, Downstream: 91294
Track Vector Size -- Upstream: 6523, Downstream: 3062

Average Distance Square: -nan
--------------------------------------------------------------------
