Slope X Sigma: 0.00042
----------------------------------
Tungsten # 0

Total Size: 0, Non-Proton Size: 0

Segment Vector Size -- Upstream: 7361, Downstream: 215660
Track Vector Size -- Upstream: 7361, Downstream: 7334

Average Distance Square: -nan
--------------------------------------------------------------------
Tungsten # 1

Total Size: 37075, Non-Proton Size: 37075

Segment Vector Size -- Upstream: 37075, Downstream: 217171
Track Vector Size -- Upstream: 7557, Downstream: 7466

Average Distance Square: 23473.2
--------------------------------------------------------------------
Tungsten # 2

Total Size: 37596, Non-Proton Size: 37596

Segment Vector Size -- Upstream: 37596, Downstream: 219337
Track Vector Size -- Upstream: 7689, Downstream: 7595

Average Distance Square: 22656.6
-------------------------------------------------------------------TuTungsten # 3

Total Size: 36932, Non-Proton Size: 36932

Segment Vector Size -- Upstream: 36932, Downstream: 212777
Track Vector Size -- Upstream: 7550, Downstream: 7427

Average Distance Square: 23932.5
-------------------------------------------------------------------TuTungsten # 4

Total Size: 35953, Non-Proton Size: 35953

Segment Vector Size -- Upstream: 35953, Downstream: 207779
Track Vector Size -- Upstream: 7404, Downstream: 7262

Average Distance Square: 18915.4
-------------------------------------------------------------------TuTungsten # 5

Total Size: 34866, Non-Proton Size: 34866

Segment Vector Size -- Upstream: 34866, Downstream: 199873
Track Vector Size -- Upstream: 7251, Downstream: 7060

Average Distance Square: 13805.8
-------------------------------------------------------------------TuTungsten # 6

Total Size: 33604, Non-Proton Size: 33604

Segment Vector Size -- Upstream: 33604, Downstream: 189630
Track Vector Size -- Upstream: 7011, Downstream: 6816

Average Distance Square: 15031.5
------------------------------------------------------------------TTuTungsten # 7

Total Size: 32124, Non-Proton Size: 32124

Segment Vector Size -- Upstream: 32124, Downstream: 158257
Track Vector Size -- Upstream: 6771, Downstream: 6551

Average Distance Square: 16101.5
-------------------------------------------------------------------TuTungsten # 8

Total Size: 0, Non-Proton Size: 0

Segment Vector Size -- Upstream: 158257, Downstream: 151829
Track Vector Size -- Upstream: 6551, Downstream: 6101

Average Distance Square: -nan
-------------------------------------------------------------------TuTungsten # 9

Total Size: 0, Non-Proton Size: 0

Segment Vector Size -- Upstream: 151829, Downstream: 24157
Track Vector Size -- Upstream: 6101, Downstream: 816

Average Distance Square: -nan
--------------------------------------------------------------------
