Slope X Sigma: 0.00042
----------------------------------
Tungsten # 0

Total Size: 0, Non-Proton Size: 0

Segment Vector Size -- Upstream: 7011, Downstream: 205418
Track Vector Size -- Upstream: 7011, Downstream: 6990

Average Distance Square: -nan
--------------------------------------------------------------------
Tungsten # 1

Total Size: 39994, Non-Proton Size: 39994

Segment Vector Size -- Upstream: 39994, Downstream: 236753
Track Vector Size -- Upstream: 8112, Downstream: 8049

Average Distance Square: 20853.5
--------------------------------------------------------------------
Tungsten # 2

Total Size: 39388, Non-Proton Size: 39388

Segment Vector Size -- Upstream: 39388, Downstream: 232113
Track Vector Size -- Upstream: 8035, Downstream: 7951

Average Distance Square: 21631.3
--------------------------------------------------------------------
Tungsten # 3

Total Size: 38912, Non-Proton Size: 38912

Segment Vector Size -- Upstream: 38912, Downstream: 227214
Track Vector Size -- Upstream: 7969, Downstream: 7835

Average Distance Square: 22553.4
-------------------------------------------------------------------TuTungsten # 4

Total Size: 37998, Non-Proton Size: 37998

Segment Vector Size -- Upstream: 37998, Downstream: 221283
Track Vector Size -- Upstream: 7805, Downstream: 7669

Average Distance Square: 18592.7
-------------------------------------------------------------------TuTungsten # 5

Total Size: 37077, Non-Proton Size: 37077

Segment Vector Size -- Upstream: 37077, Downstream: 215584
Track Vector Size -- Upstream: 7647, Downstream: 7514

Average Distance Square: 15413.6
-------------------------------------------------------------------TuTungsten # 6

Total Size: 36079, Non-Proton Size: 36079

Segment Vector Size -- Upstream: 36079, Downstream: 207328
Track Vector Size -- Upstream: 7471, Downstream: 7328

Average Distance Square: 13725.5
-------------------------------------------------------------------TuTungsten # 7

Total Size: 34814, Non-Proton Size: 34814

Segment Vector Size -- Upstream: 34814, Downstream: 197540
Track Vector Size -- Upstream: 7292, Downstream: 7063

Average Distance Square: 15586.4
-------------------------------------------------------------------TuTungsten # 8

Total Size: 0, Non-Proton Size: 0

Segment Vector Size -- Upstream: 197540, Downstream: 192791
Track Vector Size -- Upstream: 7063, Downstream: 6726

Average Distance Square: -nan
-------------------------------------------------------------------TuTungsten # 9

Total Size: 0, Non-Proton Size: 0

Segment Vector Size -- Upstream: 192791, Downstream: 96301
Track Vector Size -- Upstream: 6726, Downstream: 3214

Average Distance Square: -nan
--------------------------------------------------------------------
