Slope X Sigma: 0.00033
----------------------------------
Tungsten # 0

Total Size: 9768, Non-Proton Size: 7

Segment Vector Size -- Upstream: 9768, Downstream: 280040
Track Vector Size -- Upstream: 9768, Downstream: 9746

Average Distance Square: 0
--------------------------------------------------------------------
Tungsten # 1

Total Size: 46524, Non-Proton Size: 436

Segment Vector Size -- Upstream: 46524, Downstream: 275566
Track Vector Size -- Upstream: 9740, Downstream: 9631

Average Distance Square: 13.177
--------------------------------------------------------------------
Tungsten # 2

Total Size: 45756, Non-Proton Size: 926

Segment Vector Size -- Upstream: 45756, Downstream: 271940
Track Vector Size -- Upstream: 9645, Downstream: 9536

Average Distance Square: 46.496
--------------------------------------------------------------------
Tungsten # 3

Total Size: 45178, Non-Proton Size: 1328

Segment Vector Size -- Upstream: 45178, Downstream: 267730
Track Vector Size -- Upstream: 9529, Downstream: 9444

Average Distance Square: 84.8261
--------------------------------------------------------------------
Tungsten # 4

Total Size: 44565, Non-Proton Size: 1705

Segment Vector Size -- Upstream: 44565, Downstream: 262887
Track Vector Size -- Upstream: 9423, Downstream: 9336

Average Distance Square: 111.906
--------------------------------------------------------------------
Tungsten # 5

Total Size: 43622, Non-Proton Size: 2164

Segment Vector Size -- Upstream: 43622, Downstream: 256871
Track Vector Size -- Upstream: 9299, Downstream: 9182

Average Distance Square: 150.058
--------------------------------------------------------------------
Tungsten # 6

Total Size: 42618, Non-Proton Size: 2535

Segment Vector Size -- Upstream: 42618, Downstream: 249881
Track Vector Size -- Upstream: 9126, Downstream: 8994

Average Distance Square: 194.391
--------------------------------------------------------------------
Tungsten # 7

Total Size: 37889, Non-Proton Size: 2550

Segment Vector Size -- Upstream: 37889, Downstream: 236727
Track Vector Size -- Upstream: 8123, Downstream: 8035

Average Distance Square: 240.565
--------------------------------------------------------------------
Tungsten # 8

Total Size: 0, Non-Proton Size: 0

Segment Vector Size -- Upstream: 236727, Downstream: 235457
Track Vector Size -- Upstream: 8035, Downstream: 7938

Average Distance Square: -nan
--------------------------------------------------------------------
Tungsten # 9

Total Size: 0, Non-Proton Size: 0

Segment Vector Size -- Upstream: 235457, Downstream: 229877
Track Vector Size -- Upstream: 7938, Downstream: 7797

Average Distance Square: -nan
--------------------------------------------------------------------
-

