Slope X Sigma: 0.00042
----------------------------------
Tungsten # 0

Total Size: 0, Non-Proton Size: 0

Segment Vector Size -- Upstream: 7000, Downstream: 206015
Track Vector Size -- Upstream: 7000, Downstream: 6977

Average Distance Square: -nan
--------------------------------------------------------------------
Tungsten # 1

Total Size: 34107, Non-Proton Size: 34107

Segment Vector Size -- Upstream: 34107, Downstream: 201904
Track Vector Size -- Upstream: 6930, Downstream: 6866

Average Distance Square: 18084.6
-------------------------------------------------------------------TuTungsten # 2

Total Size: 33746, Non-Proton Size: 33746

Segment Vector Size -- Upstream: 33746, Downstream: 198484
Track Vector Size -- Upstream: 6865, Downstream: 6787

Average Distance Square: 20706.4
-------------------------------------------------------------------TuTungsten # 3

Total Size: 33293, Non-Proton Size: 33293

Segment Vector Size -- Upstream: 33293, Downstream: 195155
Track Vector Size -- Upstream: 6798, Downstream: 6705

Average Distance Square: 20777
--------------------------------------------------------------------
Tungsten # 4

Total Size: 32578, Non-Proton Size: 32578

Segment Vector Size -- Upstream: 32578, Downstream: 190583
Track Vector Size -- Upstream: 6674, Downstream: 6587

Average Distance Square: 22136.7
-------------------------------------------------------------------TuTungsten # 5

Total Size: 31616, Non-Proton Size: 31616

Segment Vector Size -- Upstream: 31616, Downstream: 185635
Track Vector Size -- Upstream: 6570, Downstream: 6461

Average Distance Square: 15977.7
-------------------------------------------------------------------TuTungsten # 6

Total Size: 31186, Non-Proton Size: 31186

Segment Vector Size -- Upstream: 31186, Downstream: 179421
Track Vector Size -- Upstream: 6435, Downstream: 6309

Average Distance Square: 15501.8
-------------------------------------------------------------------TuTungsten # 7

Total Size: 30172, Non-Proton Size: 30172

Segment Vector Size -- Upstream: 30172, Downstream: 170339
Track Vector Size -- Upstream: 6256, Downstream: 6097

Average Distance Square: 17177.2
--------------------------------------------------------------------
Tungsten # 8

Total Size: 0, Non-Proton Size: 0

Segment Vector Size -- Upstream: 170339, Downstream: 166250
Track Vector Size -- Upstream: 6097, Downstream: 5812

Average Distance Square: -nan
--------------------------------------------------------------------
Tungsten # 9

Total Size: 0, Non-Proton Size: 0

Segment Vector Size -- Upstream: 166250, Downstream: 81520
Track Vector Size -- Upstream: 5812, Downstream: 2721

Average Distance Square: -nan
--------------------------------------------------------------------
-
