Slope X Sigma: 0.00042
----------------------------------
Tungsten # 0

Total Size: 0, Non-Proton Size: 0

Segment Vector Size -- Upstream: 1, Downstream: 0
Track Vector Size -- Upstream: 1, Downstream: 0

Average Distance Square: -nan
--------------------------------------------------------------------
Tungsten # 1

Total Size: 0, Non-Proton Size: 0

Segment Vector Size -- Upstream: 0, Downstream: 0
Track Vector Size -- Upstream: 0, Downstream: 0

Average Distance Square: -nan
--------------------------------------------------------------------
TungsTungsten # 2

Total Size: 5, Non-Proton Size: 5

Segment Vector Size -- Upstream: 5, Downstream: 30
Track Vector Size -- Upstream: 1, Downstream: 1

Average Distance Square: 27462.4
------------------------------------------------------------Tungsten # 3

Total Size: 0, Non-Proton Size: 0

Segment Vector Size -- Upstream: 0, Downstream: 0
Track Vector Size -- Upstream: 0, Downstream: 0

Average Distance Square: -nan
--------------------------------------------------------------------
Tungsten # 4

Total Size: 0, Non-Proton Size: 0

Segment Vector Size -- Upstream: 0, Downstream: 0
Track Vector Size -- Upstream: 0, Downstream: 0

Average Distance Square: -nan
--------------------------------------------------------------------
Tungsten # 5

TotTungsten # 5

Total Size: 4, Non-Proton Size: 4

Segment Vector Size -- Upstream: 4, Downstream: 13
Track Vector Size -- Upstream: 1, Downstream: 1

Average Distance Square: 14260.7
------------------------------------------------Tungsten # 6

Total Size: 0, Non-Proton Size: 0

Segment Vector Size -- Upstream: 0, Downstream: 0
Track Vector Size -- Upstream: 0, Downstream: 0

Average Distance Square: -nan
--------------------------------------------------------------------
Tungsten # 7

Total Size: 0, Non-Proton Size: 0

Segment Vector Size -- Upstream: 0, Downstream: 0
Track Vector Size -- Upstream: 0, Downstream: 0

Average Distance Square: -nan
--------------------------------------------------------------------
Tungsten # 8

Total Size: 0, Non-Proton Size: 0

Segment Vector Size -- Upstream: 0, Downstream: 0
Track Vector Size -- Upstream: 0, Downstream: 0

Average Distance Square: -nan
--------------------------------------------------------------------
Tungsten # 9

Total Size: 0, Non-Proton Size: 0

Segment Vector Size -- Upstream: 0, Downstream: 0
Track Vector Size -- Upstream: 0, Downstream: 0

Average Distance Square: -nan
--------------------------------------------------------------------
-------------------------------
