Slope X Sigma: 0.00033
----------------------------------
Tungsten # 0

Total Size: 9557, Non-Proton Size: 6

Segment Vector Size -- Upstream: 9557, Downstream: 274013
Track Vector Size -- Upstream: 9557, Downstream: 9533

Average Distance Square: 0
--------------------------------------------------------------------
Tungsten # 1

Total Size: 46516, Non-Proton Size: 461

Segment Vector Size -- Upstream: 46516, Downstream: 275981
Track Vector Size -- Upstream: 9769, Downstream: 9648

Average Distance Square: 10.027
--------------------------------------------------------------------
TTungsten # 2

Total Size: 46023, Non-Proton Size: 948

Segment Vector Size -- Upstream: 46023, Downstream: 272465
Track Vector Size -- Upstream: 9656, Downstream: 9564

Average Distance Square: 50.3981
--------------------------------------------------------------------TTungsten # 3

Total Size: 45607, Non-Proton Size: 1460

Segment Vector Size -- Upstream: 45607, Downstream: 269714
Track Vector Size -- Upstream: 9630, Downstream: 9521

Average Distance Square: 85.9615
--------------------------------------------------------------------TTungsten # 4

Total Size: 43388, Non-Proton Size: 1842

Segment Vector Size -- Upstream: 43388, Downstream: 256052
Track Vector Size -- Upstream: 9192, Downstream: 9106

Average Distance Square: 122.273
--------------------------------------------------------------------TTungsten # 5

Total Size: 43814, Non-Proton Size: 2313

Segment Vector Size -- Upstream: 43814, Downstream: 257663
Track Vector Size -- Upstream: 9329, Downstream: 9217

Average Distance Square: 162.498
-------------------------------------------------------------------Tungsten # 6

Total Size: 42216, Non-Proton Size: 2577

Segment Vector Size -- Upstream: 42216, Downstream: 247296
Track Vector Size -- Upstream: 9026, Downstream: 8919

Average Distance Square: 212.332
--------------------------------------------------------------------
TuTungsten # 7

Total Size: 41240, Non-Proton Size: 3138

Segment Vector Size -- Upstream: 41240, Downstream: 257748
Track Vector Size -- Upstream: 8868, Downstream: 8749

Average Distance Square: 254.743
-------------------------------------------------------------------Tungsten # 8

Total Size: 0, Non-Proton Size: 0

Segment Vector Size -- Upstream: 256532, Downstream: 254937
Track Vector Size -- Upstream: 8722, Downstream: 8601

Average Distance Square: -nan
--------------------------------------------------------------------
TuTungsten # 9

Total Size: 0, Non-Proton Size: 0

Segment Vector Size -- Upstream: 256406, Downstream: 250423
Track Vector Size -- Upstream: 8651, Downstream: 8513

Average Distance Square: -nan
--------------------------------------------------------------------
