Slope X Sigma: 0.00042
----------------------------------
Tungsten # 0

Total Size: 0, Non-Proton Size: 0

Segment Vector Size -- Upstream: 353, Downstream: 10319
Track Vector Size -- Upstream: 353, Downstream: 352

Average Distance Square: -nan
--------------------------------------------------------------------TTungsten # 1

Total Size: 3753, Non-Proton Size: 3753

Segment Vector Size -- Upstream: 3753, Downstream: 22272
Track Vector Size -- Upstream: 763, Downstream: 757

Average Distance Square: 16015.4
----------------------------------------------------------------TungsTungsten # 2

Total Size: 3716, Non-Proton Size: 3716

Segment Vector Size -- Upstream: 3716, Downstream: 21700
Track Vector Size -- Upstream: 755, Downstream: 747

Average Distance Square: 19013.1
------------------------------------------------------------TungstenTTungsten # 3

Total Size: 3634, Non-Proton Size: 3634

Segment Vector Size -- Upstream: 3634, Downstream: 20965
Track Vector Size -- Upstream: 741, Downstream: 729

Average Distance Square: 18224.4
--------------------------------------------------------Tungsten # TuTungsten # 4

Total Size: 3522, Non-Proton Size: 3522

Segment Vector Size -- Upstream: 3522, Downstream: 20152
Track Vector Size -- Upstream: 726, Downstream: 709

Average Distance Square: 20841.5
----------------------------------------------------Tungsten # 5

TunTungsten # 5

Total Size: 3376, Non-Proton Size: 3376

Segment Vector Size -- Upstream: 3376, Downstream: 19325
Track Vector Size -- Upstream: 704, Downstream: 687

Average Distance Square: 20137.5
------------------------------------------------Tungsten # 6

TotTungTungsten # 6

Total Size: 3357, Non-Proton Size: 3357

Segment Vector Size -- Upstream: 3357, Downstream: 18560
Track Vector Size -- Upstream: 699, Downstream: 681

Average Distance Square: 19474.1
--------------------------------------------Tungsten # 7

Total TungsTungsten # 7

Total Size: 3075, Non-Proton Size: 3075

Segment Vector Size -- Upstream: 3075, Downstream: 15158
Track Vector Size -- Upstream: 647, Downstream: 626

Average Distance Square: 22235.2
----------------------------------------Tungsten # 8

Total SizTungsten # 8

Total Size: 0, Non-Proton Size: 0

Segment Vector Size -- Upstream: 7120, Downstream: 6810
Track Vector Size -- Upstream: 278, Downstream: 256

Average Distance Square: -nan
---------------------------------------------Tungsten # 9

Total SizeTungsten # 9

Total Size: 0, Non-Proton Size: 0

Segment Vector Size -- Upstream: 6810, Downstream: 0
Track Vector Size -- Upstream: 256, Downstream: 0

Average Distance Square: -nan
--------------------------------------------------------------------
------
-
----
