Slope X Sigma: 0.00042
----------------------------------
Tungsten # 0

Total Size: 0, Non-Proton Size: 0

Segment Vector Size -- Upstream: 6520, Downstream: 182654
Track Vector Size -- Upstream: 6520, Downstream: 6375

Average Distance Square: -nan
-------------------------------------------------------Tungsten TungsTungsten # 1

Total Size: 36914, Non-Proton Size: 36914

Segment Vector Size -- Upstream: 36914, Downstream: 217401
Track Vector Size -- Upstream: 7528, Downstream: 7418

Average Distance Square: 29092.6
-------------------------------------------------------------------TuTungsten # 2

Total Size: 36062, Non-Proton Size: 36062

Segment Vector Size -- Upstream: 36062, Downstream: 212834
Track Vector Size -- Upstream: 7419, Downstream: 7320

Average Distance Square: 22201.4
-------------------------------------------------------------------TuTungsten # 3

Total Size: 35815, Non-Proton Size: 35815

Segment Vector Size -- Upstream: 35815, Downstream: 208244
Track Vector Size -- Upstream: 7302, Downstream: 7217

Average Distance Square: 24764.3
-------------------------------------------------------------------TuTungsten # 4

Total Size: 34901, Non-Proton Size: 34901

Segment Vector Size -- Upstream: 34901, Downstream: 202309
Track Vector Size -- Upstream: 7169, Downstream: 7062

Average Distance Square: 22607.3
--------------------------------------------------------------------
Tungsten # 5

Total Size: 33839, Non-Proton Size: 33839

Segment Vector Size -- Upstream: 33839, Downstream: 193800
Track Vector Size -- Upstream: 7021, Downstream: 6892

Average Distance Square: 15705.9
--------------------------------------------------------------------
Tungsten # 6

Total Size: 32717, Non-Proton Size: 32717

Segment Vector Size -- Upstream: 32717, Downstream: 184538
Track Vector Size -- Upstream: 6821, Downstream: 6648

Average Distance Square: 18421.2
--------------------------------------------------------------------
Tungsten # 7

Total Size: 31293, Non-Proton Size: 31293

Segment Vector Size -- Upstream: 31293, Downstream: 173014
Track Vector Size -- Upstream: 6599, Downstream: 6388

Average Distance Square: 17278.7
--------------------------------------------------------------------
Tungsten # 8

Total Size: 0, Non-Proton Size: 0

Segment Vector Size -- Upstream: 173014, Downstream: 167593
Track Vector Size -- Upstream: 6388, Downstream: 5993

Average Distance Square: -nan
--------------------------------------------------------------------
Tungsten # 9

Total Size: 0, Non-Proton Size: 0

Segment Vector Size -- Upstream: 167593, Downstream: 63596
Track Vector Size -- Upstream: 5993, Downstream: 2154

Average Distance Square: -nan
--------------------------------------------------------------------
