Slope X Sigma: 0.00033
----------------------------------
Tungsten # 0

Total Size: 9862, Non-Proton Size: 5

Segment Vector Size -- Upstream: 9862, Downstream: 283395
Track Vector Size -- Upstream: 9862, Downstream: 9844

Average Distance Square: 0
--------------------------------------------------------------------
Tungsten # 1

Total Size: 47206, Non-Proton Size: 422

Segment Vector Size -- Upstream: 47206, Downstream: 279865
Track Vector Size -- Upstream: 9868, Downstream: 9761

Average Distance Square: 11.3859
--------------------------------------------------------------------
Tungsten # 2

Total Size: 46549, Non-Proton Size: 901

Segment Vector Size -- Upstream: 46549, Downstream: 276053
Track Vector Size -- Upstream: 9789, Downstream: 9664

Average Distance Square: 53.9574
-------------------------------------------------------------------TuTungsten # 3

Total Size: 45851, Non-Proton Size: 1393

Segment Vector Size -- Upstream: 45851, Downstream: 271512
Track Vector Size -- Upstream: 9664, Downstream: 9555

Average Distance Square: 95.7538
-------------------------------------------------------------------TuTungsten # 4

Total Size: 45168, Non-Proton Size: 1846

Segment Vector Size -- Upstream: 45168, Downstream: 266695
Track Vector Size -- Upstream: 9511, Downstream: 9426

Average Distance Square: 143.114
------------------------------------------------------------------TunTungsten # 5

Total Size: 44371, Non-Proton Size: 2274

Segment Vector Size -- Upstream: 44371, Downstream: 261730
Track Vector Size -- Upstream: 9406, Downstream: 9304

Average Distance Square: 195.6
--------------------------------------------------------------------TTungsten # 6

Total Size: 43548, Non-Proton Size: 2600

Segment Vector Size -- Upstream: 43548, Downstream: 256175
Track Vector Size -- Upstream: 9254, Downstream: 9154

Average Distance Square: 219.358
--------------------------------------------------------------------TTungsten # 7

Total Size: 42513, Non-Proton Size: 2874

Segment Vector Size -- Upstream: 42513, Downstream: 264782
Track Vector Size -- Upstream: 9082, Downstream: 8956

Average Distance Square: 255.816
--------------------------------------------------------------------
Tungsten # 8

Total Size: 0, Non-Proton Size: 0

Segment Vector Size -- Upstream: 264782, Downstream: 263518
Track Vector Size -- Upstream: 8956, Downstream: 8861

Average Distance Square: -nan
--------------------------------------------------------------------
Tungsten # 9

Total Size: 0, Non-Proton Size: 0

Segment Vector Size -- Upstream: 263518, Downstream: 258371
Track Vector Size -- Upstream: 8861, Downstream: 8729

Average Distance Square: -nan
--------------------------------------------------------------------
-
