Slope X Sigma: 0.00033
----------------------------------
Tungsten # 0

Total Size: 9847, Non-Proton Size: 7

Segment Vector Size -- Upstream: 9847, Downstream: 281847
Track Vector Size -- Upstream: 9847, Downstream: 9815

Average Distance Square: 0
--------------------------------------------------------------------
Tungsten # 1

Total Size: 46156, Non-Proton Size: 488

Segment Vector Size -- Upstream: 46156, Downstream: 273792
Track Vector Size -- Upstream: 9700, Downstream: 9581

Average Distance Square: 10.6831
--------------------------------------------------------------------
Tungsten # 2

Total Size: 46237, Non-Proton Size: 1020

Segment Vector Size -- Upstream: 46237, Downstream: 273891
Track Vector Size -- Upstream: 9707, Downstream: 9628

Average Distance Square: 53.9655
-------------------------------------------------------------------Tungsten # 3

Total Size: 45162, Non-Proton Size: 1444

Segment Vector Size -- Upstream: 45162, Downstream: 267078
Track Vector Size -- Upstream: 9524, Downstream: 9425

Average Distance Square: 87.0646
--------------------------------------------------------------------
TTTungsten # 4

Total Size: 43828, Non-Proton Size: 1899

Segment Vector Size -- Upstream: 43828, Downstream: 258475
Track Vector Size -- Upstream: 9303, Downstream: 9190

Average Distance Square: 120.884
------------------------------------------------------------------Tungsten # 5

Total Size: 43568, Non-Proton Size: 2237

Segment Vector Size -- Upstream: 43568, Downstream: 256119
Track Vector Size -- Upstream: 9265, Downstream: 9162

Average Distance Square: 173.532
--------------------------------------------------------------------
Tungsten # 6

Total Size: 42516, Non-Proton Size: 2644

Segment Vector Size -- Upstream: 42516, Downstream: 249131
Track Vector Size -- Upstream: 9106, Downstream: 8989

Average Distance Square: 236.229
--------------------------------------------------------------------
Tungsten # 7

Total Size: 41364, Non-Proton Size: 3108

Segment Vector Size -- Upstream: 41364, Downstream: 258391
Track Vector Size -- Upstream: 8895, Downstream: 8788

Average Distance Square: 300.07
--------------------------------------------------------------------
TunTungsten # 8

Total Size: 0, Non-Proton Size: 0

Segment Vector Size -- Upstream: 255806, Downstream: 254308
Track Vector Size -- Upstream: 8701, Downstream: 8586

Average Distance Square: -nan
------------------------------------------------------------------Tungsten # 9

Total Size: 0, Non-Proton Size: 0

Segment Vector Size -- Upstream: 256702, Downstream: 250991
Track Vector Size -- Upstream: 8665, Downstream: 8505

Average Distance Square: -nan
--------------------------------------------------------------------
--
