Slope X Sigma: 0.00042
----------------------------------
Tungsten # 0

Total Size: 0, Non-Proton Size: 0

Segment Vector Size -- Upstream: 6268, Downstream: 183307
Track Vector Size -- Upstream: 6268, Downstream: 6242

Average Distance Square: -nan
--------------------------------------------------------------------
Tungsten # 1

Total Size: 33122, Non-Proton Size: 33122

Segment Vector Size -- Upstream: 33122, Downstream: 195648
Track Vector Size -- Upstream: 6713, Downstream: 6664

Average Distance Square: 18467.7
--------------------------------------------------------------------
Tungsten # 2

Total Size: 31927, Non-Proton Size: 31927

Segment Vector Size -- Upstream: 31927, Downstream: 188626
Track Vector Size -- Upstream: 6495, Downstream: 6448

Average Distance Square: 17395.2
-------------------------------------------------------------------TuTungsten # 3

Total Size: 31379, Non-Proton Size: 31379

Segment Vector Size -- Upstream: 31379, Downstream: 183979
Track Vector Size -- Upstream: 6420, Downstream: 6336

Average Distance Square: 19979.3
-------------------------------------------------------------------TuTungsten # 4

Total Size: 30741, Non-Proton Size: 30741

Segment Vector Size -- Upstream: 30741, Downstream: 179055
Track Vector Size -- Upstream: 6305, Downstream: 6209

Average Distance Square: 21134
--------------------------------------------------------------------
TuTungsten # 5

Total Size: 30680, Non-Proton Size: 30680

Segment Vector Size -- Upstream: 30680, Downstream: 178103
Track Vector Size -- Upstream: 6322, Downstream: 6215

Average Distance Square: 19943.9
-------------------------------------------------------------------TuTungsten # 6

Total Size: 29915, Non-Proton Size: 29915

Segment Vector Size -- Upstream: 29915, Downstream: 171153
Track Vector Size -- Upstream: 6174, Downstream: 6044

Average Distance Square: 17672.7
-------------------------------------------------------------------Tungsten # 7

Total Size: 28076, Non-Proton Size: 28076

Segment Vector Size -- Upstream: 28076, Downstream: 158678
Track Vector Size -- Upstream: 5848, Downstream: 5711

Average Distance Square: 18999
--------------------------------------------------------------------
Tungsten # 8

Total Size: 0, Non-Proton Size: 0

Segment Vector Size -- Upstream: 158678, Downstream: 154705
Track Vector Size -- Upstream: 5711, Downstream: 5434

Average Distance Square: -nan
--------------------------------------------------------------------
TungTungsten # 9

Total Size: 0, Non-Proton Size: 0

Segment Vector Size -- Upstream: 157394, Downstream: 79560
Track Vector Size -- Upstream: 5532, Downstream: 2674

Average Distance Square: -nan
--------------------------------------------------------------------
