Slope X Sigma: 0.00042
----------------------------------
Tungsten # 0

Total Size: 0, Non-Proton Size: 0

Segment Vector Size -- Upstream: 3, Downstream: 89
Track Vector Size -- Upstream: 3, Downstream: 3

Average Distance Square: -nan
--------------------------------------------------------------------TTungsten # 1

Total Size: 15, Non-Proton Size: 15

Segment Vector Size -- Upstream: 15, Downstream: 79
Track Vector Size -- Upstream: 3, Downstream: 3

Average Distance Square: 18560.3
-------------------------------------------------------------TungstenTungsten # 2

Total Size: 14, Non-Proton Size: 14

Segment Vector Size -- Upstream: 14, Downstream: 84
Track Vector Size -- Upstream: 3, Downstream: 3

Average Distance Square: 19919.7
------------------------------------------------------Tungsten # 3

TTunTungsten # 3

Total Size: 20, Non-Proton Size: 20

Segment Vector Size -- Upstream: 20, Downstream: 109
Track Vector Size -- Upstream: 4, Downstream: 4

Average Distance Square: 18519.7
-------------------------------------------Tungsten # 4

Total SiTungTungsten # 4

Total Size: 19, Non-Proton Size: 19

Segment Vector Size -- Upstream: 19, Downstream: 99
Track Vector Size -- Upstream: 4, Downstream: 4

Average Distance Square: 20521.7
------------------------------------Tungsten # 5

Total Size: TungsteTungsten # 5

Total Size: 15, Non-Proton Size: 15

Segment Vector Size -- Upstream: 15, Downstream: 88
Track Vector Size -- Upstream: 3, Downstream: 3

Average Distance Square: 18217.5
-----------------------------Tungsten # 6

Total Size: 0, NoTungsten Tungsten # 6

Total Size: 14, Non-Proton Size: 14

Segment Vector Size -- Upstream: 14, Downstream: 89
Track Vector Size -- Upstream: 3, Downstream: 3

Average Distance Square: 18076.9
----------------------Tungsten # 7

Total Size: 0, Non-ProtoTungsten Tungsten # 7

Total Size: 15, Non-Proton Size: 15

Segment Vector Size -- Upstream: 15, Downstream: 70
Track Vector Size -- Upstream: 3, Downstream: 3

Average Distance Square: 22324.3
---------------Tungsten # 8

Total Size: 0, Non-Proton SiTungsten # 8Tungsten # 8

Total Size: 0, Non-Proton Size: 0

Segment Vector Size -- Upstream: 70, Downstream: 60
Track Vector Size -- Upstream: 3, Downstream: 2

Average Distance Square: -nan
-------------Tungsten # 9

Total Size: 0, Non-Proton SizeTungsten # 9Tungsten # 9

Total Size: 0, Non-Proton Size: 0

Segment Vector Size -- Upstream: 60, Downstream: 60
Track Vector Size -- Upstream: 2, Downstream: 2

Average Distance Square: -nan
--------------------------------------------------------------------
