Slope X Sigma: 0.00042
----------------------------------
Tungsten # 0

Total Size: 0, Non-Proton Size: 0

Segment Vector Size -- Upstream: 5, Downstream: 31
Track Vector Size -- Upstream: 5, Downstream: 2

Average Distance Square: -nan
--------------------------------------------------------------------TTungsten # 1

Total Size: 4, Non-Proton Size: 4

Segment Vector Size -- Upstream: 4, Downstream: 25
Track Vector Size -- Upstream: 2, Downstream: 1

Average Distance Square: 16666
------------------------------------------------------------------TunTungsten # 2

Total Size: 4, Non-Proton Size: 4

Segment Vector Size -- Upstream: 4, Downstream: 37
Track Vector Size -- Upstream: 2, Downstream: 2

Average Distance Square: 22201.5
--------------------------------------------------------------TungsteTungsten # 3

Total Size: 4, Non-Proton Size: 4

Segment Vector Size -- Upstream: 4, Downstream: 10
Track Vector Size -- Upstream: 1, Downstream: 1

Average Distance Square: 16714.3
----------------------------------------------------------Tungsten # Tungsten # 4

Total Size: 0, Non-Proton Size: 0

Segment Vector Size -- Upstream: 0, Downstream: 0
Track Vector Size -- Upstream: 0, Downstream: 0

Average Distance Square: -nan
----------------------------------------------------------Tungsten # Tungsten # 5

Total Size: 0, Non-Proton Size: 0

Segment Vector Size -- Upstream: 0, Downstream: 0
Track Vector Size -- Upstream: 0, Downstream: 0

Average Distance Square: -nan
----------------------------------------------------------Tungsten # Tungsten # 6

Total Size: 0, Non-Proton Size: 0

Segment Vector Size -- Upstream: 0, Downstream: 0
Track Vector Size -- Upstream: 0, Downstream: 0

Average Distance Square: -nan
----------------------------------------------------------Tungsten # Tungsten # 7

Total Size: 0, Non-Proton Size: 0

Segment Vector Size -- Upstream: 0, Downstream: 0
Track Vector Size -- Upstream: 0, Downstream: 0

Average Distance Square: -nan
----------------------------------------------------------Tungsten # Tungsten # 8

Total Size: 0, Non-Proton Size: 0

Segment Vector Size -- Upstream: 0, Downstream: 0
Track Vector Size -- Upstream: 0, Downstream: 0

Average Distance Square: -nan
----------------------------------------------------------Tungsten # 9

Total Size: 0, Non-Proton Size: 0

Segment Vector Size -- Upstream: 0, Downstream: 0
Track Vector Size -- Upstream: 0, Downstream: 0

Average Distance Square: -nan
--------------------------------------------------------------------
----------
