Slope X Sigma: 0.00033
----------------------------------
Tungsten # 0

Total Size: 9762, Non-Proton Size: 8

Segment Vector Size -- Upstream: 9762, Downstream: 279811
Track Vector Size -- Upstream: 9762, Downstream: 9735

Average Distance Square: 0
--------------------------------------------------------------------
Tungsten # 1

Total Size: 47230, Non-Proton Size: 487

Segment Vector Size -- Upstream: 47230, Downstream: 279534
Track Vector Size -- Upstream: 9908, Downstream: 9783

Average Distance Square: 9.502
--------------------------------------------------------------------
TTungsten # 2

Total Size: 46190, Non-Proton Size: 1072

Segment Vector Size -- Upstream: 46190, Downstream: 273104
Track Vector Size -- Upstream: 9691, Downstream: 9596

Average Distance Square: 52.4126
-------------------------------------------------------------------TuTTungsten # 3

Total Size: 44333, Non-Proton Size: 1394

Segment Vector Size -- Upstream: 44333, Downstream: 262303
Track Vector Size -- Upstream: 9377, Downstream: 9267

Average Distance Square: 85.9108
------------------------------------------------------------------TuTungsten # 4

Total Size: 44514, Non-Proton Size: 2078

Segment Vector Size -- Upstream: 44514, Downstream: 262314
Track Vector Size -- Upstream: 9451, Downstream: 9320

Average Distance Square: 144.835
-------------------------------------------------------------------TuTungsten # 5

Total Size: 43390, Non-Proton Size: 2305

Segment Vector Size -- Upstream: 43390, Downstream: 254879
Track Vector Size -- Upstream: 9248, Downstream: 9130

Average Distance Square: 169.739
-----------------------------------------------------------------Tungsten # 6

Total Size: 42735, Non-Proton Size: 2784

Segment Vector Size -- Upstream: 42735, Downstream: 250843
Track Vector Size -- Upstream: 9174, Downstream: 9064

Average Distance Square: 238.451
--------------------------------------------------------------------
TungTungsten # 7

Total Size: 41212, Non-Proton Size: 3135

Segment Vector Size -- Upstream: 41212, Downstream: 258279
Track Vector Size -- Upstream: 8879, Downstream: 8764

Average Distance Square: 274.123
-----------------------------------------------------------------TungTungsten # 8

Total Size: 0, Non-Proton Size: 0

Segment Vector Size -- Upstream: 258513, Downstream: 256843
Track Vector Size -- Upstream: 8790, Downstream: 8673

Average Distance Square: -nan
-----------------------------------------------------------------Tungsten # 9

Total Size: 0, Non-Proton Size: 0

Segment Vector Size -- Upstream: 259738, Downstream: 253988
Track Vector Size -- Upstream: 8758, Downstream: 8628

Average Distance Square: -nan
--------------------------------------------------------------------
---
