Slope X Sigma: 0.00033
----------------------------------
Tungsten # 0

Total Size: 10604, Non-Proton Size: 6

Segment Vector Size -- Upstream: 10604, Downstream: 309735
Track Vector Size -- Upstream: 10604, Downstream: 10582

Average Distance Square: 0
--------------------------------------------------------------------
Tungsten # 1

Total Size: 52066, Non-Proton Size: 433

Segment Vector Size -- Upstream: 52066, Downstream: 309541
Track Vector Size -- Upstream: 10728, Downstream: 10611

Average Distance Square: 8.44642
--------------------------------------------------------------------
Tungsten # 2

Total Size: 51589, Non-Proton Size: 921

Segment Vector Size -- Upstream: 51589, Downstream: 305587
Track Vector Size -- Upstream: 10634, Downstream: 10504

Average Distance Square: 33.8896
--------------------------------------------------------------------TTungsten # 3

Total Size: 50834, Non-Proton Size: 1400

Segment Vector Size -- Upstream: 50834, Downstream: 300577
Track Vector Size -- Upstream: 10511, Downstream: 10385

Average Distance Square: 67.2649
--------------------------------------------------------------------TTungsten # 4

Total Size: 50368, Non-Proton Size: 1861

Segment Vector Size -- Upstream: 50368, Downstream: 296937
Track Vector Size -- Upstream: 10444, Downstream: 10321

Average Distance Square: 104.997
--------------------------------------------------------------------TTungsten # 5

Total Size: 49093, Non-Proton Size: 2401

Segment Vector Size -- Upstream: 49093, Downstream: 289238
Track Vector Size -- Upstream: 10283, Downstream: 10128

Average Distance Square: 144.419
------------------------------------------------------------------TuTTungsten # 6

Total Size: 48137, Non-Proton Size: 2725

Segment Vector Size -- Upstream: 48137, Downstream: 282412
Track Vector Size -- Upstream: 10090, Downstream: 9949

Average Distance Square: 184.284
-----------------------------------------------------------------TuTungsten # 7

Total Size: 46543, Non-Proton Size: 3059

Segment Vector Size -- Upstream: 46543, Downstream: 184103
Track Vector Size -- Upstream: 9808, Downstream: 9683

Average Distance Square: 230.612
-------------------------------------------------------------------TuTungsten # 8

Total Size: 0, Non-Proton Size: 0

Segment Vector Size -- Upstream: 184103, Downstream: 84421
Track Vector Size -- Upstream: 9683, Downstream: 4225

Average Distance Square: -nan
-------------------------------------------------------------------TuTungsten # 9

Total Size: 0, Non-Proton Size: 0

Segment Vector Size -- Upstream: 84421, Downstream: 0
Track Vector Size -- Upstream: 4225, Downstream: 0

Average Distance Square: -nan
--------------------------------------------------------------------
---
