Slope X Sigma: 0.00033
----------------------------------
Tungsten # 0

Total Size: 9822, Non-Proton Size: 5

Segment Vector Size -- Upstream: 9822, Downstream: 281522
Track Vector Size -- Upstream: 9822, Downstream: 9794

Average Distance Square: 0
--------------------------------------------------------------------
Tungsten # 1

Total Size: 46786, Non-Proton Size: 441

Segment Vector Size -- Upstream: 46786, Downstream: 277436
Track Vector Size -- Upstream: 9808, Downstream: 9698

Average Distance Square: 13.0077
-------------------------------------------------------------------TuTungsten # 2

Total Size: 46095, Non-Proton Size: 971

Segment Vector Size -- Upstream: 46095, Downstream: 273463
Track Vector Size -- Upstream: 9689, Downstream: 9599

Average Distance Square: 49.6956
--------------------------------------------------------------------TTungsten # 3

Total Size: 45495, Non-Proton Size: 1418

Segment Vector Size -- Upstream: 45495, Downstream: 268908
Track Vector Size -- Upstream: 9577, Downstream: 9483

Average Distance Square: 104.659
--------------------------------------------------------------------TTTungsten # 4

Total Size: 44398, Non-Proton Size: 1987

Segment Vector Size -- Upstream: 44398, Downstream: 261643
Track Vector Size -- Upstream: 9411, Downstream: 9315

Average Distance Square: 146.667
-------------------------------------------------------------------Tungsten # 5

Total Size: 43953, Non-Proton Size: 2616

Segment Vector Size -- Upstream: 43953, Downstream: 257646
Track Vector Size -- Upstream: 9377, Downstream: 9260

Average Distance Square: 201.574
--------------------------------------------------------------------
TTungsten # 6

Total Size: 42822, Non-Proton Size: 2822

Segment Vector Size -- Upstream: 42822, Downstream: 250971
Track Vector Size -- Upstream: 9153, Downstream: 9041

Average Distance Square: 220.546
-------------------------------------------------------------------TTTTungsten # 7

Total Size: 41048, Non-Proton Size: 3243

Segment Vector Size -- Upstream: 41048, Downstream: 256781
Track Vector Size -- Upstream: 8857, Downstream: 8738

Average Distance Square: 308.29
-------------------------------------------------------------------TuTungsten # 8

Total Size: 0, Non-Proton Size: 0

Segment Vector Size -- Upstream: 256781, Downstream: 255226
Track Vector Size -- Upstream: 8738, Downstream: 8622

Average Distance Square: -nan
-------------------------------------------------------------------Tungsten # 9

Total Size: 0, Non-Proton Size: 0

Segment Vector Size -- Upstream: 259855, Downstream: 253948
Track Vector Size -- Upstream: 8760, Downstream: 8627

Average Distance Square: -nan
--------------------------------------------------------------------
-
