Slope X Sigma: 0.00033
----------------------------------
Tungsten # 0

Total Size: 9800, Non-Proton Size: 4

Segment Vector Size -- Upstream: 9800, Downstream: 280613
Track Vector Size -- Upstream: 9800, Downstream: 9784

Average Distance Square: 0
--------------------------------------------------------------------
Tungsten # 1

Total Size: 46693, Non-Proton Size: 507

Segment Vector Size -- Upstream: 46693, Downstream: 276779
Track Vector Size -- Upstream: 9816, Downstream: 9695

Average Distance Square: 9.30286
--------------------------------------------------------------------
Tungsten # 2

Total Size: 46087, Non-Proton Size: 1013

Segment Vector Size -- Upstream: 46087, Downstream: 272471
Track Vector Size -- Upstream: 9731, Downstream: 9594

Average Distance Square: 44.4971
--------------------------------------------------------------------TTungsten # 3

Total Size: 45357, Non-Proton Size: 1472

Segment Vector Size -- Upstream: 45357, Downstream: 267192
Track Vector Size -- Upstream: 9561, Downstream: 9455

Average Distance Square: 88.563
--------------------------------------------------------------------
Tungsten # 4

Total Size: 44419, Non-Proton Size: 1908

Segment Vector Size -- Upstream: 44419, Downstream: 261324
Track Vector Size -- Upstream: 9435, Downstream: 9314

Average Distance Square: 132.315
--------------------------------------------------------------------
Tungsten # 5

Total Size: 43428, Non-Proton Size: 2484

Segment Vector Size -- Upstream: 43428, Downstream: 254531
Track Vector Size -- Upstream: 9269, Downstream: 9141

Average Distance Square: 180.183
--------------------------------------------------------------------TTungsten # 6

Total Size: 42280, Non-Proton Size: 2929

Segment Vector Size -- Upstream: 42280, Downstream: 247453
Track Vector Size -- Upstream: 9086, Downstream: 8956

Average Distance Square: 247.408
--------------------------------------------------------------------TTungsten # 7

Total Size: 40986, Non-Proton Size: 3366

Segment Vector Size -- Upstream: 40986, Downstream: 256841
Track Vector Size -- Upstream: 8858, Downstream: 8741

Average Distance Square: 307.86
--------------------------------------------------------------------
Tungsten # 8

Total Size: 0, Non-Proton Size: 0

Segment Vector Size -- Upstream: 256841, Downstream: 255199
Track Vector Size -- Upstream: 8741, Downstream: 8622

Average Distance Square: -nan
--------------------------------------------------------------------
TuTungsten # 9

Total Size: 0, Non-Proton Size: 0

Segment Vector Size -- Upstream: 252582, Downstream: 247070
Track Vector Size -- Upstream: 8520, Downstream: 8400

Average Distance Square: -nan
--------------------------------------------------------------------
