Slope X Sigma: 0.00042
----------------------------------
Tungsten # 0

Total Size: 0, Non-Proton Size: 0

Segment Vector Size -- Upstream: 8166, Downstream: 239398
Track Vector Size -- Upstream: 8166, Downstream: 8136

Average Distance Square: -nan
--------------------------------------------------------------------
Tungsten # 1

Total Size: 41392, Non-Proton Size: 41392

Segment Vector Size -- Upstream: 41392, Downstream: 244670
Track Vector Size -- Upstream: 8451, Downstream: 8340

Average Distance Square: 14039.1
--------------------------------------------------------------------
Tungsten # 2

Total Size: 40888, Non-Proton Size: 40888

Segment Vector Size -- Upstream: 40888, Downstream: 240404
Track Vector Size -- Upstream: 8336, Downstream: 8232

Average Distance Square: 19529.6
--------------------------------------------------------------------
Tungsten # 3

Total Size: 40234, Non-Proton Size: 40234

Segment Vector Size -- Upstream: 40234, Downstream: 234440
Track Vector Size -- Upstream: 8226, Downstream: 8118

Average Distance Square: 21348.1
--------------------------------------------------------------------
Tungsten # 4

Total Size: 39489, Non-Proton Size: 39489

Segment Vector Size -- Upstream: 39489, Downstream: 226985
Track Vector Size -- Upstream: 8122, Downstream: 7973

Average Distance Square: 22636.8
--------------------------------------------------------------------
Tungsten # 5

Total Size: 38324, Non-Proton Size: 38324

Segment Vector Size -- Upstream: 38324, Downstream: 217926
Track Vector Size -- Upstream: 7936, Downstream: 7776

Average Distance Square: 18061.9
--------------------------------------------------------------------
Tungsten # 6

Total Size: 36406, Non-Proton Size: 36406

Segment Vector Size -- Upstream: 36406, Downstream: 208375
Track Vector Size -- Upstream: 7739, Downstream: 7537

Average Distance Square: 18201.8
--------------------------------------------------------------------
Tungsten # 7

Total Size: 35156, Non-Proton Size: 35156

Segment Vector Size -- Upstream: 35156, Downstream: 195411
Track Vector Size -- Upstream: 7493, Downstream: 7219

Average Distance Square: 20438.8
--------------------------------------------------------------------
Tungsten # 8

Total Size: 0, Non-Proton Size: 0

Segment Vector Size -- Upstream: 195411, Downstream: 189263
Track Vector Size -- Upstream: 7219, Downstream: 6775

Average Distance Square: -nan
--------------------------------------------------------------------
Tungsten # 9

Total Size: 0, Non-Proton Size: 0

Segment Vector Size -- Upstream: 189263, Downstream: 61237
Track Vector Size -- Upstream: 6775, Downstream: 2053

Average Distance Square: -nan
--------------------------------------------------------------------
