Slope X Sigma: 0.00042
----------------------------------
Tungsten # 0

Total Size: 0, Non-Proton Size: 0

Segment Vector Size -- Upstream: 7518, Downstream: 220876
Track Vector Size -- Upstream: 7518, Downstream: 7500

Average Distance Square: -nan
--------------------------------------------------------------------
Tungsten # 1

Total Size: 36739, Non-Proton Size: 36739

Segment Vector Size -- Upstream: 36739, Downstream: 216749
Track Vector Size -- Upstream: 7460, Downstream: 7387

Average Distance Square: 17609.7
--------------------------------------------------------------------
Tungsten # 2

Total Size: 36213, Non-Proton Size: 36213

Segment Vector Size -- Upstream: 36213, Downstream: 213322
Track Vector Size -- Upstream: 7366, Downstream: 7294

Average Distance Square: 19272.8
--------------------------------------------------------------------
Tungsten # 3

Total Size: 35282, Non-Proton Size: 35282

Segment Vector Size -- Upstream: 35282, Downstream: 205981
Track Vector Size -- Upstream: 7202, Downstream: 7094

Average Distance Square: 20634.9
--------------------------------------------------------------------
Tungsten # 4

Total Size: 34246, Non-Proton Size: 34246

Segment Vector Size -- Upstream: 34246, Downstream: 199037
Track Vector Size -- Upstream: 7039, Downstream: 6916

Average Distance Square: 19267.3
--------------------------------------------------------------------
Tungsten # 5

Total Size: 33133, Non-Proton Size: 33133

Segment Vector Size -- Upstream: 33133, Downstream: 191773
Track Vector Size -- Upstream: 6831, Downstream: 6705

Average Distance Square: 17479.4
--------------------------------------------------------------------
Tungsten # 6

Total Size: 31880, Non-Proton Size: 31880

Segment Vector Size -- Upstream: 31880, Downstream: 183842
Track Vector Size -- Upstream: 6652, Downstream: 6502

Average Distance Square: 20267.7
--------------------------------------------------------------------
Tungsten # 7

Total Size: 30890, Non-Proton Size: 30890

Segment Vector Size -- Upstream: 30890, Downstream: 171785
Track Vector Size -- Upstream: 6428, Downstream: 6222

Average Distance Square: 20936.8
--------------------------------------------------------------------
Tungsten # 8

Total Size: 0, Non-Proton Size: 0

Segment Vector Size -- Upstream: 169816, Downstream: 164964
Track Vector Size -- Upstream: 6145, Downstream: 5815

Average Distance Square: -nan
--------------------------------------------------------------------TTungsten # 9

Total Size: 0, Non-Proton Size: 0

Segment Vector Size -- Upstream: 164964, Downstream: 74364
Track Vector Size -- Upstream: 5815, Downstream: 2486

Average Distance Square: -nan
--------------------------------------------------------------------
