Slope X Sigma: 0.00042
----------------------------------
Tungsten # 0

Total Size: 0, Non-Proton Size: 0

Segment Vector Size -- Upstream: 7107, Downstream: 208968
Track Vector Size -- Upstream: 7107, Downstream: 7086

Average Distance Square: -nan
--------------------------------------------------------------------
Tungsten # 1

Total Size: 34838, Non-Proton Size: 34838

Segment Vector Size -- Upstream: 34838, Downstream: 205802
Track Vector Size -- Upstream: 7104, Downstream: 7015

Average Distance Square: 17180.4
--------------------------------------------------------------------
Tungsten # 2

Total Size: 34123, Non-Proton Size: 34123

Segment Vector Size -- Upstream: 34123, Downstream: 201137
Track Vector Size -- Upstream: 6969, Downstream: 6878

Average Distance Square: 19094
--------------------------------------------------------------------
Tungsten # 3

Total Size: 33610, Non-Proton Size: 33610

Segment Vector Size -- Upstream: 33610, Downstream: 196975
Track Vector Size -- Upstream: 6866, Downstream: 6774

Average Distance Square: 16817
--------------------------------------------------------------------
Tungsten # 4

Total Size: 32958, Non-Proton Size: 32958

Segment Vector Size -- Upstream: 32958, Downstream: 191497
Track Vector Size -- Upstream: 6745, Downstream: 6638

Average Distance Square: 20201.8
--------------------------------------------------------------------
Tungsten # 5

Total Size: 32117, Non-Proton Size: 32117

Segment Vector Size -- Upstream: 32117, Downstream: 186007
Track Vector Size -- Upstream: 6598, Downstream: 6500

Average Distance Square: 18559.8
--------------------------------------------------------------------
Tungsten # 6

Total Size: 31166, Non-Proton Size: 31166

Segment Vector Size -- Upstream: 31166, Downstream: 178120
Track Vector Size -- Upstream: 6453, Downstream: 6305

Average Distance Square: 18929.7
--------------------------------------------------------------------
Tungsten # 7

Total Size: 29896, Non-Proton Size: 29896

Segment Vector Size -- Upstream: 29896, Downstream: 169094
Track Vector Size -- Upstream: 6224, Downstream: 6077

Average Distance Square: 18659.7
--------------------------------------------------------------------
Tungsten # 8

Total Size: 0, Non-Proton Size: 0

Segment Vector Size -- Upstream: 169094, Downstream: 165293
Track Vector Size -- Upstream: 6077, Downstream: 5807

Average Distance Square: -nan
--------------------------------------------------------------------
Tungsten # 9

Total Size: 0, Non-Proton Size: 0

Segment Vector Size -- Upstream: 165293, Downstream: 76046
Track Vector Size -- Upstream: 5807, Downstream: 2545

Average Distance Square: -nan
--------------------------------------------------------------------
---
