Slope X Sigma: 0.00033
----------------------------------
Tungsten # 0

Total Size: 9702, Non-Proton Size: 5

Segment Vector Size -- Upstream: 9702, Downstream: 278181
Track Vector Size -- Upstream: 9702, Downstream: 9677

Average Distance Square: 0
--------------------------------------------------------------------
Tungsten # 1

Total Size: 46281, Non-Proton Size: 449

Segment Vector Size -- Upstream: 46281, Downstream: 274585
Track Vector Size -- Upstream: 9686, Downstream: 9590

Average Distance Square: 11.2556
--------------------------------------------------------------------
Tungsten # 2

Total Size: 45681, Non-Proton Size: 945

Segment Vector Size -- Upstream: 45681, Downstream: 270096
Track Vector Size -- Upstream: 9584, Downstream: 9480

Average Distance Square: 45.34
--------------------------------------------------------------------
TuTTungsten # 3

Total Size: 44275, Non-Proton Size: 1489

Segment Vector Size -- Upstream: 44275, Downstream: 262111
Track Vector Size -- Upstream: 9339, Downstream: 9241

Average Distance Square: 92.214
-------------------------------------------------------------------TuTTungsten # 4

Total Size: 45090, Non-Proton Size: 2086

Segment Vector Size -- Upstream: 45090, Downstream: 266083
Track Vector Size -- Upstream: 9576, Downstream: 9475

Average Distance Square: 150.069
------------------------------------------------------------------TTuTungsten # 5

Total Size: 44130, Non-Proton Size: 2483

Segment Vector Size -- Upstream: 44130, Downstream: 258647
Track Vector Size -- Upstream: 9404, Downstream: 9288

Average Distance Square: 214.392
------------------------------------------------------------------Tungsten # 6

Total Size: 42119, Non-Proton Size: 2802

Segment Vector Size -- Upstream: 42119, Downstream: 247457
Track Vector Size -- Upstream: 9023, Downstream: 8916

Average Distance Square: 222.156
--------------------------------------------------------------------
Tungsten # 7

Total Size: 41120, Non-Proton Size: 3269

Segment Vector Size -- Upstream: 41120, Downstream: 257034
Track Vector Size -- Upstream: 8831, Downstream: 8730

Average Distance Square: 284.508
--------------------------------------------------------------------
Tungsten # 8

Total Size: 0, Non-Proton Size: 0

Segment Vector Size -- Upstream: 257034, Downstream: 255747
Track Vector Size -- Upstream: 8730, Downstream: 8634

Average Distance Square: -nan
--------------------------------------------------------------------
Tungsten # 9

Total Size: 0, Non-Proton Size: 0

Segment Vector Size -- Upstream: 255747, Downstream: 249888
Track Vector Size -- Upstream: 8634, Downstream: 8472

Average Distance Square: -nan
--------------------------------------------------------------------
--
