Slope X Sigma: 0.00033
----------------------------------
Tungsten # 0

Total Size: 9889, Non-Proton Size: 7

Segment Vector Size -- Upstream: 9889, Downstream: 283643
Track Vector Size -- Upstream: 9889, Downstream: 9867

Average Distance Square: 0
--------------------------------------------------------------------
Tungsten # 1

Total Size: 46680, Non-Proton Size: 472

Segment Vector Size -- Upstream: 46680, Downstream: 276422
Track Vector Size -- Upstream: 9775, Downstream: 9669

Average Distance Square: 11.7388
--------------------------------------------------------------------TTungsten # 2

Total Size: 45880, Non-Proton Size: 884

Segment Vector Size -- Upstream: 45880, Downstream: 271918
Track Vector Size -- Upstream: 9638, Downstream: 9551

Average Distance Square: 41.248
--------------------------------------------------------------------
Tungsten # 3

Total Size: 45198, Non-Proton Size: 1340

Segment Vector Size -- Upstream: 45198, Downstream: 267471
Track Vector Size -- Upstream: 9518, Downstream: 9435

Average Distance Square: 85.2326
--------------------------------------------------------------------
Tungsten # 4

Total Size: 44505, Non-Proton Size: 1851

Segment Vector Size -- Upstream: 44505, Downstream: 262826
Track Vector Size -- Upstream: 9414, Downstream: 9335

Average Distance Square: 131.029
--------------------------------------------------------------------TTungsten # 5

Total Size: 43594, Non-Proton Size: 2194

Segment Vector Size -- Upstream: 43594, Downstream: 255936
Track Vector Size -- Upstream: 9283, Downstream: 9180

Average Distance Square: 176.104
--------------------------------------------------------------------TTungsten # 6

Total Size: 42328, Non-Proton Size: 2598

Segment Vector Size -- Upstream: 42328, Downstream: 247962
Track Vector Size -- Upstream: 9086, Downstream: 8974

Average Distance Square: 232.311
--------------------------------------------------------------------TTungsten # 7

Total Size: 41129, Non-Proton Size: 3032

Segment Vector Size -- Upstream: 41129, Downstream: 257134
Track Vector Size -- Upstream: 8871, Downstream: 8738

Average Distance Square: 279.933
--------------------------------------------------------------------TTungsten # 8

Total Size: 0, Non-Proton Size: 0

Segment Vector Size -- Upstream: 257134, Downstream: 255639
Track Vector Size -- Upstream: 8738, Downstream: 8625

Average Distance Square: -nan
--------------------------------------------------------------------TTungsten # 9

Total Size: 0, Non-Proton Size: 0

Segment Vector Size -- Upstream: 255639, Downstream: 249890
Track Vector Size -- Upstream: 8625, Downstream: 8484

Average Distance Square: -nan
--------------------------------------------------------------------

