Slope X Sigma: 0.00033
----------------------------------
Tungsten # 0

Total Size: 9592, Non-Proton Size: 5

Segment Vector Size -- Upstream: 9592, Downstream: 274790
Track Vector Size -- Upstream: 9592, Downstream: 9568

Average Distance Square: 0
--------------------------------------------------------------------
Tungsten # 1

Total Size: 45729, Non-Proton Size: 476

Segment Vector Size -- Upstream: 45729, Downstream: 270878
Track Vector Size -- Upstream: 9604, Downstream: 9488

Average Distance Square: 13.7562
--------------------------------------------------------------------TTungsten # 2

Total Size: 46149, Non-Proton Size: 989

Segment Vector Size -- Upstream: 46149, Downstream: 272929
Track Vector Size -- Upstream: 9716, Downstream: 9605

Average Distance Square: 52.5876
--------------------------------------------------------------------TTungsten # 3

Total Size: 45322, Non-Proton Size: 1556

Segment Vector Size -- Upstream: 45322, Downstream: 267687
Track Vector Size -- Upstream: 9582, Downstream: 9468

Average Distance Square: 103.722
--------------------------------------------------------------------TTungsten # 4

Total Size: 44377, Non-Proton Size: 2091

Segment Vector Size -- Upstream: 44377, Downstream: 261914
Track Vector Size -- Upstream: 9422, Downstream: 9321

Average Distance Square: 155.266
-------------------------------------------------------------------TuTungsten # 5

Total Size: 43383, Non-Proton Size: 2578

Segment Vector Size -- Upstream: 43383, Downstream: 255286
Track Vector Size -- Upstream: 9261, Downstream: 9152

Average Distance Square: 222.626
-------------------------------------------------------------------TTTungsten # 6

Total Size: 42452, Non-Proton Size: 3033

Segment Vector Size -- Upstream: 42452, Downstream: 248281
Track Vector Size -- Upstream: 9069, Downstream: 8970

Average Distance Square: 282.555
-------------------------------------------------------------------TTTungsten # 7

Total Size: 41152, Non-Proton Size: 3321

Segment Vector Size -- Upstream: 41152, Downstream: 257393
Track Vector Size -- Upstream: 8885, Downstream: 8753

Average Distance Square: 329.919
--------------------------------------------------------------------TTungsten # 8

Total Size: 0, Non-Proton Size: 0

Segment Vector Size -- Upstream: 257393, Downstream: 255954
Track Vector Size -- Upstream: 8753, Downstream: 8651

Average Distance Square: -nan
--------------------------------------------------------------------TTungsten # 9

Total Size: 0, Non-Proton Size: 0

Segment Vector Size -- Upstream: 255954, Downstream: 250013
Track Vector Size -- Upstream: 8651, Downstream: 8484

Average Distance Square: -nan
--------------------------------------------------------------------
