Slope X Sigma: 0.00042
----------------------------------
Tungsten # 0

Total Size: 0, Non-Proton Size: 0

Segment Vector Size -- Upstream: 7157, Downstream: 210515
Track Vector Size -- Upstream: 7157, Downstream: 7133

Average Distance Square: -nan
--------------------------------------------------------------------
Tungsten # 1

Total Size: 34795, Non-Proton Size: 34795

Segment Vector Size -- Upstream: 34795, Downstream: 205822
Track Vector Size -- Upstream: 7078, Downstream: 6998

Average Distance Square: 16773.4
--------------------------------------------------------------------
Tungsten # 2

Total Size: 34263, Non-Proton Size: 34263

Segment Vector Size -- Upstream: 34263, Downstream: 201795
Track Vector Size -- Upstream: 6985, Downstream: 6900

Average Distance Square: 18038.2
-------------------------------------------------------------------TuTungsten # 3

Total Size: 33719, Non-Proton Size: 33719

Segment Vector Size -- Upstream: 33719, Downstream: 197195
Track Vector Size -- Upstream: 6870, Downstream: 6795

Average Distance Square: 18759.3
-------------------------------------------------------------------TuTungsten # 4

Total Size: 32948, Non-Proton Size: 32948

Segment Vector Size -- Upstream: 32948, Downstream: 192108
Track Vector Size -- Upstream: 6761, Downstream: 6646

Average Distance Square: 19671
--------------------------------------------------------------------
Tungsten # 5

Total Size: 32009, Non-Proton Size: 32009

Segment Vector Size -- Upstream: 32009, Downstream: 185724
Track Vector Size -- Upstream: 6607, Downstream: 6487

Average Distance Square: 19071.5
-------------------------------------------------------------------TuTungsten # 6

Total Size: 31131, Non-Proton Size: 31131

Segment Vector Size -- Upstream: 31131, Downstream: 177078
Track Vector Size -- Upstream: 6421, Downstream: 6286

Average Distance Square: 17976.2
-----------------------------------------------------------------TuTuTungsten # 7

Total Size: 29825, Non-Proton Size: 29825

Segment Vector Size -- Upstream: 29825, Downstream: 166345
Track Vector Size -- Upstream: 6227, Downstream: 6039

Average Distance Square: 21684.6
-------------------------------------------------------------------TuTungsten # 8

Total Size: 0, Non-Proton Size: 0

Segment Vector Size -- Upstream: 166345, Downstream: 161769
Track Vector Size -- Upstream: 6039, Downstream: 5723

Average Distance Square: -nan
-------------------------------------------------------------------TuTuTungsten # 9

Total Size: 0, Non-Proton Size: 0

Segment Vector Size -- Upstream: 161801, Downstream: 74180
Track Vector Size -- Upstream: 5710, Downstream: 2491

Average Distance Square: -nan
--------------------------------------------------------------------
