Slope X Sigma: 0.00033
----------------------------------
Tungsten # 0

Total Size: 9779, Non-Proton Size: 14

Segment Vector Size -- Upstream: 9779, Downstream: 280162
Track Vector Size -- Upstream: 9779, Downstream: 9755

Average Distance Square: 0
--------------------------------------------------------------------Tungsten # 1

Total Size: 47393, Non-Proton Size: 586

Segment Vector Size -- Upstream: 47393, Downstream: 280129
Track Vector Size -- Upstream: 9938, Downstream: 9812

Average Distance Square: 10.1119
--------------------------------------------------------------------
Tungsten # 2

Total Size: 45871, Non-Proton Size: 1039

Segment Vector Size -- Upstream: 45871, Downstream: 272470
Track Vector Size -- Upstream: 9642, Downstream: 9564

Average Distance Square: 53.54
--------------------------------------------------------------------
TTungsten # 3

Total Size: 43941, Non-Proton Size: 1524

Segment Vector Size -- Upstream: 43941, Downstream: 259570
Track Vector Size -- Upstream: 9285, Downstream: 9186

Average Distance Square: 97.7736
--------------------------------------------------------------------TTungsten # 4

Total Size: 43113, Non-Proton Size: 1907

Segment Vector Size -- Upstream: 43113, Downstream: 254703
Track Vector Size -- Upstream: 9153, Downstream: 9051

Average Distance Square: 149.216
--------------------------------------------------------------------Tungsten # 5

Total Size: 43478, Non-Proton Size: 2444

Segment Vector Size -- Upstream: 43478, Downstream: 255289
Track Vector Size -- Upstream: 9266, Downstream: 9161

Average Distance Square: 193.869
--------------------------------------------------------------------
Tungsten # 6

Total Size: 42382, Non-Proton Size: 2951

Segment Vector Size -- Upstream: 42382, Downstream: 248238
Track Vector Size -- Upstream: 9076, Downstream: 8957

Average Distance Square: 236.245
--------------------------------------------------------------------
TTungsten # 7

Total Size: 39988, Non-Proton Size: 3125

Segment Vector Size -- Upstream: 39988, Downstream: 250468
Track Vector Size -- Upstream: 8609, Downstream: 8514

Average Distance Square: 285.89
--------------------------------------------------------------------
Tungsten # 8

Total Size: 0, Non-Proton Size: 0

Segment Vector Size -- Upstream: 250468, Downstream: 249005
Track Vector Size -- Upstream: 8514, Downstream: 8405

Average Distance Square: -nan
--------------------------------------------------------------------
Tungsten # 9

Total Size: 0, Non-Proton Size: 0

Segment Vector Size -- Upstream: 260395, Downstream: 253838
Track Vector Size -- Upstream: 8783, Downstream: 8623

Average Distance Square: -nan
--------------------------------------------------------------------
-
