Slope X Sigma: 0.00033
----------------------------------
Tungsten # 0

Total Size: 9706, Non-Proton Size: 6

Segment Vector Size -- Upstream: 9706, Downstream: 278446
Track Vector Size -- Upstream: 9706, Downstream: 9685

Average Distance Square: 0
--------------------------------------------------------------------
Tungsten # 1

Total Size: 46937, Non-Proton Size: 499

Segment Vector Size -- Upstream: 46937, Downstream: 278110
Track Vector Size -- Upstream: 9836, Downstream: 9726

Average Distance Square: 9.88937
--------------------------------------------------------------------TTungsten # 2

Total Size: 45880, Non-Proton Size: 1041

Segment Vector Size -- Upstream: 45880, Downstream: 271631
Track Vector Size -- Upstream: 9654, Downstream: 9542

Average Distance Square: 50.5228
-------------------------------------------------------------------TTungsten # 3

Total Size: 45443, Non-Proton Size: 1424

Segment Vector Size -- Upstream: 45443, Downstream: 268586
Track Vector Size -- Upstream: 9589, Downstream: 9480

Average Distance Square: 90.1461
--------------------------------------------------------------------TTungsten # 4

Total Size: 44644, Non-Proton Size: 1997

Segment Vector Size -- Upstream: 44644, Downstream: 263227
Track Vector Size -- Upstream: 9452, Downstream: 9352

Average Distance Square: 128.087
--------------------------------------------------------------------TTungsten # 5

Total Size: 43283, Non-Proton Size: 2170

Segment Vector Size -- Upstream: 43283, Downstream: 254561
Track Vector Size -- Upstream: 9204, Downstream: 9102

Average Distance Square: 172.002
--------------------------------------------------------------------Tungsten # 6

Total Size: 42797, Non-Proton Size: 2741

Segment Vector Size -- Upstream: 42797, Downstream: 251520
Track Vector Size -- Upstream: 9176, Downstream: 9052

Average Distance Square: 242.563
--------------------------------------------------------------------
TTungsten # 7

Total Size: 41311, Non-Proton Size: 3167

Segment Vector Size -- Upstream: 41311, Downstream: 258527
Track Vector Size -- Upstream: 8899, Downstream: 8779

Average Distance Square: 275.816
--------------------------------------------------------------------TTungsten # 8

Total Size: 0, Non-Proton Size: 0

Segment Vector Size -- Upstream: 258527, Downstream: 257134
Track Vector Size -- Upstream: 8779, Downstream: 8680

Average Distance Square: -nan
--------------------------------------------------------------------TTungsten # 9

Total Size: 0, Non-Proton Size: 0

Segment Vector Size -- Upstream: 257134, Downstream: 251507
Track Vector Size -- Upstream: 8680, Downstream: 8531

Average Distance Square: -nan
--------------------------------------------------------------------
