Slope X Sigma: 0.00033
----------------------------------
Tungsten # 0

Total Size: 9531, Non-Proton Size: 7

Segment Vector Size -- Upstream: 9531, Downstream: 273415
Track Vector Size -- Upstream: 9531, Downstream: 9512

Average Distance Square: 0
--------------------------------------------------------------------
Tungsten # 1

Total Size: 47509, Non-Proton Size: 449

Segment Vector Size -- Upstream: 47509, Downstream: 281678
Track Vector Size -- Upstream: 9970, Downstream: 9855

Average Distance Square: 8.27422
--------------------------------------------------------------------
Tungsten # 2

Total Size: 46931, Non-Proton Size: 985

Segment Vector Size -- Upstream: 46931, Downstream: 277442
Track Vector Size -- Upstream: 9868, Downstream: 9755

Average Distance Square: 43.0471
--------------------------------------------------------------------
TTungsten # 3

Total Size: 45513, Non-Proton Size: 1506

Segment Vector Size -- Upstream: 45513, Downstream: 268811
Track Vector Size -- Upstream: 9603, Downstream: 9508

Average Distance Square: 83.4451
--------------------------------------------------------------------Tungsten # 4

Total Size: 45167, Non-Proton Size: 2098

Segment Vector Size -- Upstream: 45167, Downstream: 266831
Track Vector Size -- Upstream: 9603, Downstream: 9492

Average Distance Square: 140.269
--------------------------------------------------------------------
Tungsten # 5

Total Size: 44262, Non-Proton Size: 2529

Segment Vector Size -- Upstream: 44262, Downstream: 259927
Track Vector Size -- Upstream: 9441, Downstream: 9329

Average Distance Square: 198.614
--------------------------------------------------------------------
TTungsten # 6

Total Size: 42531, Non-Proton Size: 2830

Segment Vector Size -- Upstream: 42531, Downstream: 248636
Track Vector Size -- Upstream: 9142, Downstream: 8999

Average Distance Square: 228.881
--------------------------------------------------------------------Tungsten # 7

Total Size: 41826, Non-Proton Size: 3476

Segment Vector Size -- Upstream: 41826, Downstream: 262251
Track Vector Size -- Upstream: 9038, Downstream: 8912

Average Distance Square: 296.145
--------------------------------------------------------------------
TTungsten # 8

Total Size: 0, Non-Proton Size: 0

Segment Vector Size -- Upstream: 258450, Downstream: 257067
Track Vector Size -- Upstream: 8775, Downstream: 8679

Average Distance Square: -nan
--------------------------------------------------------------------TTungsten # 9

Total Size: 0, Non-Proton Size: 0

Segment Vector Size -- Upstream: 257067, Downstream: 250790
Track Vector Size -- Upstream: 8679, Downstream: 8522

Average Distance Square: -nan
--------------------------------------------------------------------
