Slope X Sigma: 0.00033
----------------------------------
Tungsten # 0

Total Size: 9858, Non-Proton Size: 9

Segment Vector Size -- Upstream: 9858, Downstream: 282963
Track Vector Size -- Upstream: 9858, Downstream: 9842

Average Distance Square: 0
--------------------------------------------------------------------
TTungsten # 1

Total Size: 47054, Non-Proton Size: 579

Segment Vector Size -- Upstream: 47054, Downstream: 278288
Track Vector Size -- Upstream: 9852, Downstream: 9734

Average Distance Square: 14.4841
-------------------------------------------------------------------TTungsten # 2

Total Size: 46501, Non-Proton Size: 1018

Segment Vector Size -- Upstream: 46501, Downstream: 275169
Track Vector Size -- Upstream: 9752, Downstream: 9662

Average Distance Square: 51.2006
--------------------------------------------------------------------TTungsten # 3

Total Size: 45792, Non-Proton Size: 1509

Segment Vector Size -- Upstream: 45792, Downstream: 270128
Track Vector Size -- Upstream: 9633, Downstream: 9555

Average Distance Square: 94.6348
-------------------------------------------------------------------Tungsten # 4

Total Size: 44551, Non-Proton Size: 1976

Segment Vector Size -- Upstream: 44551, Downstream: 262922
Track Vector Size -- Upstream: 9454, Downstream: 9358

Average Distance Square: 114.639
--------------------------------------------------------------------
TTungsten # 5

Total Size: 42886, Non-Proton Size: 2420

Segment Vector Size -- Upstream: 42886, Downstream: 251570
Track Vector Size -- Upstream: 9124, Downstream: 9017

Average Distance Square: 184.424
--------------------------------------------------------------------Tungsten # 6

Total Size: 42592, Non-Proton Size: 2931

Segment Vector Size -- Upstream: 42592, Downstream: 249050
Track Vector Size -- Upstream: 9123, Downstream: 9004

Average Distance Square: 208.884
--------------------------------------------------------------------
TuTungsten # 7

Total Size: 41600, Non-Proton Size: 3340

Segment Vector Size -- Upstream: 41600, Downstream: 260425
Track Vector Size -- Upstream: 8953, Downstream: 8851

Average Distance Square: 314.534
------------------------------------------------------------------TTTungsten # 8

Total Size: 0, Non-Proton Size: 0

Segment Vector Size -- Upstream: 259149, Downstream: 257690
Track Vector Size -- Upstream: 8817, Downstream: 8708

Average Distance Square: -nan
-------------------------------------------------------------------TTTungsten # 9

Total Size: 0, Non-Proton Size: 0

Segment Vector Size -- Upstream: 252133, Downstream: 246504
Track Vector Size -- Upstream: 8518, Downstream: 8369

Average Distance Square: -nan
--------------------------------------------------------------------

