Slope X Sigma: 0.00042
----------------------------------
Tungsten # 0

Total Size: 0, Non-Proton Size: 0

Segment Vector Size -- Upstream: 7074, Downstream: 207507
Track Vector Size -- Upstream: 7074, Downstream: 7046

Average Distance Square: -nan
--------------------------------------------------------------------
Tungsten # 1

Total Size: 38808, Non-Proton Size: 38808

Segment Vector Size -- Upstream: 38808, Downstream: 229157
Track Vector Size -- Upstream: 7927, Downstream: 7822

Average Distance Square: 15769.1
--------------------------------------------------------------------
Tungsten # 2

Total Size: 38194, Non-Proton Size: 38194

Segment Vector Size -- Upstream: 38194, Downstream: 223709
Track Vector Size -- Upstream: 7816, Downstream: 7695

Average Distance Square: 18945
--------------------------------------------------------------------
Tungsten # 3

Total Size: 37509, Non-Proton Size: 37509

Segment Vector Size -- Upstream: 37509, Downstream: 217478
Track Vector Size -- Upstream: 7675, Downstream: 7557

Average Distance Square: 20124.9
--------------------------------------------------------------------
Tungsten # 4

Total Size: 36319, Non-Proton Size: 36319

Segment Vector Size -- Upstream: 36319, Downstream: 208963
Track Vector Size -- Upstream: 7503, Downstream: 7358

Average Distance Square: 21018.2
--------------------------------------------------------------------
Tungsten # 5

Total Size: 35070, Non-Proton Size: 35070

Segment Vector Size -- Upstream: 35070, Downstream: 200346
Track Vector Size -- Upstream: 7282, Downstream: 7124

Average Distance Square: 15793.6
--------------------------------------------------------------------
Tungsten # 6

Total Size: 33719, Non-Proton Size: 33719

Segment Vector Size -- Upstream: 33719, Downstream: 188887
Track Vector Size -- Upstream: 7043, Downstream: 6850

Average Distance Square: 20336
--------------------------------------------------------------------
TungTungsten # 7

Total Size: 33133, Non-Proton Size: 33133

Segment Vector Size -- Upstream: 33133, Downstream: 182502
Track Vector Size -- Upstream: 6981, Downstream: 6740

Average Distance Square: 19435.4
-----------------------------------------------------------------Tungsten # 8

Total Size: 0, Non-Proton Size: 0

Segment Vector Size -- Upstream: 175906, Downstream: 169992
Track Vector Size -- Upstream: 6506, Downstream: 6088

Average Distance Square: -nan
--------------------------------------------------------------------
Tungsten # 9

Total Size: 0, Non-Proton Size: 0

Segment Vector Size -- Upstream: 169992, Downstream: 63328
Track Vector Size -- Upstream: 6088, Downstream: 2136

Average Distance Square: -nan
--------------------------------------------------------------------
---
