Slope X Sigma: 0.00042
----------------------------------
Tungsten # 0

Total Size: 0, Non-Proton Size: 0

Segment Vector Size -- Upstream: 1770, Downstream: 51805
Track Vector Size -- Upstream: 1770, Downstream: 1761

Average Distance Square: -nan
--------------------------------------------------------------------
Tungsten # 1

Total Size: 8653, Non-Proton Size: 8653

Segment Vector Size -- Upstream: 8653, Downstream: 51093
Track Vector Size -- Upstream: 1759, Downstream: 1746

Average Distance Square: 18524.3
--------------------------------------------------------------------
Tungsten # 2

Total Size: 8514, Non-Proton Size: 8514

Segment Vector Size -- Upstream: 8514, Downstream: 49709
Track Vector Size -- Upstream: 1740, Downstream: 1711

Average Distance Square: 20426.6
--------------------------------------------------------------------
Tungsten # 3

Total Size: 8568, Non-Proton Size: 8568

Segment Vector Size -- Upstream: 8568, Downstream: 49662
Track Vector Size -- Upstream: 1760, Downstream: 1720

Average Distance Square: 21317.9
--------------------------------------------------------------------
Tungsten # 4

Total Size: 8288, Non-Proton Size: 8288

Segment Vector Size -- Upstream: 8288, Downstream: 47865
Track Vector Size -- Upstream: 1711, Downstream: 1673

Average Distance Square: 21419.2
--------------------------------------------------------------------TTungsten # 5

Total Size: 8026, Non-Proton Size: 8026

Segment Vector Size -- Upstream: 8026, Downstream: 46134
Track Vector Size -- Upstream: 1666, Downstream: 1633

Average Distance Square: 17810.3
------------------------------------------------------------------TunTungsten # 6

Total Size: 7756, Non-Proton Size: 7756

Segment Vector Size -- Upstream: 7756, Downstream: 43670
Track Vector Size -- Upstream: 1613, Downstream: 1575

Average Distance Square: 15361.9
----------------------------------------------------------------TunTuTungsten # 7

Total Size: 7350, Non-Proton Size: 7350

Segment Vector Size -- Upstream: 7350, Downstream: 39905
Track Vector Size -- Upstream: 1555, Downstream: 1494

Average Distance Square: 17645.9
-------------------------------------------------------------------TuTungsten # 8

Total Size: 0, Non-Proton Size: 0

Segment Vector Size -- Upstream: 39905, Downstream: 38446
Track Vector Size -- Upstream: 1494, Downstream: 1386

Average Distance Square: -nan
-------------------------------------------------------------------TuTungsten # 9

Total Size: 0, Non-Proton Size: 0

Segment Vector Size -- Upstream: 38446, Downstream: 16287
Track Vector Size -- Upstream: 1386, Downstream: 548

Average Distance Square: -nan
--------------------------------------------------------------------
