Slope X Sigma: 0.00033
----------------------------------
Tungsten # 0

Total Size: 9619, Non-Proton Size: 8

Segment Vector Size -- Upstream: 9619, Downstream: 275702
Track Vector Size -- Upstream: 9619, Downstream: 9596

Average Distance Square: 0
--------------------------------------------------------------------
Tungsten # 1

Total Size: 47464, Non-Proton Size: 516

Segment Vector Size -- Upstream: 47464, Downstream: 280851
Track Vector Size -- Upstream: 9955, Downstream: 9836

Average Distance Square: 10.7721
--------------------------------------------------------------------
Tungsten # 2

Total Size: 46806, Non-Proton Size: 1096

Segment Vector Size -- Upstream: 46806, Downstream: 276399
Track Vector Size -- Upstream: 9831, Downstream: 9740

Average Distance Square: 52.157
--------------------------------------------------------------------
Tungsten # 3

Total Size: 45888, Non-Proton Size: 1746

Segment Vector Size -- Upstream: 45888, Downstream: 270593
Track Vector Size -- Upstream: 9698, Downstream: 9582

Average Distance Square: 103.687
--------------------------------------------------------------------
Tungsten # 4

Total Size: 44893, Non-Proton Size: 2283

Segment Vector Size -- Upstream: 44893, Downstream: 264951
Track Vector Size -- Upstream: 9539, Downstream: 9444

Average Distance Square: 160.328
--------------------------------------------------------------------TTungsten # 5

Total Size: 44020, Non-Proton Size: 2756

Segment Vector Size -- Upstream: 44020, Downstream: 258582
Track Vector Size -- Upstream: 9404, Downstream: 9287

Average Distance Square: 225.616
--------------------------------------------------------------------TTungsten # 6

Total Size: 42839, Non-Proton Size: 3029

Segment Vector Size -- Upstream: 42839, Downstream: 250947
Track Vector Size -- Upstream: 9199, Downstream: 9079

Average Distance Square: 277.478
--------------------------------------------------------------------TTTungsten # 7

Total Size: 41140, Non-Proton Size: 3040

Segment Vector Size -- Upstream: 41140, Downstream: 257571
Track Vector Size -- Upstream: 8860, Downstream: 8755

Average Distance Square: 280.012
-------------------------------------------------------------------TTTungsten # 8

Total Size: 0, Non-Proton Size: 0

Segment Vector Size -- Upstream: 257571, Downstream: 255968
Track Vector Size -- Upstream: 8755, Downstream: 8641

Average Distance Square: -nan
-------------------------------------------------------------------TTTungsten # 9

Total Size: 0, Non-Proton Size: 0

Segment Vector Size -- Upstream: 255968, Downstream: 249983
Track Vector Size -- Upstream: 8641, Downstream: 8499

Average Distance Square: -nan
--------------------------------------------------------------------
