Slope X Sigma: 0.00033
----------------------------------
Tungsten # 0

Total Size: 9819, Non-Proton Size: 5

Segment Vector Size -- Upstream: 9819, Downstream: 281471
Track Vector Size -- Upstream: 9819, Downstream: 9797

Average Distance Square: 0
--------------------------------------------------------------------
Tungsten # 1

Total Size: 46773, Non-Proton Size: 453

Segment Vector Size -- Upstream: 46773, Downstream: 277230
Track Vector Size -- Upstream: 9802, Downstream: 9693

Average Distance Square: 10.3021
--------------------------------------------------------------------
TTungsten # 2

Total Size: 46032, Non-Proton Size: 1130

Segment Vector Size -- Upstream: 46032, Downstream: 272625
Track Vector Size -- Upstream: 9699, Downstream: 9591

Average Distance Square: 50.242
--------------------------------------------------------------------TTungsten # 3

Total Size: 45319, Non-Proton Size: 1611

Segment Vector Size -- Upstream: 45319, Downstream: 268142
Track Vector Size -- Upstream: 9579, Downstream: 9472

Average Distance Square: 93.7497
--------------------------------------------------------------------TTungsten # 4

Total Size: 44610, Non-Proton Size: 2073

Segment Vector Size -- Upstream: 44610, Downstream: 262483
Track Vector Size -- Upstream: 9440, Downstream: 9341

Average Distance Square: 137.996
--------------------------------------------------------------------TTungsten # 5

Total Size: 43734, Non-Proton Size: 2623

Segment Vector Size -- Upstream: 43734, Downstream: 255740
Track Vector Size -- Upstream: 9276, Downstream: 9178

Average Distance Square: 199.956
--------------------------------------------------------------------TTungsten # 6

Total Size: 42492, Non-Proton Size: 2976

Segment Vector Size -- Upstream: 42492, Downstream: 249119
Track Vector Size -- Upstream: 9124, Downstream: 9012

Average Distance Square: 255.074
--------------------------------------------------------------------TTungsten # 7

Total Size: 41388, Non-Proton Size: 3406

Segment Vector Size -- Upstream: 41388, Downstream: 259402
Track Vector Size -- Upstream: 8923, Downstream: 8810

Average Distance Square: 318.264
-------------------------------------------------------------------TuTungsten # 8

Total Size: 0, Non-Proton Size: 0

Segment Vector Size -- Upstream: 259402, Downstream: 258111
Track Vector Size -- Upstream: 8810, Downstream: 8721

Average Distance Square: -nan
-------------------------------------------------------------------TuTungsten # 9

Total Size: 0, Non-Proton Size: 0

Segment Vector Size -- Upstream: 258111, Downstream: 252252
Track Vector Size -- Upstream: 8721, Downstream: 8574

Average Distance Square: -nan
--------------------------------------------------------------------
