Slope X Sigma: 0.00042
----------------------------------
Tungsten # 0

Total Size: 0, Non-Proton Size: 0

Segment Vector Size -- Upstream: 8590, Downstream: 251759
Track Vector Size -- Upstream: 8590, Downstream: 8557

Average Distance Square: -nan
--------------------------------------------------------------------
Tungsten # 1

Total Size: 41921, Non-Proton Size: 41921

Segment Vector Size -- Upstream: 41921, Downstream: 247120
Track Vector Size -- Upstream: 8539, Downstream: 8437

Average Distance Square: 19593.1
--------------------------------------------------------------------
Tungsten # 2

Total Size: 40685, Non-Proton Size: 40685

Segment Vector Size -- Upstream: 40685, Downstream: 241010
Track Vector Size -- Upstream: 8407, Downstream: 8276

Average Distance Square: 22598
--------------------------------------------------------------------
Tungsten # 3

Total Size: 40433, Non-Proton Size: 40433

Segment Vector Size -- Upstream: 40433, Downstream: 234740
Track Vector Size -- Upstream: 8263, Downstream: 8124

Average Distance Square: 23419
--------------------------------------------------------------------
Tungsten # 4

Total Size: 39307, Non-Proton Size: 39307

Segment Vector Size -- Upstream: 39307, Downstream: 228345
Track Vector Size -- Upstream: 8108, Downstream: 7935

Average Distance Square: 20931
--------------------------------------------------------------------
Tungsten # 5

Total Size: 38242, Non-Proton Size: 38242

Segment Vector Size -- Upstream: 38242, Downstream: 220172
Track Vector Size -- Upstream: 7900, Downstream: 7727

Average Distance Square: 19934
--------------------------------------------------------------------
Tungsten # 6

Total Size: 37086, Non-Proton Size: 37086

Segment Vector Size -- Upstream: 37086, Downstream: 210531
Track Vector Size -- Upstream: 7707, Downstream: 7523

Average Distance Square: 19033.6
--------------------------------------------------------------------
Tungsten # 7

Total Size: 35875, Non-Proton Size: 35875

Segment Vector Size -- Upstream: 35875, Downstream: 196602
Track Vector Size -- Upstream: 7484, Downstream: 7249

Average Distance Square: 22287.3
--------------------------------------------------------------------
Tungsten # 8

Total Size: 0, Non-Proton Size: 0

Segment Vector Size -- Upstream: 196602, Downstream: 190246
Track Vector Size -- Upstream: 7249, Downstream: 6810

Average Distance Square: -nan
--------------------------------------------------------------------
Tungsten # 9

Total Size: 0, Non-Proton Size: 0

Segment Vector Size -- Upstream: 190246, Downstream: 54664
Track Vector Size -- Upstream: 6810, Downstream: 1827

Average Distance Square: -nan
--------------------------------------------------------------------
-------
