Slope X Sigma: 0.00033
----------------------------------
Tungsten # 0

Total Size: 9758, Non-Proton Size: 6

Segment Vector Size -- Upstream: 9758, Downstream: 279449
Track Vector Size -- Upstream: 9758, Downstream: 9734

Average Distance Square: 0
--------------------------------------------------------------------
Tungsten # 1

Total Size: 46765, Non-Proton Size: 500

Segment Vector Size -- Upstream: 46765, Downstream: 277374
Track Vector Size -- Upstream: 9823, Downstream: 9716

Average Distance Square: 12.4436
--------------------------------------------------------------------
Tungsten # 2

Total Size: 46053, Non-Proton Size: 1039

Segment Vector Size -- Upstream: 46053, Downstream: 272938
Track Vector Size -- Upstream: 9713, Downstream: 9604

Average Distance Square: 57.1953
-------------------------------------------------------------------TuTungsten # 3

Total Size: 45303, Non-Proton Size: 1556

Segment Vector Size -- Upstream: 45303, Downstream: 267791
Track Vector Size -- Upstream: 9566, Downstream: 9464

Average Distance Square: 110.836
-------------------------------------------------------------------TuTungsten # 4

Total Size: 44458, Non-Proton Size: 2018

Segment Vector Size -- Upstream: 44458, Downstream: 261650
Track Vector Size -- Upstream: 9431, Downstream: 9323

Average Distance Square: 168.409
------------------------------------------------------------------TunTungsten # 5

Total Size: 43543, Non-Proton Size: 2405

Segment Vector Size -- Upstream: 43543, Downstream: 255967
Track Vector Size -- Upstream: 9286, Downstream: 9186

Average Distance Square: 204.29
------------------------------------------------------------------TunTungsten # 6

Total Size: 42547, Non-Proton Size: 2818

Segment Vector Size -- Upstream: 42547, Downstream: 248824
Track Vector Size -- Upstream: 9111, Downstream: 9007

Average Distance Square: 265.917
------------------------------------------------------------------TunTungsten # 7

Total Size: 41320, Non-Proton Size: 3190

Segment Vector Size -- Upstream: 41320, Downstream: 258689
Track Vector Size -- Upstream: 8929, Downstream: 8812

Average Distance Square: 312.899
------------------------------------------------------------------TunTungsten # 8

Total Size: 0, Non-Proton Size: 0

Segment Vector Size -- Upstream: 258689, Downstream: 256880
Track Vector Size -- Upstream: 8812, Downstream: 8685

Average Distance Square: -nan
------------------------------------------------------------------TunTungsten # 9

Total Size: 0, Non-Proton Size: 0

Segment Vector Size -- Upstream: 256880, Downstream: 250127
Track Vector Size -- Upstream: 8685, Downstream: 8520

Average Distance Square: -nan
--------------------------------------------------------------------
