Slope X Sigma: 0.00042
----------------------------------
Tungsten # 0

Total Size: 0, Non-Proton Size: 0

Segment Vector Size -- Upstream: 3, Downstream: 89
Track Vector Size -- Upstream: 3, Downstream: 3

Average Distance Square: -nan
--------------------------------------------------------------------
Tungsten # 1

Total Size: 15, Non-Proton Size: 15

Segment Vector Size -- Upstream: 15, Downstream: 89
Track Vector Size -- Upstream: 3, Downstream: 3

Average Distance Square: 13105.2
-------------------------------------------------------------------TuTuTungsten # 2

Total Size: 20, Non-Proton Size: 20

Segment Vector Size -- Upstream: 20, Downstream: 101
Track Vector Size -- Upstream: 4, Downstream: 4

Average Distance Square: 15260
----------------------------------------------------------------TungTTungsten # 3

Total Size: 17, Non-Proton Size: 17

Segment Vector Size -- Upstream: 17, Downstream: 91
Track Vector Size -- Upstream: 4, Downstream: 4

Average Distance Square: 15215.1
-------------------------------------------------------------TungsteTungsten # 4

Total Size: 10, Non-Proton Size: 10

Segment Vector Size -- Upstream: 10, Downstream: 60
Track Vector Size -- Upstream: 2, Downstream: 2

Average Distance Square: 19873.3
-----------------------------------------------------------TungsteTungTungsten # 5

Total Size: 15, Non-Proton Size: 15

Segment Vector Size -- Upstream: 15, Downstream: 57
Track Vector Size -- Upstream: 3, Downstream: 2

Average Distance Square: 16925.5
-------------------------------------------------------Tungsten #Tungsten # 6

Total Size: 10, Non-Proton Size: 10

Segment Vector Size -- Upstream: 10, Downstream: 59
Track Vector Size -- Upstream: 2, Downstream: 2

Average Distance Square: 21952.1
--------------------------------------------------------Tungsten # 7
TTunTungsten # 7

Total Size: 9, Non-Proton Size: 9

Segment Vector Size -- Upstream: 9, Downstream: 22
Track Vector Size -- Upstream: 2, Downstream: 2

Average Distance Square: 13709.2
----------------------------------------------------Tungsten # 8

TuTungsten # 8

Total Size: 0, Non-Proton Size: 0

Segment Vector Size -- Upstream: 59, Downstream: 59
Track Vector Size -- Upstream: 2, Downstream: 2

Average Distance Square: -nan
-----------------------------------------------------Tungsten # 9

TuTungsten # 9

Total Size: 0, Non-Proton Size: 0

Segment Vector Size -- Upstream: 59, Downstream: 30
Track Vector Size -- Upstream: 2, Downstream: 1

Average Distance Square: -nan
--------------------------------------------------------------------

