Slope X Sigma: 0.00042
----------------------------------
Tungsten # 0

Total Size: 0, Non-Proton Size: 0

Segment Vector Size -- Upstream: 8267, Downstream: 242837
Track Vector Size -- Upstream: 8267, Downstream: 8249

Average Distance Square: -nan
--------------------------------------------------------------------
Tungsten # 1

Total Size: 40675, Non-Proton Size: 40675

Segment Vector Size -- Upstream: 40675, Downstream: 240533
Track Vector Size -- Upstream: 8290, Downstream: 8182

Average Distance Square: 22178.3
-------------------------------------------------------------------TuTungsten # 2

Total Size: 40038, Non-Proton Size: 40038

Segment Vector Size -- Upstream: 40038, Downstream: 236287
Track Vector Size -- Upstream: 8179, Downstream: 8087

Average Distance Square: 20155.5
-------------------------------------------------------------------TuTungsten # 3

Total Size: 38935, Non-Proton Size: 38935

Segment Vector Size -- Upstream: 38935, Downstream: 227815
Track Vector Size -- Upstream: 7927, Downstream: 7836

Average Distance Square: 21331.9
-------------------------------------------------------------------TuTungsten # 4

Total Size: 38698, Non-Proton Size: 38698

Segment Vector Size -- Upstream: 38698, Downstream: 224851
Track Vector Size -- Upstream: 7962, Downstream: 7838

Average Distance Square: 19427.4
-------------------------------------------------------------------TuTungsten # 5

Total Size: 37108, Non-Proton Size: 37108

Segment Vector Size -- Upstream: 37108, Downstream: 214409
Track Vector Size -- Upstream: 7678, Downstream: 7516

Average Distance Square: 15144.5
-------------------------------------------------------------------TuTungsten # 6

Total Size: 35827, Non-Proton Size: 35827

Segment Vector Size -- Upstream: 35827, Downstream: 204838
Track Vector Size -- Upstream: 7474, Downstream: 7291

Average Distance Square: 15705.3
-------------------------------------------------------------------TuTungsten # 7

Total Size: 34682, Non-Proton Size: 34682

Segment Vector Size -- Upstream: 34682, Downstream: 192857
Track Vector Size -- Upstream: 7265, Downstream: 7024

Average Distance Square: 16941.7
-------------------------------------------------------------------TuTungsten # 8

Total Size: 0, Non-Proton Size: 0

Segment Vector Size -- Upstream: 192857, Downstream: 187224
Track Vector Size -- Upstream: 7024, Downstream: 6629

Average Distance Square: -nan
-------------------------------------------------------------------TuTungsten # 9

Total Size: 0, Non-Proton Size: 0

Segment Vector Size -- Upstream: 187224, Downstream: 82927
Track Vector Size -- Upstream: 6629, Downstream: 2789

Average Distance Square: -nan
--------------------------------------------------------------------
