Slope X Sigma: 0.00042
----------------------------------
Tungsten # 0

Total Size: 0, Non-Proton Size: 0

Segment Vector Size -- Upstream: 7517, Downstream: 221055
Track Vector Size -- Upstream: 7517, Downstream: 7488

Average Distance Square: -nan
--------------------------------------------------------------------
Tungsten # 1

Total Size: 35687, Non-Proton Size: 35687

Segment Vector Size -- Upstream: 35687, Downstream: 210769
Track Vector Size -- Upstream: 7238, Downstream: 7189

Average Distance Square: 18834.6
--------------------------------------------------------------------
Tungsten # 2

Total Size: 37218, Non-Proton Size: 37218

Segment Vector Size -- Upstream: 37218, Downstream: 219472
Track Vector Size -- Upstream: 7587, Downstream: 7502

Average Distance Square: 18846.7
--------------------------------------------------------------------
Tungsten # 3

Total Size: 36529, Non-Proton Size: 36529

Segment Vector Size -- Upstream: 36529, Downstream: 214323
Track Vector Size -- Upstream: 7469, Downstream: 7368

Average Distance Square: 21162.2
--------------------------------------------------------------------
Tungsten # 4

Total Size: 35619, Non-Proton Size: 35619

Segment Vector Size -- Upstream: 35619, Downstream: 207830
Track Vector Size -- Upstream: 7303, Downstream: 7190

Average Distance Square: 19852
--------------------------------------------------------------------
Tungsten # 5

Total Size: 34619, Non-Proton Size: 34619

Segment Vector Size -- Upstream: 34619, Downstream: 200140
Track Vector Size -- Upstream: 7118, Downstream: 6981

Average Distance Square: 18789.3
-------------------------------------------------------------------TuTungsten # 6

Total Size: 33466, Non-Proton Size: 33466

Segment Vector Size -- Upstream: 33466, Downstream: 191696
Track Vector Size -- Upstream: 6925, Downstream: 6782

Average Distance Square: 18254.2
-------------------------------------------------------------------TuTungsten # 7

Total Size: 32252, Non-Proton Size: 32252

Segment Vector Size -- Upstream: 32252, Downstream: 180299
Track Vector Size -- Upstream: 6733, Downstream: 6519

Average Distance Square: 21908.5
-------------------------------------------------------------------TuTungsten # 8

Total Size: 0, Non-Proton Size: 0

Segment Vector Size -- Upstream: 180299, Downstream: 175488
Track Vector Size -- Upstream: 6519, Downstream: 6180

Average Distance Square: -nan
-------------------------------------------------------------------TuTungsten # 9

Total Size: 0, Non-Proton Size: 0

Segment Vector Size -- Upstream: 175488, Downstream: 83142
Track Vector Size -- Upstream: 6180, Downstream: 2781

Average Distance Square: -nan
--------------------------------------------------------------------
-
