Slope X Sigma: 0.00042
----------------------------------
Tungsten # 0

Total Size: 0, Non-Proton Size: 0

Segment Vector Size -- Upstream: 7174, Downstream: 210523
Track Vector Size -- Upstream: 7174, Downstream: 7152

Average Distance Square: -nan
--------------------------------------------------------------------
Tungsten # 1

Total Size: 35047, Non-Proton Size: 35047

Segment Vector Size -- Upstream: 35047, Downstream: 207667
Track Vector Size -- Upstream: 7166, Downstream: 7085

Average Distance Square: 15127.5
--------------------------------------------------------------------
Tungsten # 2

Total Size: 34712, Non-Proton Size: 34712

Segment Vector Size -- Upstream: 34712, Downstream: 204364
Track Vector Size -- Upstream: 7080, Downstream: 6993

Average Distance Square: 17768.4
-------------------------------------------------------------------TuTungsten # 3

Total Size: 34290, Non-Proton Size: 34290

Segment Vector Size -- Upstream: 34290, Downstream: 199888
Track Vector Size -- Upstream: 6988, Downstream: 6879

Average Distance Square: 19402.5
-----------------------------------------------------------------TungTungsten # 4

Total Size: 33514, Non-Proton Size: 33514

Segment Vector Size -- Upstream: 33514, Downstream: 195198
Track Vector Size -- Upstream: 6868, Downstream: 6762

Average Distance Square: 20241
-----------------------------------------------------------------TungTungsten # 5

Total Size: 32603, Non-Proton Size: 32603

Segment Vector Size -- Upstream: 32603, Downstream: 189118
Track Vector Size -- Upstream: 6719, Downstream: 6602

Average Distance Square: 17959.7
-----------------------------------------------------------------TungTungsten # 6

Total Size: 31594, Non-Proton Size: 31594

Segment Vector Size -- Upstream: 31594, Downstream: 180398
Track Vector Size -- Upstream: 6557, Downstream: 6395

Average Distance Square: 20694
-------------------------------------------------------------------TuTungsten # 7

Total Size: 30355, Non-Proton Size: 30355

Segment Vector Size -- Upstream: 30355, Downstream: 170255
Track Vector Size -- Upstream: 6326, Downstream: 6140

Average Distance Square: 22295.7
--------------------------------------------------------------------
Tungsten # 8

Total Size: 0, Non-Proton Size: 0

Segment Vector Size -- Upstream: 170255, Downstream: 165836
Track Vector Size -- Upstream: 6140, Downstream: 5822

Average Distance Square: -nan
--------------------------------------------------------------------
Tungsten # 9

Total Size: 0, Non-Proton Size: 0

Segment Vector Size -- Upstream: 165836, Downstream: 78236
Track Vector Size -- Upstream: 5822, Downstream: 2612

Average Distance Square: -nan
--------------------------------------------------------------------
---
