Slope X Sigma: 0.00033
----------------------------------
Tungsten # 0

Total Size: 9707, Non-Proton Size: 5

Segment Vector Size -- Upstream: 9707, Downstream: 278443
Track Vector Size -- Upstream: 9707, Downstream: 9688

Average Distance Square: 0
--------------------------------------------------------------------
Tungsten # 1

Total Size: 47218, Non-Proton Size: 521

Segment Vector Size -- Upstream: 47218, Downstream: 279328
Track Vector Size -- Upstream: 9899, Downstream: 9774

Average Distance Square: 12.2342
--------------------------------------------------------------------
Tungsten # 2

Total Size: 46555, Non-Proton Size: 1088

Segment Vector Size -- Upstream: 46555, Downstream: 275460
Track Vector Size -- Upstream: 9788, Downstream: 9695

Average Distance Square: 54.5987
--------------------------------------------------------------------TTungsten # 3

Total Size: 45803, Non-Proton Size: 1502

Segment Vector Size -- Upstream: 45803, Downstream: 271044
Track Vector Size -- Upstream: 9692, Downstream: 9584

Average Distance Square: 97.4703
--------------------------------------------------------------------Tungsten # 4

Total Size: 45080, Non-Proton Size: 2072

Segment Vector Size -- Upstream: 45080, Downstream: 265319
Track Vector Size -- Upstream: 9562, Downstream: 9464

Average Distance Square: 153.707
--------------------------------------------------------------------
Tungsten # 5

Total Size: 44072, Non-Proton Size: 2643

Segment Vector Size -- Upstream: 44072, Downstream: 258905
Track Vector Size -- Upstream: 9404, Downstream: 9304

Average Distance Square: 192.848
--------------------------------------------------------------------
Tungsten # 6

Total Size: 43031, Non-Proton Size: 3136

Segment Vector Size -- Upstream: 43031, Downstream: 250666
Track Vector Size -- Upstream: 9210, Downstream: 9083

Average Distance Square: 250.877
--------------------------------------------------------------------
Tungsten # 7

Total Size: 41477, Non-Proton Size: 3484

Segment Vector Size -- Upstream: 41477, Downstream: 259681
Track Vector Size -- Upstream: 8974, Downstream: 8831

Average Distance Square: 304.358
--------------------------------------------------------------------
Tungsten # 8

Total Size: 0, Non-Proton Size: 0

Segment Vector Size -- Upstream: 259681, Downstream: 258136
Track Vector Size -- Upstream: 8831, Downstream: 8724

Average Distance Square: -nan
--------------------------------------------------------------------
Tungsten # 9

Total Size: 0, Non-Proton Size: 0

Segment Vector Size -- Upstream: 258136, Downstream: 251238
Track Vector Size -- Upstream: 8724, Downstream: 8528

Average Distance Square: -nan
--------------------------------------------------------------------
