Slope X Sigma: 0.00042
----------------------------------
Tungsten # 0

Total Size: 0, Non-Proton Size: 0

Segment Vector Size -- Upstream: 6866, Downstream: 200681
Track Vector Size -- Upstream: 6866, Downstream: 6834

Average Distance Square: -nan
--------------------------------------------------------------------
Tungsten # 1

Total Size: 38014, Non-Proton Size: 38014

Segment Vector Size -- Upstream: 38014, Downstream: 223750
Track Vector Size -- Upstream: 7734, Downstream: 7650

Average Distance Square: 16906.4
--------------------------------------------------------------------
Tungsten # 2

Total Size: 37320, Non-Proton Size: 37320

Segment Vector Size -- Upstream: 37320, Downstream: 218854
Track Vector Size -- Upstream: 7623, Downstream: 7531

Average Distance Square: 20417.9
-------------------------------------------------------------------TuTungsten # 3

Total Size: 36696, Non-Proton Size: 36696

Segment Vector Size -- Upstream: 36696, Downstream: 213169
Track Vector Size -- Upstream: 7496, Downstream: 7371

Average Distance Square: 20519.6
-------------------------------------------------------------------TuTungsten # 4

Total Size: 35614, Non-Proton Size: 35614

Segment Vector Size -- Upstream: 35614, Downstream: 206145
Track Vector Size -- Upstream: 7318, Downstream: 7208

Average Distance Square: 21347.4
-------------------------------------------------------------------TuTungsten # 5

Total Size: 34594, Non-Proton Size: 34594

Segment Vector Size -- Upstream: 34594, Downstream: 197737
Track Vector Size -- Upstream: 7162, Downstream: 6997

Average Distance Square: 17050.8
--------------------------------------------------------------------
Tungsten # 6

Total Size: 33050, Non-Proton Size: 33050

Segment Vector Size -- Upstream: 33050, Downstream: 188186
Track Vector Size -- Upstream: 6944, Downstream: 6777

Average Distance Square: 16575.3
--------------------------------------------------------------------
Tungsten # 7

Total Size: 31777, Non-Proton Size: 31777

Segment Vector Size -- Upstream: 31777, Downstream: 174367
Track Vector Size -- Upstream: 6680, Downstream: 6457

Average Distance Square: 18394.9
--------------------------------------------------------------------
Tungsten # 8

Total Size: 0, Non-Proton Size: 0

Segment Vector Size -- Upstream: 174367, Downstream: 167470
Track Vector Size -- Upstream: 6457, Downstream: 5983

Average Distance Square: -nan
--------------------------------------------------------------------
Tungsten # 9

Total Size: 0, Non-Proton Size: 0

Segment Vector Size -- Upstream: 167470, Downstream: 70792
Track Vector Size -- Upstream: 5983, Downstream: 2382

Average Distance Square: -nan
--------------------------------------------------------------------
