Slope X Sigma: 0.00033
----------------------------------
Tungsten # 0

Total Size: 10706, Non-Proton Size: 8

Segment Vector Size -- Upstream: 10706, Downstream: 312087
Track Vector Size -- Upstream: 10706, Downstream: 10677

Average Distance Square: 0
--------------------------------------------------------------------
Tungsten # 1

Total Size: 52368, Non-Proton Size: 458

Segment Vector Size -- Upstream: 52368, Downstream: 310936
Track Vector Size -- Upstream: 10775, Downstream: 10654

Average Distance Square: 10.0599
--------------------------------------------------------------------
Tungsten # 2

Total Size: 51923, Non-Proton Size: 924

Segment Vector Size -- Upstream: 51923, Downstream: 307435
Track Vector Size -- Upstream: 10702, Downstream: 10577

Average Distance Square: 40.8968
--------------------------------------------------------------------
Tungsten # 3

Total Size: 51086, Non-Proton Size: 1486

Segment Vector Size -- Upstream: 51086, Downstream: 302248
Track Vector Size -- Upstream: 10571, Downstream: 10460

Average Distance Square: 87.6658
--------------------------------------------------------------------
Tungsten # 4

Total Size: 50314, Non-Proton Size: 1998

Segment Vector Size -- Upstream: 50314, Downstream: 297009
Track Vector Size -- Upstream: 10450, Downstream: 10340

Average Distance Square: 126.638
--------------------------------------------------------------------
Tungsten # 5

Total Size: 49494, Non-Proton Size: 2455

Segment Vector Size -- Upstream: 49494, Downstream: 291589
Track Vector Size -- Upstream: 10338, Downstream: 10205

Average Distance Square: 166.777
--------------------------------------------------------------------TTungsten # 6

Total Size: 48507, Non-Proton Size: 2872

Segment Vector Size -- Upstream: 48507, Downstream: 284523
Track Vector Size -- Upstream: 10172, Downstream: 10042

Average Distance Square: 220.501
------------------------------------------------------------------TuTTungsten # 7

Total Size: 47537, Non-Proton Size: 3178

Segment Vector Size -- Upstream: 47537, Downstream: 187559
Track Vector Size -- Upstream: 10029, Downstream: 9879

Average Distance Square: 251.19
------------------------------------------------------------------TuTungsten # 8

Total Size: 0, Non-Proton Size: 0

Segment Vector Size -- Upstream: 185120, Downstream: 83769
Track Vector Size -- Upstream: 9746, Downstream: 4191

Average Distance Square: -nan
-------------------------------------------------------------------TuTTungsten # 9

Total Size: 0, Non-Proton Size: 0

Segment Vector Size -- Upstream: 84810, Downstream: 0
Track Vector Size -- Upstream: 4244, Downstream: 0

Average Distance Square: -nan
--------------------------------------------------------------------

