Slope X Sigma: 0.00042
----------------------------------
Tungsten # 0

Total Size: 0, Non-Proton Size: 0

Segment Vector Size -- Upstream: 6560, Downstream: 192524
Track Vector Size -- Upstream: 6560, Downstream: 6538

Average Distance Square: -nan
--------------------------------------------------------------------
Tungsten # 1

Total Size: 32012, Non-Proton Size: 32012

Segment Vector Size -- Upstream: 32012, Downstream: 188872
Track Vector Size -- Upstream: 6517, Downstream: 6441

Average Distance Square: 15572.9
--------------------------------------------------------------------
Tungsten # 2

Total Size: 31355, Non-Proton Size: 31355

Segment Vector Size -- Upstream: 31355, Downstream: 183945
Track Vector Size -- Upstream: 6388, Downstream: 6310

Average Distance Square: 18354.2
--------------------------------------------------------------------
Tungsten # 3

Total Size: 30705, Non-Proton Size: 30705

Segment Vector Size -- Upstream: 30705, Downstream: 178928
Track Vector Size -- Upstream: 6247, Downstream: 6167

Average Distance Square: 18809.4
--------------------------------------------------------------------
Tungsten # 4

Total Size: 29872, Non-Proton Size: 29872

Segment Vector Size -- Upstream: 29872, Downstream: 174155
Track Vector Size -- Upstream: 6137, Downstream: 6049

Average Distance Square: 20115.1
--------------------------------------------------------------------
Tungsten # 5

Total Size: 29083, Non-Proton Size: 29083

Segment Vector Size -- Upstream: 29083, Downstream: 166253
Track Vector Size -- Upstream: 5996, Downstream: 5862

Average Distance Square: 17715.7
--------------------------------------------------------------------
Tungsten # 6

Total Size: 27972, Non-Proton Size: 27972

Segment Vector Size -- Upstream: 27972, Downstream: 157027
Track Vector Size -- Upstream: 5786, Downstream: 5645

Average Distance Square: 20163.3
--------------------------------------------------------------------
Tungsten # 7

Total Size: 25920, Non-Proton Size: 25920

Segment Vector Size -- Upstream: 25920, Downstream: 146047
Track Vector Size -- Upstream: 5513, Downstream: 5325

Average Distance Square: 20177.6
--------------------------------------------------------------------
Tungsten # 8

Total Size: 0, Non-Proton Size: 0

Segment Vector Size -- Upstream: 146047, Downstream: 141592
Track Vector Size -- Upstream: 5325, Downstream: 5011

Average Distance Square: -nan
--------------------------------------------------------------------
Tungsten # 9

Total Size: 0, Non-Proton Size: 0

Segment Vector Size -- Upstream: 141592, Downstream: 63486
Track Vector Size -- Upstream: 5011, Downstream: 2132

Average Distance Square: -nan
--------------------------------------------------------------------
