Slope X Sigma: 0.00033
----------------------------------
Tungsten # 0

Total Size: 9839, Non-Proton Size: 5

Segment Vector Size -- Upstream: 9839, Downstream: 282376
Track Vector Size -- Upstream: 9839, Downstream: 9808

Average Distance Square: 0
--------------------------------------------------------------------
Tungsten # 1

Total Size: 46966, Non-Proton Size: 377

Segment Vector Size -- Upstream: 46966, Downstream: 278718
Track Vector Size -- Upstream: 9832, Downstream: 9723

Average Distance Square: 10.4642
--------------------------------------------------------------------
Tungsten # 2

Total Size: 46425, Non-Proton Size: 822

Segment Vector Size -- Upstream: 46425, Downstream: 274998
Track Vector Size -- Upstream: 9731, Downstream: 9624

Average Distance Square: 42.4896
--------------------------------------------------------------------
Tungsten # 3

Total Size: 45732, Non-Proton Size: 1264

Segment Vector Size -- Upstream: 45732, Downstream: 270972
Track Vector Size -- Upstream: 9603, Downstream: 9517

Average Distance Square: 75.2743
--------------------------------------------------------------------
Tungsten # 4

Total Size: 45098, Non-Proton Size: 1515

Segment Vector Size -- Upstream: 45098, Downstream: 266253
Track Vector Size -- Upstream: 9523, Downstream: 9419

Average Distance Square: 97.7473
--------------------------------------------------------------------TTungsten # 5

Total Size: 44189, Non-Proton Size: 1967

Segment Vector Size -- Upstream: 44189, Downstream: 260138
Track Vector Size -- Upstream: 9361, Downstream: 9268

Average Distance Square: 131.391
--------------------------------------------------------------------Tungsten # 6

Total Size: 42628, Non-Proton Size: 2324

Segment Vector Size -- Upstream: 42628, Downstream: 251338
Track Vector Size -- Upstream: 9084, Downstream: 8987

Average Distance Square: 170.852
--------------------------------------------------------------------TTungsten # 7

Total Size: 41553, Non-Proton Size: 2658

Segment Vector Size -- Upstream: 41553, Downstream: 259519
Track Vector Size -- Upstream: 8900, Downstream: 8797

Average Distance Square: 210.826
--------------------------------------------------------------------
Tungsten # 8

Total Size: 0, Non-Proton Size: 0

Segment Vector Size -- Upstream: 259519, Downstream: 258160
Track Vector Size -- Upstream: 8797, Downstream: 8698

Average Distance Square: -nan
--------------------------------------------------------------------
Tungsten # 9

Total Size: 0, Non-Proton Size: 0

Segment Vector Size -- Upstream: 258160, Downstream: 252799
Track Vector Size -- Upstream: 8698, Downstream: 8533

Average Distance Square: -nan
--------------------------------------------------------------------

