Slope X Sigma: 0.00033
----------------------------------
Tungsten # 0

Total Size: 10648, Non-Proton Size: 2

Segment Vector Size -- Upstream: 10648, Downstream: 311481
Track Vector Size -- Upstream: 10648, Downstream: 10626

Average Distance Square: 0
--------------------------------------------------------------------
Tungsten # 1

Total Size: 53029, Non-Proton Size: 436

Segment Vector Size -- Upstream: 53029, Downstream: 314624
Track Vector Size -- Upstream: 10907, Downstream: 10779

Average Distance Square: 10.491
--------------------------------------------------------------------
Tungsten # 2

Total Size: 52379, Non-Proton Size: 941

Segment Vector Size -- Upstream: 52379, Downstream: 310891
Track Vector Size -- Upstream: 10785, Downstream: 10688

Average Distance Square: 41.0423
--------------------------------------------------------------------
TuTungsten # 3

Total Size: 51299, Non-Proton Size: 1548

Segment Vector Size -- Upstream: 51299, Downstream: 303033
Track Vector Size -- Upstream: 10618, Downstream: 10490

Average Distance Square: 72.4766
-------------------------------------------------------------------Tungsten # 4

Total Size: 50953, Non-Proton Size: 1936

Segment Vector Size -- Upstream: 50953, Downstream: 301225
Track Vector Size -- Upstream: 10580, Downstream: 10471

Average Distance Square: 112.461
--------------------------------------------------------------------TTungsten # 5

Total Size: 50048, Non-Proton Size: 2388

Segment Vector Size -- Upstream: 50048, Downstream: 294840
Track Vector Size -- Upstream: 10442, Downstream: 10305

Average Distance Square: 151.785
--------------------------------------------------------------------TTungsten # 6

Total Size: 49059, Non-Proton Size: 2802

Segment Vector Size -- Upstream: 49059, Downstream: 287841
Track Vector Size -- Upstream: 10277, Downstream: 10136

Average Distance Square: 197.548
-------------------------------------------------------------------TuTungsten # 7

Total Size: 48053, Non-Proton Size: 3223

Segment Vector Size -- Upstream: 48053, Downstream: 189885
Track Vector Size -- Upstream: 10121, Downstream: 9992

Average Distance Square: 233.164
------------------------------------------------------------------TunTungsten # 8

Total Size: 0, Non-Proton Size: 0

Segment Vector Size -- Upstream: 189885, Downstream: 86750
Track Vector Size -- Upstream: 9992, Downstream: 4344

Average Distance Square: -nan
------------------------------------------------------------------TunTungsten # 9

Total Size: 0, Non-Proton Size: 0

Segment Vector Size -- Upstream: 86750, Downstream: 0
Track Vector Size -- Upstream: 4344, Downstream: 0

Average Distance Square: -nan
--------------------------------------------------------------------

