Slope X Sigma: 0.00033
----------------------------------
Tungsten # 0

Total Size: 10684, Non-Proton Size: 6

Segment Vector Size -- Upstream: 10684, Downstream: 312548
Track Vector Size -- Upstream: 10684, Downstream: 10661

Average Distance Square: 0
--------------------------------------------------------------------
Tungsten # 1

Total Size: 52000, Non-Proton Size: 495

Segment Vector Size -- Upstream: 52000, Downstream: 309104
Track Vector Size -- Upstream: 10689, Downstream: 10580

Average Distance Square: 10.1047
--------------------------------------------------------------------TTungsten # 2

Total Size: 51605, Non-Proton Size: 868

Segment Vector Size -- Upstream: 51605, Downstream: 305502
Track Vector Size -- Upstream: 10623, Downstream: 10502

Average Distance Square: 38.0283
--------------------------------------------------------------------TTungsten # 3

Total Size: 50910, Non-Proton Size: 1365

Segment Vector Size -- Upstream: 50910, Downstream: 301474
Track Vector Size -- Upstream: 10522, Downstream: 10415

Average Distance Square: 80.6758
--------------------------------------------------------------------TTungsten # 4

Total Size: 50207, Non-Proton Size: 1790

Segment Vector Size -- Upstream: 50207, Downstream: 296444
Track Vector Size -- Upstream: 10404, Downstream: 10302

Average Distance Square: 110.91
--------------------------------------------------------------------
Tungsten # 5

Total Size: 49401, Non-Proton Size: 2242

Segment Vector Size -- Upstream: 49401, Downstream: 290717
Track Vector Size -- Upstream: 10283, Downstream: 10159

Average Distance Square: 140.658
--------------------------------------------------------------------
TTungsten # 6

Total Size: 47145, Non-Proton Size: 3014

Segment Vector Size -- Upstream: 47145, Downstream: 276777
Track Vector Size -- Upstream: 9878, Downstream: 9746

Average Distance Square: 234.088
--------------------------------------------------------------------
Tungsten # 7

Total Size: 47400, Non-Proton Size: 2921

Segment Vector Size -- Upstream: 47400, Downstream: 187153
Track Vector Size -- Upstream: 9966, Downstream: 9834

Average Distance Square: 201.628
--------------------------------------------------------------------
Tungsten # 8

Total Size: 0, Non-Proton Size: 0

Segment Vector Size -- Upstream: 187153, Downstream: 86483
Track Vector Size -- Upstream: 9834, Downstream: 4333

Average Distance Square: -nan
--------------------------------------------------------------------
Tungsten # 9

Total Size: 0, Non-Proton Size: 0

Segment Vector Size -- Upstream: 85466, Downstream: 0
Track Vector Size -- Upstream: 4277, Downstream: 0

Average Distance Square: -nan
--------------------------------------------------------------------
----
